Running on host compute203.bc4.acrc.priv
Time is Thu Aug 26 02:07:14 BST 2021
Directory is /mnt/storage/scratch/um20242/VSFA-master/code
Slurm job ID is 4730677
This jobs runs on the following machines:
compute[203,504]
/mnt/storage/home/um20242/.conda/envs/reproducibleresearch/lib/python3.6/site-packages/torch/cuda/__init__.py:52: UserWarning: CUDA initialization: Found no NVIDIA driver on your system. Please check that you have an NVIDIA GPU and installed a driver from http://www.nvidia.com/Download/index.aspx (Triggered internally at  /opt/conda/conda-bld/pytorch_1607370116979/work/c10/cuda/CUDAFunctions.cpp:100.)
  return torch._C._cuda_getDeviceCount() > 0
.................
RGB
HDR_1080P-69de.mkv
Video 0: length 480
HDR_1080P-6eb7.mkv
Video 1: length 1200
HDR_1080P-7825.mkv
Video 2: length 479
HowTo_1080P-0267.mkv
Video 3: length 600
HowTo_1080P-03fd.mkv
Video 4: length 600
HowTo_1080P-13aa.mkv
Video 5: length 479
HowTo_1080P-1f3b.mkv
Video 6: length 600
HowTo_1080P-36a9.mkv
Video 7: length 594
HowTo_1080P-4d7b.mkv
Video 8: length 599
HowTo_1080P-52bb.mkv
Video 9: length 300
HowTo_1080P-55d1.mkv
Video 10: length 599
HowTo_1080P-63e4.mkv
Video 11: length 600
HowTo_1080P-63ec.mkv
Video 12: length 599
HowTo_1080P-64f7.mkv
Video 13: length 500
HowTo_1080P-6cbf.mkv
Video 14: length 599
HowTo_1080P-7399.mkv
Video 15: length 600
HowTo_1080P-763c.mkv
Video 16: length 1199
HowTo_1080P-7cf2.mkv
Video 17: length 598
HowTo_1080P-7f18.mkv
Video 18: length 600
HowTo_1080P-7f4c.mkv
Video 19: length 599
Lecture_1080P-011f.mkv
Video 20: length 499
Lecture_1080P-0201.mkv
Video 21: length 600
Lecture_1080P-0c8a.mkv
Video 22: length 480
Lecture_1080P-1709.mkv
Video 23: length 499
Lecture_1080P-1969.mkv
Video 24: length 600


LiveMusic_1080P-14af.mkv
Video 0: length 499
LiveMusic_1080P-157b.mkv
Video 1: length 499
LiveMusic_1080P-1ace.mkv
Video 2: length 499
LiveMusic_1080P-21dd.mkv
Video 3: length 599
LiveMusic_1080P-28fe.mkv
Video 4: length 500
LiveMusic_1080P-2930.mkv
Video 5: length 499
LiveMusic_1080P-2f7f.mkv
Video 6: length 499
LiveMusic_1080P-3549.mkv
Video 7: length 600
LiveMusic_1080P-3f95.mkv
Video 8: length 599
LiveMusic_1080P-51f6.mkv
Video 9: length 499
LiveMusic_1080P-541f.mkv
Video 10: length 599
LiveMusic_1080P-59b3.mkv
Video 11: length 600
LiveMusic_1080P-6bbe.mkv
Video 12: length 480
LiveMusic_1080P-6d1a.mkv
Video 13: length 600
LiveMusic_1080P-6fe2.mkv
Video 14: length 499
LiveMusic_1080P-77e8.mkv
Video 15: length 599
LiveMusic_1080P-7948.mkv
Video 16: length 600
LiveMusic_1080P-7ead.mkv
Video 17: length 599
LyricVideo_1080P-0075.mkv
Video 18: length 599
LyricVideo_1080P-0625.mkv
Video 19: length 599
LyricVideo_1080P-16b6.mkv
Video 20: length 600
LyricVideo_1080P-1b04.mkv
Video 21: length 600
LyricVideo_1080P-1d75.mkv
Video 22: length 599
LyricVideo_1080P-2946.mkv
Video 23: length 500
LyricVideo_1080P-3803.mkv
Video 24: length 599
LyricVideo_1080P-41ee.mkv
Video 25: length 1000
LyricVideo_1080P-4b40.mkv
Video 26: length 499
LyricVideo_1080P-5461.mkv
Video 27: length 600
LyricVideo_1080P-584f.mkv
Video 28: length 500
LyricVideo_1080P-63d4.mkv
Video 29: length 600
LyricVideo_1080P-63d9.mkv
Video 30: length 499
LyricVideo_1080P-725e.mkv
Video 31: length 600
LyricVideo_1080P-756a.mkv
Video 32: length 599

MusicVideo_1080P-04b6.mkv
Video 0: length 479
MusicVideo_1080P-0706.mkv
Video 1: length 480
MusicVideo_1080P-0860.mkv
Video 2: length 600
MusicVideo_1080P-106d.mkv
Video 3: length 599
MusicVideo_1080P-16e6.mkv
Video 4: length 500
MusicVideo_1080P-18f5.mkv
Video 5: length 500
MusicVideo_1080P-1a53.mkv
Video 6: length 599
MusicVideo_1080P-24f5.mkv
Video 7: length 480
MusicVideo_1080P-2b2b.mkv
Video 8: length 500
MusicVideo_1080P-2d1c.mkv
Video 9: length 600
MusicVideo_1080P-34ff.mkv
Video 10: length 500
MusicVideo_1080P-3a50.mkv
Video 11: length 499
MusicVideo_1080P-453f.mkv
Video 12: length 499
MusicVideo_1080P-4671.mkv
Video 13: length 500
MusicVideo_1080P-5072.mkv
Video 14: length 479
MusicVideo_1080P-55af.mkv
Video 15: length 480
MusicVideo_1080P-6260.mkv
Video 16: length 500
MusicVideo_1080P-65c6.mkv
Video 17: length 500
MusicVideo_1080P-6c1d.mkv
Video 18: length 500
MusicVideo_1080P-6c88.mkv
Video 19: length 600
MusicVideo_1080P-6fb1.mkv
Video 20: length 500
MusicVideo_1080P-7265.mkv
Video 21: length 500
MusicVideo_1080P-7706.mkv
Video 22: length 600
MusicVideo_1080P-7f2e.mkv
Video 23: length 480
NewsClip_1080P-00c3.mkv
Video 24: length 1000
NewsClip_1080P-02fd.mkv
Video 25: length 500
NewsClip_1080P-06df.mkv
Video 26: length 499
NewsClip_1080P-0abf.mkv
Video 27: length 599
NewsClip_1080P-1db0.mkv
Video 28: length 500
NewsClip_1080P-22b3.mkv
Video 29: length 500
NewsClip_1080P-27fb.mkv
Video 30: length 500
NewsClip_1080P-2eb0.mkv
Video 31: length 600
NewsClip_1080P-3427.mkv
Video 32: length 500
NewsClip_1080P-3c7c.mkv
Video 33: length 499
NewsClip_1080P-4241.mkv
Video 34: length 500
NewsClip_1080P-48ae.mkv
Video 35: length 599
NewsClip_1080P-5b53.mkv
Video 36: length 1199
NewsClip_1080P-5be1.mkv
Video 37: length 500
NewsClip_1080P-632e.mkv
Video 38: length 600
NewsClip_1080P-67dc.mkv
Video 39: length 499
NewsClip_1080P-7816.mkv
Video 40: length 499

Sports_1080P-0063.mkv
Video 0: length 500
Sports_1080P-0640.mkv
Video 1: length 599
Sports_1080P-08e1.mkv
Video 2: length 500
Sports_1080P-0d0c.mkv
Video 3: length 1200
Sports_1080P-15d1.mkv
Video 4: length 599
Sports_1080P-19d8.mkv
Video 5: length 600
Sports_1080P-1ae3.mkv
Video 6: length 599
Sports_1080P-1bf7.mkv
Video 7: length 599
Sports_1080P-1d78.mkv
Video 8: length 599
Sports_1080P-241e.mkv
Video 9: length 599
Sports_1080P-2524.mkv
Video 10: length 1198
Sports_1080P-28a6.mkv
Video 11: length 600
Sports_1080P-2a21.mkv
Video 12: length 599
Sports_1080P-3a3b.mkv
Video 13: length 499
Sports_1080P-3db7.mkv
Video 14: length 500
Sports_1080P-3eb0.mkv
Video 15: length 499
Sports_1080P-43e2.mkv
Video 16: length 599
Sports_1080P-46ed.mkv
Video 17: length 500
Sports_1080P-47e9.mkv
Video 18: length 500
Sports_1080P-49c5.mkv
Video 19: length 600
Sports_1080P-4e05.mkv
Video 20: length 500
Sports_1080P-53a0.mkv
Video 21: length 600
Sports_1080P-5d25.mkv
Video 22: length 599
Sports_1080P-6571.mkv
Video 23: length 599
Sports_1080P-6710.mkv
Video 24: length 500
Sports_1080P-679d.mkv
Video 25: length 600
Sports_1080P-7203.mkv
Video 26: length 601
Sports_1080P-7584.mkv
Video 27: length 499
Sports_1080P-76a2.mkv
Video 28: length 1199
Sports_1080P-7dba.mkv
Video 29: length 500
TelevisionClip_1080P-0604.mkv
Video 30: length 500
TelevisionClip_1080P-3758.mkv
Video 31: length 600
TelevisionClip_1080P-39e3.mkv
Video 32: length 500
TelevisionClip_1080P-3b9b.mkv
Video 33: length 600
TelevisionClip_1080P-3d10.mkv
Video 34: length 600
TelevisionClip_1080P-3d83.mkv
Video 35: length 333
TelevisionClip_1080P-3e42.mkv
Video 36: length 600
TelevisionClip_1080P-401e.mkv
Video 37: length 499
TelevisionClip_1080P-4c24.mkv
Video 38: length 479
TelevisionClip_1080P-525d.mkv
Video 39: length 599
TelevisionClip_1080P-5278.mkv
Video 40: length 493
TelevisionClip_1080P-5e68.mkv
Video 41: length 600
TelevisionClip_1080P-6026.mkv
Video 42: length 499
TelevisionClip_1080P-6282.mkv
Video 43: length 600
TelevisionClip_1080P-63e6.mkv
Video 44: length 600
TelevisionClip_1080P-68c6.mkv
Video 45: length 499

VerticalVideo_1080P-04d4.mkv
Video 0: length 599
VerticalVideo_1080P-1105.mkv
Video 1: length 600
VerticalVideo_1080P-1ac1.mkv
Video 2: length 600
VerticalVideo_1080P-1c86.mkv
Video 3: length 599
VerticalVideo_1080P-2195.mkv
Video 4: length 600
VerticalVideo_1080P-2f00.mkv
Video 5: length 600
VerticalVideo_1080P-34ba.mkv
Video 6: length 580
VerticalVideo_1080P-360f.mkv
Video 7: length 715
VerticalVideo_1080P-3709.mkv
Video 8: length 600
VerticalVideo_1080P-3a9b.mkv
Video 9: length 958
VerticalVideo_1080P-3d96.mkv
Video 10: length 300
VerticalVideo_1080P-4591.mkv
Video 11: length 591
VerticalVideo_1080P-4925.mkv
Video 12: length 600
VerticalVideo_1080P-4b92.mkv
Video 13: length 600
VerticalVideo_1080P-4da5.mkv

Vlog_1080P-19bb.mkv
Video 0: length 600
Vlog_1080P-1a53.mkv
Video 1: length 1198
Vlog_1080P-1df9.mkv
Video 2: length 1200
Vlog_1080P-1e70.mkv
Video 3: length 600
Vlog_1080P-1f0a.mkv
Video 4: length 479
Vlog_1080P-21f5.mkv
Video 5: length 600
Vlog_1080P-2394.mkv
Video 6: length 480
Vlog_1080P-23cb.mkv
Video 7: length 600
Vlog_1080P-25de.mkv
Video 8: length 999
Vlog_1080P-2600.mkv
Video 9: length 599
Vlog_1080P-26dc.mkv
Video 10: length 600
Vlog_1080P-2cda.mkv
Video 11: length 500
Vlog_1080P-34cb.mkv
Video 12: length 1198
Vlog_1080P-35cd.mkv
Video 13: length 600
Vlog_1080P-3744.mkv
Video 14: length 1000
Vlog_1080P-45c9.mkv
Video 15: length 479
Vlog_1080P-4ba9.mkv
Video 16: length 480
Vlog_1080P-4f26.mkv
Video 17: length 500
Vlog_1080P-52fe.mkv
Video 18: length 500
Vlog_1080P-5904.mkv
Video 19: length 1200
Vlog_1080P-5f28.mkv
Video 20: length 1199
Vlog_1080P-62fc.mkv
Video 21: length 1200
Vlog_1080P-64b6.mkv
Video 22: length 1200
Vlog_1080P-6686.mkv
Video 23: length 1199
Vlog_1080P-687a.mkv
Video 24: length 599
Vlog_1080P-7062.mkv
Video 25: length 499
Vlog_1080P-7e8c.mkv
Video 26: length 600

