Running on host gpu03.bc4.acrc.priv
Time is Fri Aug 20 21:39:29 BST 2021
Directory is /mnt/storage/scratch/um20242/VSFA-master/code
Slurm job ID is 4681570
This jobs runs on the following machines:
gpu[03,05,08,15]
.................
RGB
Animation_360P-08c9.mkv
Video 0: length 600
Animation_360P-188f.mkv
Video 1: length 599
Animation_360P-24d4.mkv
Video 2: length 479
Animation_360P-3e40.mkv
Video 3: length 600
Animation_360P-3e52.mkv
Video 4: length 599
Animation_360P-47cc.mkv
Video 5: length 600
Animation_360P-4b4c.mkv
Video 6: length 599
Animation_360P-4edc.mkv
Video 7: length 599
Animation_360P-5712.mkv
Video 8: length 600
Animation_360P-5de0.mkv
Video 9: length 600
Animation_360P-631c.mkv
Video 10: length 300
Animation_360P-69e0.mkv
Video 11: length 600
Animation_360P-7856.mkv
Video 12: length 600
Animation_360P-794f.mkv
Video 13: length 600
CoverSong_360P-0a9d.mkv
Video 14: length 175
CoverSong_360P-0aa2.mkv
Video 15: length 600
CoverSong_360P-11f9.mkv
Video 16: length 298
CoverSong_360P-13d2.mkv
Video 17: length 500
CoverSong_360P-14b9.mkv
Video 18: length 600
CoverSong_360P-1b2b.mkv
Video 19: length 600
CoverSong_360P-2146.mkv
Video 20: length 299
CoverSong_360P-2b4d.mkv
Video 21: length 600
CoverSong_360P-3218.mkv
Video 22: length 420
CoverSong_360P-4add.mkv
Video 23: length 599
CoverSong_360P-53a6.mkv
Video 24: length 600
CoverSong_360P-59d1.mkv
Video 25: length 600
CoverSong_360P-5a24.mkv
Video 26: length 599
CoverSong_360P-5d20.mkv
Video 27: length 600
CoverSong_360P-67ec.mkv
Video 28: length 599
CoverSong_360P-69ef.mkv
Video 29: length 600
CoverSong_360P-6d6a.mkv
Video 30: length 291
CoverSong_360P-6da7.mkv
Video 31: length 600
Gaming_360P-043e.mkv
Video 32: length 600
Gaming_360P-0b98.mkv
Video 33: length 599
Gaming_360P-187a.mkv
Video 34: length 599
Gaming_360P-215f.mkv
Video 35: length 599
Gaming_360P-2164.mkv
Video 36: length 500
Gaming_360P-21d2.mkv
Video 37: length 500
Gaming_360P-2330.mkv
Video 38: length 599
Gaming_360P-279f.mkv
Video 39: length 600
Gaming_360P-2f99.mkv
Video 40: length 909
Gaming_360P-3794.mkv
Video 41: length 460
Gaming_360P-3eb6.mkv
Video 42: length 1196
Gaming_360P-48b0.mkv
Video 43: length 474
Gaming_360P-4f09.mkv
Video 44: length 600
Gaming_360P-56fe.mkv
Video 45: length 479
Gaming_360P-586d.mkv
Video 46: length 1200
Gaming_360P-5e0f.mkv
Video 47: length 600
Gaming_360P-6207.mkv
Video 48: length 599
Gaming_360P-63e6.mkv
Video 49: length 600
Gaming_360P-73c7.mkv
Video 50: length 480
Gaming_360P-7975.mkv
Video 51: length 600
Gaming_360P-7acb.mkv
Video 52: length 599
HowTo_360P-041c.mkv
Video 53: length 600
HowTo_360P-0562.mkv
Video 54: length 500
HowTo_360P-06be.mkv
Video 55: length 500
HowTo_360P-09f8.mkv
Video 56: length 599
HowTo_360P-127f.mkv
Video 57: length 499
HowTo_360P-1823.mkv
Video 58: length 600
HowTo_360P-18e7.mkv
Video 59: length 299
HowTo_360P-1dba.mkv
Video 60: length 567
HowTo_360P-2074.mkv
Video 61: length 600
HowTo_360P-2a3b.mkv
Video 62: length 300
HowTo_360P-2d35.mkv
Video 63: length 599
HowTo_360P-2fd5.mkv
Video 64: length 378
HowTo_360P-3aa6.mkv
Video 65: length 480
HowTo_360P-4276.mkv
Video 66: length 600
HowTo_360P-4e4c.mkv
Video 67: length 500
HowTo_360P-55e9.mkv
Video 68: length 600
HowTo_360P-5da7.mkv
Video 69: length 599
HowTo_360P-6093.mkv
Video 70: length 500
HowTo_360P-6a0e.mkv
Video 71: length 600
HowTo_360P-7083.mkv
Video 72: length 599
HowTo_360P-7dcd.mkv
Video 73: length 480
HowTo_360P-7fb1.mkv
Video 74: length 600
Lecture_360P-03bc.mkv
Video 75: length 500
Lecture_360P-051a.mkv
Video 76: length 499
Lecture_360P-114f.mkv
Video 77: length 499
Lecture_360P-20c3.mkv
Video 78: length 281
Lecture_360P-2276.mkv
Video 79: length 499
Lecture_360P-27db.mkv
Video 80: length 276
Lecture_360P-2c55.mkv
Video 81: length 600
Lecture_360P-2d1f.mkv
Video 82: length 600
Lecture_360P-30eb.mkv
Video 83: length 600
Lecture_360P-311d.mkv
Video 84: length 499
Lecture_360P-3590.mkv
Video 85: length 599
Lecture_360P-44c2.mkv
Video 86: length 599
Lecture_360P-4bb4.mkv
Video 87: length 500
Lecture_360P-4f00.mkv
Video 88: length 266
Lecture_360P-506c.mkv
Video 89: length 208
Lecture_360P-5594.mkv
Video 90: length 600
Lecture_360P-5779.mkv
Video 91: length 600
Lecture_360P-5aea.mkv
Video 92: length 599
Lecture_360P-5d0a.mkv
Video 93: length 499
Lecture_360P-6656.mkv
Video 94: length 599
Lecture_360P-6d29.mkv
Video 95: length 599
Lecture_360P-7550.mkv
Video 96: length 270
Lecture_360P-7a57.mkv
Video 97: length 599
Lecture_360P-7f7e.mkv
Video 98: length 499
LiveMusic_360P-121f.mkv
Video 99: length 599
LiveMusic_360P-1d94.mkv
Video 100: length 500
LiveMusic_360P-22c5.mkv
Video 101: length 600
LiveMusic_360P-2508.mkv
Video 102: length 600
LiveMusic_360P-265c.mkv
Video 103: length 599
LiveMusic_360P-2b0f.mkv
Video 104: length 499
LiveMusic_360P-3979.mkv
Video 105: length 600
LiveMusic_360P-3b96.mkv
Video 106: length 499
LiveMusic_360P-3be0.mkv
Video 107: length 499
LiveMusic_360P-48d5.mkv
Video 108: length 599
LiveMusic_360P-5281.mkv
Video 109: length 600
LiveMusic_360P-54d0.mkv
Video 110: length 600
LiveMusic_360P-5b57.mkv
Video 111: length 499
LiveMusic_360P-6266.mkv
Video 112: length 599
LiveMusic_360P-6640.mkv
Video 113: length 480
LiveMusic_360P-6a65.mkv
Video 114: length 499
LiveMusic_360P-7483.mkv
Video 115: length 599
LyricVideo_360P-0ac7.mkv
Video 116: length 500
LyricVideo_360P-17ce.mkv
Video 117: length 500
LyricVideo_360P-3afc.mkv
Video 118: length 500
LyricVideo_360P-5868.mkv
Video 119: length 599
LyricVideo_360P-5e87.mkv
Video 120: length 120
MusicVideo_360P-08cb.mkv
Video 121: length 498
MusicVideo_360P-17e4.mkv
Video 122: length 599
MusicVideo_360P-24b0.mkv
Video 123: length 600
MusicVideo_360P-2fcb.mkv
Video 124: length 500
MusicVideo_360P-462f.mkv
Video 125: length 600
MusicVideo_360P-4de7.mkv
Video 126: length 599
MusicVideo_360P-5358.mkv
Video 127: length 599
MusicVideo_360P-5578.mkv
Video 128: length 600
MusicVideo_360P-5699.mkv
Video 129: length 600
MusicVideo_360P-5f07.mkv
Video 130: length 479
MusicVideo_360P-5f8d.mkv
Video 131: length 600
MusicVideo_360P-648c.mkv
Video 132: length 600
MusicVideo_360P-7b94.mkv
Video 133: length 479
NewsClip_360P-0376.mkv
Video 134: length 600
NewsClip_360P-0c17.mkv
Video 135: length 480
NewsClip_360P-0ff8.mkv
Video 136: length 600
NewsClip_360P-1093.mkv
Video 137: length 499
NewsClip_360P-12fc.mkv
Video 138: length 480
NewsClip_360P-1b1c.mkv
Video 139: length 500
NewsClip_360P-1e1c.mkv
Video 140: length 499
NewsClip_360P-1eae.mkv
Video 141: length 600
NewsClip_360P-22ce.mkv
Video 142: length 500
NewsClip_360P-274e.mkv
Video 143: length 499
NewsClip_360P-2986.mkv
Video 144: length 500
NewsClip_360P-2c91.mkv
Video 145: length 500
NewsClip_360P-311a.mkv
Video 146: length 480
NewsClip_360P-3451.mkv
Video 147: length 499
NewsClip_360P-4288.mkv
Video 148: length 500
NewsClip_360P-439a.mkv
Video 149: length 500
NewsClip_360P-4417.mkv
Video 150: length 500
NewsClip_360P-5052.mkv
Video 151: length 600
NewsClip_360P-5752.mkv
Video 152: length 500
NewsClip_360P-5bcc.mkv
Video 153: length 499
NewsClip_360P-5f3b.mkv
Video 154: length 500
NewsClip_360P-66ae.mkv
Video 155: length 499
NewsClip_360P-67ce.mkv
Video 156: length 479
NewsClip_360P-7a96.mkv
Video 157: length 500
Sports_360P-02c3.mkv
Video 158: length 500
Sports_360P-0c66.mkv
Video 159: length 599
Sports_360P-0dda.mkv
Video 160: length 500
Sports_360P-11b7.mkv
Video 161: length 600
Sports_360P-1803.mkv
Video 162: length 600
Sports_360P-1d5c.mkv
Video 163: length 500
Sports_360P-2725.mkv
Video 164: length 599
Sports_360P-27b0.mkv
Video 165: length 601
Sports_360P-2ace.mkv
Video 166: length 500
Sports_360P-2e48.mkv
Video 167: length 500
Sports_360P-301d.mkv
Video 168: length 600
Sports_360P-32d3.mkv
Video 169: length 499
Sports_360P-3960.mkv
Video 170: length 600
Sports_360P-3e68.mkv
Video 171: length 600
Sports_360P-4545.mkv
Video 172: length 500
Sports_360P-4802.mkv
Video 173: length 500
Sports_360P-4ad7.mkv
Video 174: length 499
Sports_360P-50fd.mkv
Video 175: length 599
Sports_360P-5252.mkv
Video 176: length 500
Sports_360P-5ded.mkv
Video 177: length 600
Sports_360P-61f6.mkv
Video 178: length 500
Sports_360P-65f3.mkv
Video 179: length 600
Sports_360P-6b4f.mkv
Video 180: length 500
Sports_360P-6c6f.mkv
Video 181: length 600
Sports_360P-6f62.mkv
Video 182: length 500
Sports_360P-7f50.mkv
Video 183: length 500
TelevisionClip_360P-0951.mkv
Video 184: length 320
TelevisionClip_360P-11d5.mkv
Video 185: length 599
TelevisionClip_360P-29f1.mkv
Video 186: length 599
TelevisionClip_360P-3b9a.mkv
Video 187: length 600
TelevisionClip_360P-74dd.mkv
Video 188: length 599
TelevisionClip_360P-7b23.mkv
Video 189: length 599
VerticalVideo_360P-0d29.mkv
Video 190: length 478
VerticalVideo_360P-1424.mkv
Video 191: length 529
VerticalVideo_360P-145e.mkv
Video 192: length 500
VerticalVideo_360P-2bb0.mkv
Video 193: length 594
VerticalVideo_360P-2fa3.mkv
Video 194: length 580
VerticalVideo_360P-3936.mkv
Video 195: length 599
VerticalVideo_360P-3b4e.mkv
Video 196: length 499
VerticalVideo_360P-42f1.mkv
Video 197: length 599
VerticalVideo_360P-52c1.mkv
Video 198: length 593
VerticalVideo_360P-5429.mkv
Video 199: length 500
VerticalVideo_360P-54f7.mkv
Video 200: length 887
VerticalVideo_360P-579c.mkv
Video 201: length 171
VerticalVideo_360P-634f.mkv
Video 202: length 604
VerticalVideo_360P-6490.mkv
Video 203: length 203
VerticalVideo_360P-694d.mkv
Video 204: length 300
VerticalVideo_360P-6ff2.mkv
Video 205: length 594
VerticalVideo_360P-70a9.mkv
Video 206: length 400
VerticalVideo_360P-7ba8.mkv
Video 207: length 600
VerticalVideo_360P-7ec3.mkv
Video 208: length 600
Vlog_360P-1e5b.mkv
Video 209: length 599
Vlog_360P-22a0.mkv
Video 210: length 599
Vlog_360P-2973.mkv
Video 211: length 599
Vlog_360P-2e9d.mkv
Video 212: length 500
Vlog_360P-3121.mkv
Video 213: length 600
Vlog_360P-3bc2.mkv
Video 214: length 599
Vlog_360P-433e.mkv
Video 215: length 599
Vlog_360P-4697.mkv
Video 216: length 600
Vlog_360P-4795.mkv
Video 217: length 600
Vlog_360P-4ad1.mkv
Video 218: length 599
Vlog_360P-4d71.mkv
Video 219: length 600
Vlog_360P-6279.mkv
Video 220: length 600
Vlog_360P-7334.mkv
Video 221: length 600
Vlog_360P-76ae.mkv
Video 222: length 600
Vlog_360P-7efe.mkv
Video 223: length 600
