Running on host compute451.bc4.acrc.priv
Time is Fri Sep  3 22:58:43 BST 2021
Directory is /mnt/storage/scratch/um20242/VSFA-UGC
Slurm job ID is 4758920
This jobs runs on the following machines:
compute451
/mnt/storage/home/um20242/.conda/envs/reproducibleresearch/lib/python3.6/site-packages/torch/cuda/__init__.py:52: UserWarning: CUDA initialization: Found no NVIDIA driver on your system. Please check that you have an NVIDIA GPU and installed a driver from http://www.nvidia.com/Download/index.aspx (Triggered internally at  /opt/conda/conda-bld/pytorch_1607370116979/work/c10/cuda/CUDAFunctions.cpp:100.)
  return torch._C._cuda_getDeviceCount() > 0
.................
RGB
VerticalVideo_720P-0f61.mkv
Video 0: length 1200
VerticalVideo_720P-19fa.mkv
Video 1: length 599
VerticalVideo_720P-1ada.mkv
Video 2: length 598
VerticalVideo_720P-2efc.mkv
Video 3: length 563
VerticalVideo_720P-3df7.mkv
Video 4: length 599
VerticalVideo_720P-42f2.mkv
Video 5: length 563
VerticalVideo_720P-44de.mkv
Video 6: length 388
VerticalVideo_720P-456c.mkv
Video 7: length 600
VerticalVideo_720P-4730.mkv
Video 8: length 600
VerticalVideo_720P-4ca7.mkv
Video 9: length 1200
VerticalVideo_720P-57eb.mkv
Video 10: length 600
VerticalVideo_720P-6580.mkv
Video 11: length 181
VerticalVideo_720P-665d.mkv
Video 12: length 594
VerticalVideo_720P-669d.mkv
Video 13: length 599
VerticalVideo_720P-6bf7.mkv
Video 14: length 602
VerticalVideo_720P-7517.mkv
Video 15: length 500
VerticalVideo_720P-7859.mkv
Video 16: length 600
VerticalVideo_720P-7c1d.mkv
Video 17: length 657
Vlog_360P-1e5b.mkv
Video 18: length 599
Vlog_360P-22a0.mkv
Video 19: length 599
Vlog_360P-2973.mkv
Video 20: length 599
Vlog_360P-2e9d.mkv
Video 21: length 500
Vlog_360P-3121.mkv
Video 22: length 600
Vlog_360P-3bc2.mkv
Video 23: length 599
Vlog_360P-433e.mkv
Video 24: length 599
Vlog_360P-4697.mkv
Video 25: length 600
Vlog_360P-4795.mkv
Video 26: length 600
Vlog_360P-4ad1.mkv
Video 27: length 599
Vlog_360P-4d71.mkv
Video 28: length 600
Vlog_360P-6279.mkv
Video 29: length 600
Vlog_360P-7334.mkv
Video 30: length 600
Vlog_360P-76ae.mkv
Video 31: length 600
Vlog_360P-7efe.mkv
Video 32: length 600
Vlog_480P-08c7.mkv
Video 33: length 600
Vlog_480P-0980.mkv
Video 34: length 600
Vlog_480P-0ddc.mkv
Video 35: length 601
Vlog_480P-1b39.mkv
Video 36: length 599
Vlog_480P-206f.mkv
Video 37: length 599
Vlog_480P-279d.mkv
Video 38: length 599
Vlog_480P-2cad.mkv
Video 39: length 599
Vlog_480P-34ba.mkv
Video 40: length 600
Vlog_480P-476b.mkv
Video 41: length 600
Vlog_480P-4beb.mkv
Video 42: length 599
Vlog_480P-5275.mkv
Video 43: length 500
Vlog_480P-535d.mkv
Video 44: length 599
Vlog_480P-59dc.mkv
Video 45: length 601
Vlog_480P-5dfe.mkv
Video 46: length 599
Vlog_480P-5e1c.mkv
Video 47: length 6
Vlog_480P-6395.mkv
Video 48: length 600
Vlog_480P-6c60.mkv
Video 49: length 600
Vlog_480P-7237.mkv
Video 50: length 600
Vlog_480P-7615.mkv
Video 51: length 600
Vlog_480P-7754.mkv
Video 52: length 600
Vlog_480P-7d0c.mkv
Video 53: length 600
Vlog_480P-7ecf.mkv
Video 54: length 599
Vlog_720P-033a.mkv
Video 55: length 500
Vlog_720P-03d5.mkv
Video 56: length 601
Vlog_720P-03f9.mkv
Video 57: length 479
Vlog_720P-0d79.mkv
Video 58: length 599
Vlog_720P-1003.mkv
Video 59: length 600
Vlog_720P-11c5.mkv
Video 60: length 600
Vlog_720P-135c.mkv
Video 61: length 500
Vlog_720P-141f.mkv
Video 62: length 599
Vlog_720P-155f.mkv
Video 63: length 599
Vlog_720P-2929.mkv
Video 64: length 599
Vlog_720P-329f.mkv
Video 65: length 480
Vlog_720P-32b2.mkv
Video 66: length 599
Vlog_720P-343d.mkv
Video 67: length 599
Vlog_720P-372d.mkv
Video 68: length 600
Vlog_720P-3e9c.mkv
Video 69: length 499
Vlog_720P-4e3d.mkv
Video 70: length 600
Vlog_720P-5364.mkv
Video 71: length 600
Vlog_720P-55b6.mkv
Video 72: length 600
Vlog_720P-561e.mkv
Video 73: length 599
Vlog_720P-5d08.mkv
Video 74: length 479
Vlog_720P-60f8.mkv
Video 75: length 499
Vlog_720P-6d56.mkv
Video 76: length 599
