Running on host compute135.bc4.acrc.priv
Time is Tue Aug 31 00:57:01 BST 2021
Directory is /mnt/storage/scratch/um20242/VSFA-UGC/results
Slurm job ID is 4742990
This jobs runs on the following machines:
compute[135,269]
Evaluating algorithm VFSA with SVR on dataset YOUTUBE_UGC_480P ...
271
271
Fitting 5 folds for each of 100 candidates, totalling 500 fits
[Parallel(n_jobs=4)]: Using backend LokyBackend with 4 concurrent workers.
/mnt/storage/home/um20242/.conda/envs/reproducibleresearch/lib/python3.6/site-packages/sklearn/externals/joblib/numpy_pickle.py:104: DeprecationWarning: tostring() is deprecated. Use tobytes() instead.
  pickler.file_handle.write(chunk.tostring('C'))
[Parallel(n_jobs=4)]: Done  33 tasks      | elapsed:    4.9s
[Parallel(n_jobs=4)]: Done 154 tasks      | elapsed:   19.5s
[Parallel(n_jobs=4)]: Done 357 tasks      | elapsed:   43.8s
[Parallel(n_jobs=4)]: Done 500 out of 500 | elapsed:  1.0min finished
/mnt/storage/home/um20242/.conda/envs/reproducibleresearch/lib/python3.6/site-packages/sklearn/model_selection/_search.py:842: DeprecationWarning: The default of the `iid` parameter will change from True to False in version 0.22 and will be removed in 0.24. This will change numeric results when test-set sizes are unequal.
  DeprecationWarning)
======================================================
       MOS    y_pred  Predicted Score
0    3.150  3.250293         3.256923
1    3.407  3.306772         3.321289
2    3.525  3.594187         3.646927
3    3.420  3.319940         3.336287
4    3.111  3.211187         3.212340
..     ...       ...              ...
266  3.890  3.789804         3.864799
267  2.588  2.602236         2.527130
268  3.944  3.843858         3.924201
269  3.577  3.477001         3.514716
270  2.900  3.000192         2.972194

[271 rows x 3 columns]
======================================================
Best results in CV grid search
SRCC:  0.9847554913991282
KRCC:  0.91476537924543
PLCC:  0.991295424035333
RMSE:  0.07480733959758895
======================================================
model: SVR(C=8.0, cache_size=200, coef0=0.0, degree=3, epsilon=0.1, gamma=0.00390625,
  kernel='rbf', max_iter=-1, shrinking=True, tol=0.001, verbose=False)
scaler: MinMaxScaler(copy=True, feature_range=(0, 1))
popt: [ 6.76842598 -0.32679073  3.21862335  1.5558446 ]
[CV] C=2.0, gamma=0.00390625 .........................................
[CV] .......................... C=2.0, gamma=0.00390625, total=   0.2s
[CV] C=2.0, gamma=0.0078125 ..........................................
[CV] ........................... C=2.0, gamma=0.0078125, total=   0.2s
[CV] C=2.0, gamma=0.0078125 ..........................................
[CV] ........................... C=2.0, gamma=0.0078125, total=   0.3s
[CV] C=2.0, gamma=0.015625 ...........................................
[CV] ............................ C=2.0, gamma=0.015625, total=   0.2s
[CV] C=2.0, gamma=0.03125 ............................................
[CV] ............................. C=2.0, gamma=0.03125, total=   0.2s
[CV] C=2.0, gamma=0.0625 .............................................
[CV] .............................. C=2.0, gamma=0.0625, total=   0.3s
[CV] C=2.0, gamma=0.125 ..............................................
[CV] ............................... C=2.0, gamma=0.125, total=   0.3s
[CV] C=2.0, gamma=0.125 ..............................................
[CV] ............................... C=2.0, gamma=0.125, total=   0.3s
[CV] C=2.0, gamma=0.25 ...............................................
[CV] ................................ C=2.0, gamma=0.25, total=   0.3s
[CV] C=2.0, gamma=0.5 ................................................
[CV] ................................. C=2.0, gamma=0.5, total=   0.3s
[CV] C=2.0, gamma=1.0 ................................................
[CV] ................................. C=2.0, gamma=1.0, total=   0.3s
[CV] C=2.0, gamma=2.0 ................................................
[CV] ................................. C=2.0, gamma=2.0, total=   0.3s
[CV] C=2.0, gamma=2.0 ................................................
[CV] ................................. C=2.0, gamma=2.0, total=   0.3s
[CV] C=4.0, gamma=0.00390625 .........................................
[CV] .......................... C=4.0, gamma=0.00390625, total=   0.3s
[CV] C=4.0, gamma=0.0078125 ..........................................
[CV] ........................... C=4.0, gamma=0.0078125, total=   0.3s
[CV] C=4.0, gamma=0.015625 ...........................................
[CV] ............................ C=4.0, gamma=0.015625, total=   0.3s
[CV] C=4.0, gamma=0.03125 ............................................
[CV] ............................. C=4.0, gamma=0.03125, total=   0.3s
[CV] C=4.0, gamma=0.0625 .............................................
[CV] .............................. C=4.0, gamma=0.0625, total=   0.3s
[CV] C=4.0, gamma=0.0625 .............................................
[CV] .............................. C=4.0, gamma=0.0625, total=   0.3s
[CV] C=4.0, gamma=0.125 ..............................................
[CV] ............................... C=4.0, gamma=0.125, total=   0.3s
[CV] C=4.0, gamma=0.25 ...............................................
[CV] ................................ C=4.0, gamma=0.25, total=   0.3s
[CV] C=4.0, gamma=0.5 ................................................
[CV] ................................. C=4.0, gamma=0.5, total=   0.3s
[CV] C=4.0, gamma=1.0 ................................................
[CV] ................................. C=4.0, gamma=1.0, total=   0.3s
[CV] C=4.0, gamma=1.0 ................................................
[CV] ................................. C=4.0, gamma=1.0, total=   0.3s
[CV] C=4.0, gamma=2.0 ................................................
[CV] ................................. C=4.0, gamma=2.0, total=   0.3s
[CV] C=8.0, gamma=0.00390625 .........................................
[CV] .......................... C=8.0, gamma=0.00390625, total=   0.3s
[CV] C=8.0, gamma=0.0078125 ..........................................
[CV] ........................... C=8.0, gamma=0.0078125, total=   0.3s
[CV] C=8.0, gamma=0.015625 ...........................................
[CV] ............................ C=8.0, gamma=0.015625, total=   0.3s
[CV] C=8.0, gamma=0.03125 ............................................
[CV] ............................. C=8.0, gamma=0.03125, total=   0.3s
[CV] C=8.0, gamma=0.03125 ............................................
[CV] ............................. C=8.0, gamma=0.03125, total=   0.3s
[CV] C=8.0, gamma=0.0625 .............................................
[CV] .............................. C=8.0, gamma=0.0625, total=   0.3s
[CV] C=8.0, gamma=0.125 ..............................................
[CV] ............................... C=8.0, gamma=0.125, total=   0.3s
[CV] C=8.0, gamma=0.25 ...............................................
[CV] ................................ C=8.0, gamma=0.25, total=   0.3s
[CV] C=8.0, gamma=0.25 ...............................................
[CV] ................................ C=8.0, gamma=0.25, total=   0.3s
[CV] C=8.0, gamma=0.5 ................................................
[CV] ................................. C=8.0, gamma=0.5, total=   0.3s
[CV] C=8.0, gamma=1.0 ................................................
[CV] ................................. C=8.0, gamma=1.0, total=   0.3s
[CV] C=8.0, gamma=2.0 ................................................
[CV] ................................. C=8.0, gamma=2.0, total=   0.3s
[CV] C=16.0, gamma=0.00390625 ........................................
[CV] ......................... C=16.0, gamma=0.00390625, total=   0.3s
[CV] C=16.0, gamma=0.00390625 ........................................
[CV] ......................... C=16.0, gamma=0.00390625, total=   0.3s
[CV] C=16.0, gamma=0.0078125 .........................................
[CV] .......................... C=16.0, gamma=0.0078125, total=   0.3s
[CV] C=16.0, gamma=0.015625 ..........................................
[CV] ........................... C=16.0, gamma=0.015625, total=   0.3s
[CV] C=16.0, gamma=0.03125 ...........................................
[CV] ............................ C=16.0, gamma=0.03125, total=   0.3s
[CV] C=16.0, gamma=0.03125 ...........................................
[CV] ............................ C=16.0, gamma=0.03125, total=   0.3s
[CV] C=16.0, gamma=0.0625 ............................................
[CV] ............................. C=16.0, gamma=0.0625, total=   0.3s
[CV] C=16.0, gamma=0.125 .............................................
[CV] .............................. C=16.0, gamma=0.125, total=   0.3s
[CV] C=16.0, gamma=0.25 ..............................................
[CV] ............................... C=16.0, gamma=0.25, total=   0.3s
[CV] C=16.0, gamma=0.5 ...............................................
[CV] ................................ C=16.0, gamma=0.5, total=   0.3s
[CV] C=16.0, gamma=0.5 ...............................................
[CV] ................................ C=16.0, gamma=0.5, total=   0.3s
[CV] C=16.0, gamma=1.0 ...............................................
[CV] ................................ C=16.0, gamma=1.0, total=   0.3s
[CV] C=16.0, gamma=2.0 ...............................................
[CV] ................................ C=16.0, gamma=2.0, total=   0.3s
[CV] C=32.0, gamma=0.00390625 ........................................
[CV] ......................... C=32.0, gamma=0.00390625, total=   0.3s
[CV] C=32.0, gamma=0.0078125 .........................................
[CV] .......................... C=32.0, gamma=0.0078125, total=   0.3s
[CV] C=32.0, gamma=0.0078125 .........................................
[CV] .......................... C=32.0, gamma=0.0078125, total=   0.3s
[CV] C=32.0, gamma=0.015625 ..........................................
[CV] ........................... C=32.0, gamma=0.015625, total=   0.3s
[CV] C=32.0, gamma=0.03125 ...........................................
[CV] ............................ C=32.0, gamma=0.03125, total=   0.3s
[CV] C=32.0, gamma=0.0625 ............................................
[CV] ............................. C=32.0, gamma=0.0625, total=   0.3s
[CV] C=32.0, gamma=0.125 .............................................
[CV] .............................. C=32.0, gamma=0.125, total=   0.3s
[CV] C=32.0, gamma=0.125 .............................................
[CV] .............................. C=32.0, gamma=0.125, total=   0.3s
[CV] C=32.0, gamma=0.25 ..............................................
[CV] ............................... C=32.0, gamma=0.25, total=   0.3s
[CV] C=32.0, gamma=0.5 ...............................................
[CV] ................................ C=32.0, gamma=0.5, total=   0.3s
[CV] C=32.0, gamma=1.0 ...............................................
[CV] ................................ C=32.0, gamma=1.0, total=   0.3s
[CV] C=32.0, gamma=2.0 ...............................................
[CV] ................................ C=32.0, gamma=2.0, total=   0.3s
[CV] C=32.0, gamma=2.0 ...............................................
[CV] ................................ C=32.0, gamma=2.0, total=   0.3s
[CV] C=64.0, gamma=0.00390625 ........................................
[CV] ......................... C=64.0, gamma=0.00390625, total=   0.3s
[CV] C=64.0, gamma=0.0078125 .........................................
[CV] .......................... C=64.0, gamma=0.0078125, total=   0.2s
[CV] C=64.0, gamma=0.015625 ..........................................
[CV] ........................... C=64.0, gamma=0.015625, total=   0.2s
[CV] C=64.0, gamma=0.03125 ...........................................
[CV] ............................ C=64.0, gamma=0.03125, total=   0.2s
[CV] C=64.0, gamma=0.03125 ...........................................
[CV] ............................ C=64.0, gamma=0.03125, total=   0.2s
[CV] C=64.0, gamma=0.0625 ............................................
[CV] ............................. C=64.0, gamma=0.0625, total=   0.2s
[CV] C=64.0, gamma=0.125 .............................................
[CV] .............................. C=64.0, gamma=0.125, total=   0.3s
[CV] C=64.0, gamma=0.25 ..............................................
[CV] ............................... C=64.0, gamma=0.25, total=   0.3s
[CV] C=64.0, gamma=0.5 ...............................................
[CV] ................................ C=64.0, gamma=0.5, total=   0.3s
[CV] C=64.0, gamma=0.5 ...............................................
[CV] ................................ C=64.0, gamma=0.5, total=   0.3s
[CV] C=64.0, gamma=1.0 ...............................................
[CV] ................................ C=64.0, gamma=1.0, total=   0.3s
[CV] C=64.0, gamma=2.0 ...............................................
[CV] ................................ C=64.0, gamma=2.0, total=   0.2s
[CV] C=128.0, gamma=0.00390625 .......................................
[CV] ........................ C=128.0, gamma=0.00390625, total=   0.3s
[CV] C=128.0, gamma=0.00390625 .......................................
[CV] ........................ C=128.0, gamma=0.00390625, total=   0.3s
[CV] C=128.0, gamma=0.0078125 ........................................
[CV] ......................... C=128.0, gamma=0.0078125, total=   0.3s
[CV] C=128.0, gamma=0.015625 .........................................
[CV] .......................... C=128.0, gamma=0.015625, total=   0.3s
[CV] C=128.0, gamma=0.03125 ..........................................
[CV] ........................... C=128.0, gamma=0.03125, total=   0.3s
[CV] C=128.0, gamma=0.0625 ...........................................
[CV] ............................ C=128.0, gamma=0.0625, total=   0.3s
[CV] C=128.0, gamma=0.0625 ...........................................
[CV] ............................ C=128.0, gamma=0.0625, total=   0.3s
[CV] C=128.0, gamma=0.125 ............................................
[CV] ............................. C=128.0, gamma=0.125, total=   0.3s
[CV] C=128.0, gamma=0.25 .............................................
[CV] .............................. C=128.0, gamma=0.25, total=   0.3s
[CV] C=128.0, gamma=0.5 ..............................................
[CV] ............................... C=128.0, gamma=0.5, total=   0.3s
[CV] C=128.0, gamma=1.0 ..............................................
[CV] ............................... C=128.0, gamma=1.0, total=   0.3s
[CV] C=128.0, gamma=1.0 ..............................................
[CV] ............................... C=128.0, gamma=1.0, total=   0.3s
[CV] C=128.0, gamma=2.0 ..............................................
[CV] ............................... C=128.0, gamma=2.0, total=   0.3s
[CV] C=256.0, gamma=0.00390625 .......................................
[CV] ........................ C=256.0, gamma=0.00390625, total=   0.3s
[CV] C=256.0, gamma=0.0078125 ........................................
[CV] ......................... C=256.0, gamma=0.0078125, total=   0.3s
[CV] C=256.0, gamma=0.015625 .........................................
[CV] .......................... C=256.0, gamma=0.015625, total=   0.3s
[CV] C=256.0, gamma=0.015625 .........................................
[CV] .......................... C=256.0, gamma=0.015625, total=   0.3s
[CV] C=256.0, gamma=0.03125 ..........................................
[CV] ........................... C=256.0, gamma=0.03125, total=   0.3s
[CV] C=256.0, gamma=0.0625 ...........................................
[CV] ............................ C=256.0, gamma=0.0625, total=   0.3s
[CV] C=256.0, gamma=0.125 ............................................
[CV] ............................. C=256.0, gamma=0.125, total=   0.3s
[CV] C=256.0, gamma=0.25 .............................................
[CV] .............................. C=256.0, gamma=0.25, total=   0.3s
[CV] C=256.0, gamma=0.25 .............................................
[CV] .............................. C=256.0, gamma=0.25, total=   0.3s
[CV] C=256.0, gamma=0.5 ..............................................
[CV] ............................... C=256.0, gamma=0.5, total=   0.3s
[CV] C=256.0, gamma=1.0 ..............................................
[CV] ............................... C=256.0, gamma=1.0, total=   0.3s
[CV] C=256.0, gamma=2.0 ..............................................
[CV] ............................... C=256.0, gamma=2.0, total=   0.3s
[CV] C=512.0, gamma=0.00390625 .......................................
[CV] ........................ C=512.0, gamma=0.00390625, total=   0.3s
[CV] C=512.0, gamma=0.00390625 .......................................
[CV] ........................ C=512.0, gamma=0.00390625, total=   0.3s
[CV] C=512.0, gamma=0.0078125 ........................................
[CV] ......................... C=512.0, gamma=0.0078125, total=   0.3s
[CV] C=512.0, gamma=0.015625 .........................................
[CV] .......................... C=512.0, gamma=0.015625, total=   0.3s
[CV] C=512.0, gamma=0.03125 ..........................................
[CV] ........................... C=512.0, gamma=0.03125, total=   0.3s
[CV] C=512.0, gamma=0.0625 ...........................................
[CV] ............................ C=512.0, gamma=0.0625, total=   0.3s
[CV] C=512.0, gamma=0.0625 ...........................................
[CV] ............................ C=512.0, gamma=0.0625, total=   0.3s
[CV] C=512.0, gamma=0.125 ............................................
[CV] ............................. C=512.0, gamma=0.125, total=   0.3s
[CV] C=512.0, gamma=0.25 .............................................
[CV] .............................. C=512.0, gamma=0.25, total=   0.3s
[CV] C=512.0, gamma=0.5 ..............................................
[CV] ............................... C=512.0, gamma=0.5, total=   0.3s
[CV] C=512.0, gamma=1.0 ..............................................
[CV] ............................... C=512.0, gamma=1.0, total=   0.3s
[CV] C=512.0, gamma=1.0 ..............................................
[CV] ............................... C=512.0, gamma=1.0, total=   0.3s
[CV] C=512.0, gamma=2.0 ..............................................
[CV] ............................... C=512.0, gamma=2.0, total=   0.3s
[CV] C=1024.0, gamma=0.00390625 ......................................
[CV] ....................... C=1024.0, gamma=0.00390625, total=   0.3s
[CV] C=1024.0, gamma=0.0078125 .......................................
[CV] ........................ C=1024.0, gamma=0.0078125, total=   0.3s
[CV] C=1024.0, gamma=0.015625 ........................................
[CV] ......................... C=1024.0, gamma=0.015625, total=   0.3s
[CV] C=1024.0, gamma=0.015625 ........................................
[CV] ......................... C=1024.0, gamma=0.015625, total=   0.3s
[CV] C=1024.0, gamma=0.03125 .........................................
[CV] .......................... C=1024.0, gamma=0.03125, total=   0.3s
[CV] C=1024.0, gamma=0.0625 ..........................................
[CV] ........................... C=1024.0, gamma=0.0625, total=   0.3s
[CV] C=1024.0, gamma=0.125 ...........................................
[CV] ............................ C=1024.0, gamma=0.125, total=   0.3s
[CV] C=1024.0, gamma=0.25 ............................................
[CV] ............................. C=1024.0, gamma=0.25, total=   0.3s
[CV] C=1024.0, gamma=0.25 ............................................
[CV] ............................. C=1024.0, gamma=0.25, total=   0.3s
[CV] C=1024.0, gamma=0.5 .............................................
[CV] .............................. C=1024.0, gamma=0.5, total=   0.3s
[CV] C=1024.0, gamma=1.0 .............................................
[CV] .............................. C=1024.0, gamma=1.0, total=   0.3s
[CV] C=1024.0, gamma=2.0 .............................................
[CV] .............................. C=1024.0, gamma=2.0, total=   0.3s
[CV] C=2.0, gamma=0.00390625 .........................................
[CV] .......................... C=2.0, gamma=0.00390625, total=   0.3s
[CV] C=2.0, gamma=0.0078125 ..........................................
[CV] ........................... C=2.0, gamma=0.0078125, total=   0.3s
[CV] C=2.0, gamma=0.015625 ...........................................
[CV] ............................ C=2.0, gamma=0.015625, total=   0.3s
[CV] C=2.0, gamma=0.03125 ............................................
[CV] ............................. C=2.0, gamma=0.03125, total=   0.2s
[CV] C=2.0, gamma=0.03125 ............................................
[CV] ............................. C=2.0, gamma=0.03125, total=   0.2s
[CV] C=2.0, gamma=0.0625 .............................................
[CV] .............................. C=2.0, gamma=0.0625, total=   0.3s
[CV] C=2.0, gamma=0.125 ..............................................
[CV] ............................... C=2.0, gamma=0.125, total=   0.3s
[CV] C=2.0, gamma=0.25 ...............................................
[CV] ................................ C=2.0, gamma=0.25, total=   0.3s
[CV] C=2.0, gamma=0.25 ...............................................
[CV] ................................ C=2.0, gamma=0.25, total=   0.3s
[CV] C=2.0, gamma=0.5 ................................................
[CV] ................................. C=2.0, gamma=0.5, total=   0.3s
[CV] C=2.0, gamma=1.0 ................................................
[CV] ................................. C=2.0, gamma=1.0, total=   0.3s
[CV] C=2.0, gamma=2.0 ................................................
[CV] ................................. C=2.0, gamma=2.0, total=   0.3s
[CV] C=4.0, gamma=0.00390625 .........................................
[CV] .......................... C=4.0, gamma=0.00390625, total=   0.3s
[CV] C=4.0, gamma=0.00390625 .........................................
[CV] .......................... C=4.0, gamma=0.00390625, total=   0.3s
[CV] C=4.0, gamma=0.0078125 ..........................................
[CV] ........................... C=4.0, gamma=0.0078125, total=   0.3s
[CV] C=4.0, gamma=0.015625 ...........................................
[CV] ............................ C=4.0, gamma=0.015625, total=   0.3s
[CV] C=4.0, gamma=0.03125 ............................................
[CV] ............................. C=4.0, gamma=0.03125, total=   0.3s
[CV] C=4.0, gamma=0.03125 ............................................
[CV] ............................. C=4.0, gamma=0.03125, total=   0.3s
[CV] C=4.0, gamma=0.0625 .............................................
[CV] .............................. C=4.0, gamma=0.0625, total=   0.3s
[CV] C=4.0, gamma=0.125 ..............................................
[CV] ............................... C=4.0, gamma=0.125, total=   0.3s
[CV] C=4.0, gamma=0.25 ...............................................
[CV] ................................ C=4.0, gamma=0.25, total=   0.3s
[CV] C=4.0, gamma=0.5 ................................................
[CV] ................................. C=4.0, gamma=0.5, total=   0.3s
[CV] C=4.0, gamma=0.5 ................................................
[CV] ................................. C=4.0, gamma=0.5, total=   0.3s
[CV] C=4.0, gamma=1.0 ................................................
[CV] ................................. C=4.0, gamma=1.0, total=   0.3s
[CV] C=4.0, gamma=2.0 ................................................
[CV] ................................. C=4.0, gamma=2.0, total=   0.3s
[CV] C=8.0, gamma=0.00390625 .........................................
[CV] .......................... C=8.0, gamma=0.00390625, total=   0.3s
[CV] C=8.0, gamma=0.0078125 ..........................................
[CV] ........................... C=8.0, gamma=0.0078125, total=   0.3s
[CV] C=8.0, gamma=0.015625 ...........................................
[CV] ............................ C=8.0, gamma=0.015625, total=   0.3s
[CV] C=8.0, gamma=0.015625 ...........................................
[CV] ............................ C=8.0, gamma=0.015625, total=   0.3s
[CV] C=8.0, gamma=0.03125 ............................................
[CV] ............................. C=8.0, gamma=0.03125, total=   0.3s
[CV] C=8.0, gamma=0.0625 .............................................
[CV] .............................. C=8.0, gamma=0.0625, total=   0.3s
[CV] C=8.0, gamma=0.125 ..............................................
[CV] ............................... C=8.0, gamma=0.125, total=   0.3s
[CV] C=8.0, gamma=0.125 ..............................................
[CV] ............................... C=8.0, gamma=0.125, total=   0.3s
[CV] C=8.0, gamma=0.25 ...............................................
[CV] ................................ C=8.0, gamma=0.25, total=   0.3s
[CV] C=8.0, gamma=0.5 ................................................
[CV] ................................. C=8.0, gamma=0.5, total=   0.3s
[CV] C=8.0, gamma=1.0 ................................................
[CV] ................................. C=8.0, gamma=1.0, total=   0.3s
[CV] C=8.0, gamma=2.0 ................................................
[CV] ................................. C=8.0, gamma=2.0, total=   0.3s
[CV] C=8.0, gamma=2.0 ................................................
[CV] ................................. C=8.0, gamma=2.0, total=   0.3s
[CV] C=16.0, gamma=0.00390625 ........................................
[CV] ......................... C=16.0, gamma=0.00390625, total=   0.3s
[CV] C=16.0, gamma=0.0078125 .........................................
[CV] .......................... C=16.0, gamma=0.0078125, total=   0.3s
[CV] C=16.0, gamma=0.015625 ..........................................
[CV] ........................... C=16.0, gamma=0.015625, total=   0.3s
[CV] C=16.0, gamma=0.03125 ...........................................
[CV] ............................ C=16.0, gamma=0.03125, total=   0.3s
[CV] C=16.0, gamma=0.0625 ............................................
[CV] ............................. C=16.0, gamma=0.0625, total=   0.3s
[CV] C=16.0, gamma=0.125 .............................................
[CV] .............................. C=16.0, gamma=0.125, total=   0.3s
[CV] C=16.0, gamma=0.125 .............................................
[CV] .............................. C=16.0, gamma=0.125, total=   0.2s
[CV] C=16.0, gamma=0.25 ..............................................
[CV] ............................... C=16.0, gamma=0.25, total=   0.3s
[CV] C=16.0, gamma=0.5 ...............................................
[CV] ................................ C=16.0, gamma=0.5, total=   0.3s
[CV] C=16.0, gamma=1.0 ...............................................
[CV] ................................ C=16.0, gamma=1.0, total=   0.3s
[CV] C=16.0, gamma=1.0 ...............................................
[CV] ................................ C=16.0, gamma=1.0, total=   0.3s
[CV] C=16.0, gamma=2.0 ...............................................
[CV] ................................ C=16.0, gamma=2.0, total=   0.3s
[CV] C=32.0, gamma=0.00390625 ........................................
[CV] ......................... C=32.0, gamma=0.00390625, total=   0.3s
[CV] C=32.0, gamma=0.0078125 .........................................
[CV] .......................... C=32.0, gamma=0.0078125, total=   0.3s
[CV] C=32.0, gamma=0.015625 ..........................................
[CV] ........................... C=32.0, gamma=0.015625, total=   0.3s
[CV] C=32.0, gamma=0.03125 ...........................................
[CV] ............................ C=32.0, gamma=0.03125, total=   0.3s
[CV] C=32.0, gamma=0.03125 ...........................................
[CV] ............................ C=32.0, gamma=0.03125, total=   0.3s
[CV] C=32.0, gamma=0.0625 ............................................
[CV] ............................. C=32.0, gamma=0.0625, total=   0.3s
[CV] C=32.0, gamma=0.125 .............................................
[CV] .............................. C=32.0, gamma=0.125, total=   0.3s
[CV] C=32.0, gamma=0.25 ..............................................
[CV] ............................... C=32.0, gamma=0.25, total=   0.3s
[CV] C=32.0, gamma=0.25 ..............................................
[CV] ............................... C=32.0, gamma=0.25, total=   0.3s
[CV] C=32.0, gamma=0.5 ...............................................
[CV] ................................ C=32.0, gamma=0.5, total=   0.3s
[CV] C=32.0, gamma=1.0 ...............................................
[CV] ................................ C=32.0, gamma=1.0, total=   0.3s
[CV] C=32.0, gamma=2.0 ...............................................
[CV] ................................ C=32.0, gamma=2.0, total=   0.3s
[CV] C=64.0, gamma=0.00390625 ........................................
[CV] ......................... C=64.0, gamma=0.00390625, total=   0.3s
[CV] C=64.0, gamma=0.00390625 ........................................
[CV] ......................... C=64.0, gamma=0.00390625, total=   0.3s
[CV] C=64.0, gamma=0.0078125 .........................................
[CV] .......................... C=64.0, gamma=0.0078125, total=   0.2s
[CV] C=64.0, gamma=0.015625 ..........................................
[CV] ........................... C=64.0, gamma=0.015625, total=   0.2s
[CV] C=64.0, gamma=0.03125 ...........................................
[CV] ............................ C=64.0, gamma=0.03125, total=   0.2s
[CV] C=64.0, gamma=0.0625 ............................................
[CV] ............................. C=64.0, gamma=0.0625, total=   0.2s
[CV] C=64.0, gamma=0.0625 ............................................
[CV] ............................. C=64.0, gamma=0.0625, total=   0.2s
[CV] C=64.0, gamma=0.125 .............................................
[CV] .............................. C=64.0, gamma=0.125, total=   0.3s
[CV] C=64.0, gamma=0.25 ..............................................
[CV] ............................... C=64.0, gamma=0.25, total=   0.3s
[CV] C=64.0, gamma=0.5 ...............................................
[CV] ................................ C=64.0, gamma=0.5, total=   0.3s
[CV] C=64.0, gamma=1.0 ...............................................
[CV] ................................ C=64.0, gamma=1.0, total=   0.3s
[CV] C=64.0, gamma=1.0 ...............................................
[CV] ................................ C=64.0, gamma=1.0, total=   0.3s
[CV] C=64.0, gamma=2.0 ...............................................
[CV] ................................ C=64.0, gamma=2.0, total=   0.2s
[CV] C=128.0, gamma=0.00390625 .......................................
[CV] ........................ C=128.0, gamma=0.00390625, total=   0.3s
[CV] C=128.0, gamma=0.0078125 ........................................
[CV] ......................... C=128.0, gamma=0.0078125, total=   0.3s
[CV] C=128.0, gamma=0.0078125 ........................................
[CV] ......................... C=128.0, gamma=0.0078125, total=   0.3s
[CV] C=128.0, gamma=0.015625 .........................................
[CV] .......................... C=128.0, gamma=0.015625, total=   0.3s
[CV] C=128.0, gamma=0.03125 ..........................................
[CV] ........................... C=128.0, gamma=0.03125, total=   0.3s
[CV] C=128.0, gamma=0.0625 ...........................................
[CV] ............................ C=128.0, gamma=0.0625, total=   0.3s
[CV] C=128.0, gamma=0.125 ............................................
[CV] ............................. C=128.0, gamma=0.125, total=   0.3s
[CV] C=128.0, gamma=0.125 ............................................
[CV] ............................. C=128.0, gamma=0.125, total=   0.3s
[CV] C=128.0, gamma=0.25 .............................................
[CV] .............................. C=128.0, gamma=0.25, total=   0.3s
[CV] C=128.0, gamma=0.5 ..............................................
[CV] ............................... C=128.0, gamma=0.5, total=   0.3s
[CV] C=128.0, gamma=1.0 ..............................................
[CV] ............................... C=128.0, gamma=1.0, total=   0.3s
[CV] C=128.0, gamma=2.0 ..............................................
[CV] ............................... C=128.0, gamma=2.0, total=   0.3s
[CV] C=128.0, gamma=2.0 ..............................................
[CV] ............................... C=128.0, gamma=2.0, total=   0.3s
[CV] C=256.0, gamma=0.00390625 .......................................
[CV] ........................ C=256.0, gamma=0.00390625, total=   0.3s
[CV] C=256.0, gamma=0.0078125 ........................................
[CV] ......................... C=256.0, gamma=0.0078125, total=   0.3s
[CV] C=256.0, gamma=0.015625 .........................................
[CV] .......................... C=256.0, gamma=0.015625, total=   0.3s
[CV] C=256.0, gamma=0.03125 ..........................................
[CV] ........................... C=256.0, gamma=0.03125, total=   0.3s
[CV] C=256.0, gamma=0.03125 ..........................................
[CV] ........................... C=256.0, gamma=0.03125, total=   0.3s
[CV] C=256.0, gamma=0.0625 ...........................................
[CV] ............................ C=256.0, gamma=0.0625, total=   0.3s
[CV] C=256.0, gamma=0.125 ............................................
[CV] ............................. C=256.0, gamma=0.125, total=   0.3s
[CV] C=256.0, gamma=0.25 .............................................
[CV] .............................. C=256.0, gamma=0.25, total=   0.2s
[CV] C=256.0, gamma=0.5 ..............................................
[CV] ............................... C=256.0, gamma=0.5, total=   0.3s
[CV] C=256.0, gamma=0.5 ..............................................
[CV] ............................... C=256.0, gamma=0.5, total=   0.3s
[CV] C=256.0, gamma=1.0 ..............................................
[CV] ............................... C=256.0, gamma=1.0, total=   0.3s
[CV] C=256.0, gamma=2.0 ..............................................
[CV] ............................... C=256.0, gamma=2.0, total=   0.3s
[CV] C=512.0, gamma=0.00390625 .......................................
[CV] ........................ C=512.0, gamma=0.00390625, total=   0.3s
[CV] C=512.0, gamma=0.0078125 ........................................
[CV] ......................... C=512.0, gamma=0.0078125, total=   0.3s
[CV] C=512.0, gamma=0.0078125 ........................................
[CV] ......................... C=512.0, gamma=0.0078125, total=   0.3s
[CV] C=512.0, gamma=0.015625 .........................................
[CV] .......................... C=512.0, gamma=0.015625, total=   0.3s
[CV] C=512.0, gamma=0.03125 ..........................................
[CV] ........................... C=512.0, gamma=0.03125, total=   0.3s
[CV] C=512.0, gamma=0.0625 ...........................................
[CV] ............................ C=512.0, gamma=0.0625, total=   0.3s
[CV] C=512.0, gamma=0.125 ............................................
[CV] ............................. C=512.0, gamma=0.125, total=   0.3s
[CV] C=512.0, gamma=0.125 ............................................
[CV] ............................. C=512.0, gamma=0.125, total=   0.3s
[CV] C=512.0, gamma=0.25 .............................................
[CV] .............................. C=512.0, gamma=0.25, total=   0.3s
[CV] C=512.0, gamma=0.5 ..............................................
[CV] ............................... C=512.0, gamma=0.5, total=   0.3s
[CV] C=512.0, gamma=1.0 ..............................................
[CV] ............................... C=512.0, gamma=1.0, total=   0.3s
[CV] C=512.0, gamma=2.0 ..............................................
[CV] ............................... C=512.0, gamma=2.0, total=   0.3s
[CV] C=512.0, gamma=2.0 ..............................................
[CV] ............................... C=512.0, gamma=2.0, total=   0.3s
[CV] C=1024.0, gamma=0.00390625 ......................................
[CV] ....................... C=1024.0, gamma=0.00390625, total=   0.3s
[CV] C=1024.0, gamma=0.0078125 .......................................
[CV] ........................ C=1024.0, gamma=0.0078125, total=   0.3s
[CV] C=1024.0, gamma=0.015625 ........................................
[CV] ......................... C=1024.0, gamma=0.015625, total=   0.3s
[CV] C=1024.0, gamma=0.03125 .........................................
[CV] .......................... C=1024.0, gamma=0.03125, total=   0.3s
[CV] C=1024.0, gamma=0.03125 .........................................
[CV] .......................... C=1024.0, gamma=0.03125, total=   0.3s
[CV] C=1024.0, gamma=0.0625 ..........................................
[CV] ........................... C=1024.0, gamma=0.0625, total=   0.3s
[CV] C=1024.0, gamma=0.125 ...........................................
[CV] ............................ C=1024.0, gamma=0.125, total=   0.3s
[CV] C=1024.0, gamma=0.25 ............................................
[CV] ............................. C=1024.0, gamma=0.25, total=   0.3s
[CV] C=1024.0, gamma=0.5 .............................................
[CV] .............................. C=1024.0, gamma=0.5, total=   0.3s
[CV] C=1024.0, gamma=0.5 .............................................
[CV] .............................. C=1024.0, gamma=0.5, total=   0.3s
[CV] C=1024.0, gamma=1.0 .............................................
[CV] .............................. C=1024.0, gamma=1.0, total=   0.3s
[CV] C=1024.0, gamma=2.0 .............................................
[CV] .............................. C=1024.0, gamma=2.0, total=   0.3s
[CV] C=2.0, gamma=0.00390625 .........................................
[CV] .......................... C=2.0, gamma=0.00390625, total=   0.2s
[CV] C=2.0, gamma=0.0078125 ..........................................
[CV] ........................... C=2.0, gamma=0.0078125, total=   0.2s
[CV] C=2.0, gamma=0.015625 ...........................................
[CV] ............................ C=2.0, gamma=0.015625, total=   0.2s
[CV] C=2.0, gamma=0.015625 ...........................................
[CV] ............................ C=2.0, gamma=0.015625, total=   0.3s
[CV] C=2.0, gamma=0.03125 ............................................
[CV] ............................. C=2.0, gamma=0.03125, total=   0.3s
[CV] C=2.0, gamma=0.0625 .............................................
[CV] .............................. C=2.0, gamma=0.0625, total=   0.3s
[CV] C=2.0, gamma=0.125 ..............................................
[CV] ............................... C=2.0, gamma=0.125, total=   0.3s
[CV] C=2.0, gamma=0.25 ...............................................
[CV] ................................ C=2.0, gamma=0.25, total=   0.3s
[CV] C=2.0, gamma=0.5 ................................................
[CV] ................................. C=2.0, gamma=0.5, total=   0.3s
[CV] C=2.0, gamma=0.5 ................................................
[CV] ................................. C=2.0, gamma=0.5, total=   0.3s
[CV] C=2.0, gamma=1.0 ................................................
[CV] ................................. C=2.0, gamma=1.0, total=   0.3s
[CV] C=2.0, gamma=2.0 ................................................
[CV] ................................. C=2.0, gamma=2.0, total=   0.3s
[CV] C=4.0, gamma=0.00390625 .........................................
[CV] .......................... C=4.0, gamma=0.00390625, total=   0.3s
[CV] C=4.0, gamma=0.0078125 ..........................................
[CV] ........................... C=4.0, gamma=0.0078125, total=   0.3s
[CV] C=4.0, gamma=0.0078125 ..........................................
[CV] ........................... C=4.0, gamma=0.0078125, total=   0.3s
[CV] C=4.0, gamma=0.015625 ...........................................
[CV] ............................ C=4.0, gamma=0.015625, total=   0.3s
[CV] C=4.0, gamma=0.03125 ............................................
[CV] ............................. C=4.0, gamma=0.03125, total=   0.3s
[CV] C=4.0, gamma=0.0625 .............................................
[CV] .............................. C=4.0, gamma=0.0625, total=   0.3s
[CV] C=4.0, gamma=0.125 ..............................................
[CV] ............................... C=4.0, gamma=0.125, total=   0.3s
[CV] C=4.0, gamma=0.125 ..............................................
[CV] ............................... C=4.0, gamma=0.125, total=   0.3s
[CV] C=4.0, gamma=0.25 ...............................................
[CV] ................................ C=4.0, gamma=0.25, total=   0.3s
[CV] C=4.0, gamma=0.5 ................................................
[CV] ................................. C=4.0, gamma=0.5, total=   0.3s
[CV] C=4.0, gamma=1.0 ................................................
[CV] ................................. C=4.0, gamma=1.0, total=   0.3s
[CV] C=4.0, gamma=2.0 ................................................
[CV] ................................. C=4.0, gamma=2.0, total=   0.3s
[CV] C=4.0, gamma=2.0 ................................................
[CV] ................................. C=4.0, gamma=2.0, total=   0.2s
[CV] C=8.0, gamma=0.00390625 .........................................
[CV] .......................... C=8.0, gamma=0.00390625, total=   0.2s
[CV] C=8.0, gamma=0.0078125 ..........................................
[CV] ........................... C=8.0, gamma=0.0078125, total=   0.3s
[CV] C=8.0, gamma=0.0078125 ..........................................
[CV] ........................... C=8.0, gamma=0.0078125, total=   0.3s
[CV] C=8.0, gamma=0.015625 ...........................................
[CV] ............................ C=8.0, gamma=0.015625, total=   0.3s
[CV] C=8.0, gamma=0.03125 ............................................
[CV] ............................. C=8.0, gamma=0.03125, total=   0.3s
[CV] C=8.0, gamma=0.0625 .............................................
[CV] .............................. C=8.0, gamma=0.0625, total=   0.3s
[CV] C=8.0, gamma=0.125 ..............................................
[CV] ............................... C=8.0, gamma=0.125, total=   0.3s
[CV] C=8.0, gamma=0.25 ...............................................
[CV] ................................ C=8.0, gamma=0.25, total=   0.3s
[CV] C=8.0, gamma=0.5 ................................................
[CV] ................................. C=8.0, gamma=0.5, total=   0.3s
[CV] C=8.0, gamma=0.5 ................................................
[CV] ................................. C=8.0, gamma=0.5, total=   0.3s
[CV] C=8.0, gamma=1.0 ................................................
[CV] ................................. C=8.0, gamma=1.0, total=   0.3s
[CV] C=8.0, gamma=2.0 ................................................
[CV] ................................. C=8.0, gamma=2.0, total=   0.3s
[CV] C=16.0, gamma=0.00390625 ........................................
[CV] ......................... C=16.0, gamma=0.00390625, total=   0.3s
[CV] C=16.0, gamma=0.0078125 .........................................
[CV] .......................... C=16.0, gamma=0.0078125, total=   0.3s
[CV] C=16.0, gamma=0.0078125 .........................................
[CV] .......................... C=16.0, gamma=0.0078125, total=   0.3s
[CV] C=16.0, gamma=0.015625 ..........................................
[CV] ........................... C=16.0, gamma=0.015625, total=   0.3s
[CV] C=16.0, gamma=0.03125 ...........................................
[CV] ............................ C=16.0, gamma=0.03125, total=   0.3s
[CV] C=16.0, gamma=0.0625 ............................................
[CV] ............................. C=16.0, gamma=0.0625, total=   0.3s
[CV] C=16.0, gamma=0.0625 ............................................
[CV] ............................. C=16.0, gamma=0.0625, total=   0.3s
[CV] C=16.0, gamma=0.125 .............................................
[CV] .............................. C=16.0, gamma=0.125, total=   0.3s
[CV] C=16.0, gamma=0.25 ..............................................
[CV] ............................... C=16.0, gamma=0.25, total=   0.3s
[CV] C=16.0, gamma=0.5 ...............................................
[CV] ................................ C=16.0, gamma=0.5, total=   0.3s
[CV] C=16.0, gamma=1.0 ...............................................
[CV] ................................ C=16.0, gamma=1.0, total=   0.3s
[CV] C=16.0, gamma=2.0 ...............................................
[CV] ................................ C=16.0, gamma=2.0, total=   0.3s
[CV] C=16.0, gamma=2.0 ...............................................
[CV] ................................ C=16.0, gamma=2.0, total=   0.3s
[CV] C=32.0, gamma=0.00390625 ........................................
[CV] ......................... C=32.0, gamma=0.00390625, total=   0.3s
[CV] C=32.0, gamma=0.0078125 .........................................
[CV] .......................... C=32.0, gamma=0.0078125, total=   0.2s
[CV] C=32.0, gamma=0.015625 ..........................................
[CV] ........................... C=32.0, gamma=0.015625, total=   0.2s
[CV] C=32.0, gamma=0.015625 ..........................................
[CV] ........................... C=32.0, gamma=0.015625, total=   0.3s
[CV] C=32.0, gamma=0.03125 ...........................................
[CV] ............................ C=32.0, gamma=0.03125, total=   0.3s
[CV] C=32.0, gamma=0.0625 ............................................
[CV] ............................. C=32.0, gamma=0.0625, total=   0.3s
[CV] C=32.0, gamma=0.125 .............................................
[CV] .............................. C=32.0, gamma=0.125, total=   0.3s
[CV] C=32.0, gamma=0.25 ..............................................
[CV] ............................... C=32.0, gamma=0.25, total=   0.3s
[CV] C=32.0, gamma=0.5 ...............................................
[CV] ................................ C=32.0, gamma=0.5, total=   0.3s
[CV] C=32.0, gamma=0.5 ...............................................
[CV] ................................ C=32.0, gamma=0.5, total=   0.3s
[CV] C=32.0, gamma=1.0 ...............................................
[CV] ................................ C=32.0, gamma=1.0, total=   0.3s
[CV] C=32.0, gamma=2.0 ...............................................
[CV] ................................ C=32.0, gamma=2.0, total=   0.3s
[CV] C=64.0, gamma=0.00390625 ........................................
[CV] ......................... C=64.0, gamma=0.00390625, total=   0.3s
[CV] C=64.0, gamma=0.0078125 .........................................
[CV] .......................... C=64.0, gamma=0.0078125, total=   0.3s
[CV] C=64.0, gamma=0.0078125 .........................................
[CV] .......................... C=64.0, gamma=0.0078125, total=   0.3s
[CV] C=64.0, gamma=0.015625 ..........................................
[CV] ........................... C=64.0, gamma=0.015625, total=   0.3s
[CV] C=64.0, gamma=0.03125 ...........................................
[CV] ............................ C=64.0, gamma=0.03125, total=   0.3s
[CV] C=64.0, gamma=0.0625 ............................................
[CV] ............................. C=64.0, gamma=0.0625, total=   0.3s
[CV] C=64.0, gamma=0.125 .............................................
[CV] .............................. C=64.0, gamma=0.125, total=   0.3s
[CV] C=64.0, gamma=0.25 ..............................................
[CV] ............................... C=64.0, gamma=0.25, total=   0.3s
[CV] C=64.0, gamma=0.25 ..............................................
[CV] ............................... C=64.0, gamma=0.25, total=   0.3s
[CV] C=64.0, gamma=0.5 ...............................................
[CV] ................................ C=64.0, gamma=0.5, total=   0.3s
[CV] C=64.0, gamma=1.0 ...............................................
[CV] ................................ C=64.0, gamma=1.0, total=   0.3s
[CV] C=64.0, gamma=2.0 ...............................................
[CV] ................................ C=64.0, gamma=2.0, total=   0.3s
[CV] C=128.0, gamma=0.00390625 .......................................
[CV] ........................ C=128.0, gamma=0.00390625, total=   0.3s
[CV] C=128.0, gamma=0.0078125 ........................................
[CV] ......................... C=128.0, gamma=0.0078125, total=   0.3s
[CV] C=128.0, gamma=0.015625 .........................................
[CV] .......................... C=128.0, gamma=0.015625, total=   0.3s
[CV] C=128.0, gamma=0.015625 .........................................
[CV] .......................... C=128.0, gamma=0.015625, total=   0.3s
[CV] C=128.0, gamma=0.03125 ..........................................
[CV] ........................... C=128.0, gamma=0.03125, total=   0.3s
[CV] C=128.0, gamma=0.0625 ...........................................
[CV] ............................ C=128.0, gamma=0.0625, total=   0.3s
[CV] C=128.0, gamma=0.125 ............................................
[CV] ............................. C=128.0, gamma=0.125, total=   0.3s
[CV] C=128.0, gamma=0.25 .............................................
[CV] .............................. C=128.0, gamma=0.25, total=   0.3s
[CV] C=128.0, gamma=0.25 .............................................
[CV] .............................. C=128.0, gamma=0.25, total=   0.3s
[CV] C=128.0, gamma=0.5 ..............................................
[CV] ............................... C=128.0, gamma=0.5, total=   0.3s
[CV] C=128.0, gamma=1.0 ..............................................
[CV] ............................... C=128.0, gamma=1.0, total=   0.3s
[CV] C=128.0, gamma=2.0 ..............................................
[CV] ............................... C=128.0, gamma=2.0, total=   0.3s
[CV] C=256.0, gamma=0.00390625 .......................................
[CV] ........................ C=256.0, gamma=0.00390625, total=   0.3s
[CV] C=256.0, gamma=0.00390625 .......................................
[CV] ........................ C=256.0, gamma=0.00390625, total=   0.3s
[CV] C=256.0, gamma=0.0078125 ........................................
[CV] ......................... C=256.0, gamma=0.0078125, total=   0.3s
[CV] C=256.0, gamma=0.015625 .........................................
[CV] .......................... C=256.0, gamma=0.015625, total=   0.3s
[CV] C=256.0, gamma=0.03125 ..........................................
[CV] ........................... C=256.0, gamma=0.03125, total=   0.3s
[CV] C=256.0, gamma=0.0625 ...........................................
[CV] ............................ C=256.0, gamma=0.0625, total=   0.3s
[CV] C=256.0, gamma=0.0625 ...........................................
[CV] ............................ C=256.0, gamma=0.0625, total=   0.3s
[CV] C=256.0, gamma=0.125 ............................................
[CV] ............................. C=256.0, gamma=0.125, total=   0.3s
[CV] C=256.0, gamma=0.25 .............................................
[CV] .............................. C=256.0, gamma=0.25, total=   0.3s
[CV] C=256.0, gamma=0.5 ..............................................
[CV] ............................... C=256.0, gamma=0.5, total=   0.3s
[CV] C=256.0, gamma=1.0 ..............................................
[CV] ............................... C=256.0, gamma=1.0, total=   0.3s
[CV] C=256.0, gamma=1.0 ..............................................
[CV] ............................... C=256.0, gamma=1.0, total=   0.3s
[CV] C=256.0, gamma=2.0 ..............................................
[CV] ............................... C=256.0, gamma=2.0, total=   0.3s
[CV] C=512.0, gamma=0.00390625 .......................................
[CV] ........................ C=512.0, gamma=0.00390625, total=   0.3s
[CV] C=512.0, gamma=0.0078125 ........................................
[CV] ......................... C=512.0, gamma=0.0078125, total=   0.3s
[CV] C=512.0, gamma=0.015625 .........................................
[CV] .......................... C=512.0, gamma=0.015625, total=   0.3s
[CV] C=512.0, gamma=0.015625 .........................................
[CV] .......................... C=512.0, gamma=0.015625, total=   0.3s
[CV] C=512.0, gamma=0.03125 ..........................................
[CV] ........................... C=512.0, gamma=0.03125, total=   0.3s
[CV] C=512.0, gamma=0.0625 ...........................................
[CV] ............................ C=512.0, gamma=0.0625, total=   0.3s
[CV] C=512.0, gamma=0.125 ............................................
[CV] ............................. C=512.0, gamma=0.125, total=   0.3s
[CV] C=512.0, gamma=0.25 .............................................
[CV] .............................. C=512.0, gamma=0.25, total=   0.3s
[CV] C=512.0, gamma=0.25 .............................................
[CV] .............................. C=512.0, gamma=0.25, total=   0.3s
[CV] C=512.0, gamma=0.5 ..............................................
[CV] ............................... C=512.0, gamma=0.5, total=   0.3s
[CV] C=512.0, gamma=1.0 ..............................................
[CV] ............................... C=512.0, gamma=1.0, total=   0.3s
[CV] C=512.0, gamma=2.0 ..............................................
[CV] ............................... C=512.0, gamma=2.0, total=   0.2s
[CV] C=1024.0, gamma=0.00390625 ......................................
[CV] ....................... C=1024.0, gamma=0.00390625, total=   0.3s
[CV] C=1024.0, gamma=0.00390625 ......................................
[CV] ....................... C=1024.0, gamma=0.00390625, total=   0.3s
[CV] C=1024.0, gamma=0.0078125 .......................................
[CV] ........................ C=1024.0, gamma=0.0078125, total=   0.3s
[CV] C=1024.0, gamma=0.015625 ........................................
[CV] ......................... C=1024.0, gamma=0.015625, total=   0.3s
[CV] C=1024.0, gamma=0.03125 .........................................
[CV] .......................... C=1024.0, gamma=0.03125, total=   0.3s
[CV] C=1024.0, gamma=0.0625 ..........................................
[CV] ........................... C=1024.0, gamma=0.0625, total=   0.3s
[CV] C=1024.0, gamma=0.0625 ..........................................
[CV] ........................... C=1024.0, gamma=0.0625, total=   0.3s
[CV] C=1024.0, gamma=0.125 ...........................................
[CV] ............................ C=1024.0, gamma=0.125, total=   0.3s
[CV] C=1024.0, gamma=0.25 ............................................
[CV] ............................. C=1024.0, gamma=0.25, total=   0.3s
[CV] C=1024.0, gamma=0.5 .............................................
[CV] .............................. C=1024.0, gamma=0.5, total=   0.2s
[CV] C=1024.0, gamma=1.0 .............................................
[CV] .............................. C=1024.0, gamma=1.0, total=   0.3s
[CV] C=1024.0, gamma=1.0 .............................................
[CV] .............................. C=1024.0, gamma=1.0, total=   0.3s
[CV] C=1024.0, gamma=2.0 .............................................
[CV] .............................. C=1024.0, gamma=2.0, total=   0.3s
[CV] C=2.0, gamma=0.00390625 .........................................
[CV] .......................... C=2.0, gamma=0.00390625, total=   0.2s
[CV] C=2.0, gamma=0.00390625 .........................................
[CV] .......................... C=2.0, gamma=0.00390625, total=   0.2s
[CV] C=2.0, gamma=0.0078125 ..........................................
[CV] ........................... C=2.0, gamma=0.0078125, total=   0.2s
[CV] C=2.0, gamma=0.015625 ...........................................
[CV] ............................ C=2.0, gamma=0.015625, total=   0.2s
[CV] C=2.0, gamma=0.03125 ............................................
[CV] ............................. C=2.0, gamma=0.03125, total=   0.2s
[CV] C=2.0, gamma=0.0625 .............................................
[CV] .............................. C=2.0, gamma=0.0625, total=   0.3s
[CV] C=2.0, gamma=0.0625 .............................................
[CV] .............................. C=2.0, gamma=0.0625, total=   0.3s
[CV] C=2.0, gamma=0.125 ..............................................
[CV] ............................... C=2.0, gamma=0.125, total=   0.3s
[CV] C=2.0, gamma=0.25 ...............................................
[CV] ................................ C=2.0, gamma=0.25, total=   0.3s
[CV] C=2.0, gamma=0.5 ................................................
[CV] ................................. C=2.0, gamma=0.5, total=   0.3s
[CV] C=2.0, gamma=1.0 ................................................
[CV] ................................. C=2.0, gamma=1.0, total=   0.3s
[CV] C=2.0, gamma=1.0 ................................................
[CV] ................................. C=2.0, gamma=1.0, total=   0.3s
[CV] C=2.0, gamma=2.0 ................................................
[CV] ................................. C=2.0, gamma=2.0, total=   0.3s
[CV] C=4.0, gamma=0.00390625 .........................................
[CV] .......................... C=4.0, gamma=0.00390625, total=   0.3s
[CV] C=4.0, gamma=0.0078125 ..........................................
[CV] ........................... C=4.0, gamma=0.0078125, total=   0.3s
[CV] C=4.0, gamma=0.015625 ...........................................
[CV] ............................ C=4.0, gamma=0.015625, total=   0.3s
[CV] C=4.0, gamma=0.015625 ...........................................
[CV] ............................ C=4.0, gamma=0.015625, total=   0.3s
[CV] C=4.0, gamma=0.03125 ............................................
[CV] ............................. C=4.0, gamma=0.03125, total=   0.3s
[CV] C=4.0, gamma=0.0625 .............................................
[CV] .............................. C=4.0, gamma=0.0625, total=   0.3s
[CV] C=4.0, gamma=0.125 ..............................................
[CV] ............................... C=4.0, gamma=0.125, total=   0.3s
[CV] C=4.0, gamma=0.25 ...............................................
[CV] ................................ C=4.0, gamma=0.25, total=   0.3s
[CV] C=4.0, gamma=0.25 ...............................................
[CV] ................................ C=4.0, gamma=0.25, total=   0.3s
[CV] C=4.0, gamma=0.5 ................................................
[CV] ................................. C=4.0, gamma=0.5, total=   0.3s
[CV] C=4.0, gamma=1.0 ................................................
[CV] ................................. C=4.0, gamma=1.0, total=   0.3s
[CV] C=4.0, gamma=2.0 ................................................
[CV] ................................. C=4.0, gamma=2.0, total=   0.3s
[CV] C=8.0, gamma=0.00390625 .........................................
[CV] .......................... C=8.0, gamma=0.00390625, total=   0.3s
[CV] C=8.0, gamma=0.00390625 .........................................
[CV] .......................... C=8.0, gamma=0.00390625, total=   0.3s
[CV] C=8.0, gamma=0.0078125 ..........................................
[CV] ........................... C=8.0, gamma=0.0078125, total=   0.2s
[CV] C=8.0, gamma=0.015625 ...........................................
[CV] ............................ C=8.0, gamma=0.015625, total=   0.3s
[CV] C=8.0, gamma=0.03125 ............................................
[CV] ............................. C=8.0, gamma=0.03125, total=   0.3s
[CV] C=8.0, gamma=0.0625 .............................................
[CV] .............................. C=8.0, gamma=0.0625, total=   0.3s
[CV] C=8.0, gamma=0.0625 .............................................
[CV] .............................. C=8.0, gamma=0.0625, total=   0.3s
[CV] C=8.0, gamma=0.125 ..............................................
[CV] ............................... C=8.0, gamma=0.125, total=   0.3s
[CV] C=8.0, gamma=0.25 ...............................................
[CV] ................................ C=8.0, gamma=0.25, total=   0.3s
[CV] C=8.0, gamma=0.5 ................................................
[CV] ................................. C=8.0, gamma=0.5, total=   0.3s
[CV] C=8.0, gamma=1.0 ................................................
[CV] ................................. C=8.0, gamma=1.0, total=   0.3s
[CV] C=8.0, gamma=1.0 ................................................
[CV] ................................. C=8.0, gamma=1.0, total=   0.3s
[CV] C=8.0, gamma=2.0 ................................................
[CV] ................................. C=8.0, gamma=2.0, total=   0.3s
[CV] C=16.0, gamma=0.00390625 ........................................
[CV] ......................... C=16.0, gamma=0.00390625, total=   0.3s
[CV] C=16.0, gamma=0.0078125 .........................................
[CV] .......................... C=16.0, gamma=0.0078125, total=   0.3s
[CV] C=16.0, gamma=0.015625 ..........................................
[CV] ........................... C=16.0, gamma=0.015625, total=   0.3s
[CV] C=16.0, gamma=0.015625 ..........................................
[CV] ........................... C=16.0, gamma=0.015625, total=   0.3s
[CV] C=16.0, gamma=0.03125 ...........................................
[CV] ............................ C=16.0, gamma=0.03125, total=   0.3s
[CV] C=16.0, gamma=0.0625 ............................................
[CV] ............................. C=16.0, gamma=0.0625, total=   0.3s
[CV] C=16.0, gamma=0.125 .............................................
[CV] .............................. C=16.0, gamma=0.125, total=   0.3s
[CV] C=16.0, gamma=0.25 ..............................................
[CV] ............................... C=16.0, gamma=0.25, total=   0.3s
[CV] C=16.0, gamma=0.25 ..............................................
[CV] ............................... C=16.0, gamma=0.25, total=   0.3s
[CV] C=16.0, gamma=0.5 ...............................................
[CV] ................................ C=16.0, gamma=0.5, total=   0.3s
[CV] C=16.0, gamma=1.0 ...............................................
[CV] ................................ C=16.0, gamma=1.0, total=   0.3s
[CV] C=16.0, gamma=2.0 ...............................................
[CV] ................................ C=16.0, gamma=2.0, total=   0.3s
[CV] C=32.0, gamma=0.00390625 ........................................
[CV] ......................... C=32.0, gamma=0.00390625, total=   0.3s
[CV] C=32.0, gamma=0.00390625 ........................................
[CV] ......................... C=32.0, gamma=0.00390625, total=   0.3s
[CV] C=32.0, gamma=0.0078125 .........................................
[CV] .......................... C=32.0, gamma=0.0078125, total=   0.3s
[CV] C=32.0, gamma=0.015625 ..........................................
[CV] ........................... C=32.0, gamma=0.015625, total=   0.3s
[CV] C=32.0, gamma=0.03125 ...........................................
[CV] ............................ C=32.0, gamma=0.03125, total=   0.3s
[CV] C=32.0, gamma=0.0625 ............................................
[CV] ............................. C=32.0, gamma=0.0625, total=   0.3s
[CV] C=32.0, gamma=0.0625 ............................................
[CV] ............................. C=32.0, gamma=0.0625, total=   0.3s
[CV] C=32.0, gamma=0.125 .............................................
[CV] .............................. C=32.0, gamma=0.125, total=   0.3s
[CV] C=32.0, gamma=0.25 ..............................................
[CV] ............................... C=32.0, gamma=0.25, total=   0.3s
[CV] C=32.0, gamma=0.5 ...............................................
[CV] ................................ C=32.0, gamma=0.5, total=   0.3s
[CV] C=32.0, gamma=1.0 ...............................................
[CV] ................................ C=32.0, gamma=1.0, total=   0.3s
[CV] C=32.0, gamma=1.0 ...............................................
[CV] ................................ C=32.0, gamma=1.0, total=   0.3s
[CV] C=32.0, gamma=2.0 ...............................................
[CV] ................................ C=32.0, gamma=2.0, total=   0.3s
[CV] C=64.0, gamma=0.00390625 ........................................
[CV] ......................... C=64.0, gamma=0.00390625, total=   0.3s
[CV] C=64.0, gamma=0.0078125 .........................................
[CV] .......................... C=64.0, gamma=0.0078125, total=   0.2s
[CV] C=64.0, gamma=0.015625 ..........................................
[CV] ........................... C=64.0, gamma=0.015625, total=   0.2s
[CV] C=64.0, gamma=0.015625 ..........................................
[CV] ........................... C=64.0, gamma=0.015625, total=   0.2s
[CV] C=64.0, gamma=0.03125 ...........................................
[CV] ............................ C=64.0, gamma=0.03125, total=   0.2s
[CV] C=64.0, gamma=0.0625 ............................................
[CV] ............................. C=64.0, gamma=0.0625, total=   0.2s
[CV] C=64.0, gamma=0.125 .............................................
[CV] .............................. C=64.0, gamma=0.125, total=   0.3s
[CV] C=64.0, gamma=0.125 .............................................
[CV] .............................. C=64.0, gamma=0.125, total=   0.3s
[CV] C=64.0, gamma=0.25 ..............................................
[CV] ............................... C=64.0, gamma=0.25, total=   0.3s
[CV] C=64.0, gamma=0.5 ...............................................
[CV] ................................ C=64.0, gamma=0.5, total=   0.3s
[CV] C=64.0, gamma=1.0 ...............................................
[CV] ................................ C=64.0, gamma=1.0, total=   0.3s
[CV] C=64.0, gamma=2.0 ...............................................
[CV] ................................ C=64.0, gamma=2.0, total=   0.3s
[CV] C=64.0, gamma=2.0 ...............................................
[CV] ................................ C=64.0, gamma=2.0, total=   0.3s
[CV] C=128.0, gamma=0.00390625 .......................................
[CV] ........................ C=128.0, gamma=0.00390625, total=   0.3s
[CV] C=128.0, gamma=0.0078125 ........................................
[CV] ......................... C=128.0, gamma=0.0078125, total=   0.3s
[CV] C=128.0, gamma=0.015625 .........................................
[CV] .......................... C=128.0, gamma=0.015625, total=   0.3s
[CV] C=128.0, gamma=0.03125 ..........................................
[CV] ........................... C=128.0, gamma=0.03125, total=   0.3s
[CV] C=128.0, gamma=0.03125 ..........................................
[CV] ........................... C=128.0, gamma=0.03125, total=   0.3s
[CV] C=128.0, gamma=0.0625 ...........................................
[CV] ............................ C=128.0, gamma=0.0625, total=   0.3s
[CV] C=128.0, gamma=0.125 ............................................
[CV] ............................. C=128.0, gamma=0.125, total=   0.3s
[CV] C=128.0, gamma=0.25 .............................................
[CV] .............................. C=128.0, gamma=0.25, total=   0.3s
[CV] C=128.0, gamma=0.5 ..............................................
[CV] ............................... C=128.0, gamma=0.5, total=   0.3s
[CV] C=128.0, gamma=0.5 ..............................................
[CV] ............................... C=128.0, gamma=0.5, total=   0.3s
[CV] C=128.0, gamma=1.0 ..............................................
[CV] ............................... C=128.0, gamma=1.0, total=   0.3s
[CV] C=128.0, gamma=2.0 ..............................................
[CV] ............................... C=128.0, gamma=2.0, total=   0.3s
[CV] C=256.0, gamma=0.00390625 .......................................
[CV] ........................ C=256.0, gamma=0.00390625, total=   0.3s
[CV] C=256.0, gamma=0.0078125 ........................................
[CV] ......................... C=256.0, gamma=0.0078125, total=   0.3s
[CV] C=256.0, gamma=0.0078125 ........................................
[CV] ......................... C=256.0, gamma=0.0078125, total=   0.3s
[CV] C=256.0, gamma=0.015625 .........................................
[CV] .......................... C=256.0, gamma=0.015625, total=   0.3s
[CV] C=256.0, gamma=0.03125 ..........................................
[CV] ........................... C=256.0, gamma=0.03125, total=   0.3s
[CV] C=256.0, gamma=0.0625 ...........................................
[CV] ............................ C=256.0, gamma=0.0625, total=   0.3s
[CV] C=256.0, gamma=0.125 ............................................
[CV] ............................. C=256.0, gamma=0.125, total=   0.3s
[CV] C=256.0, gamma=0.125 ............................................
[CV] ............................. C=256.0, gamma=0.125, total=   0.3s
[CV] C=256.0, gamma=0.25 .............................................
[CV] .............................. C=256.0, gamma=0.25, total=   0.3s
[CV] C=256.0, gamma=0.5 ..............................................
[CV] ............................... C=256.0, gamma=0.5, total=   0.3s
[CV] C=256.0, gamma=1.0 ..............................................
[CV] ............................... C=256.0, gamma=1.0, total=   0.3s
[CV] C=256.0, gamma=2.0 ..............................................
[CV] ............................... C=256.0, gamma=2.0, total=   0.3s
[CV] C=256.0, gamma=2.0 ..............................................
[CV] ............................... C=256.0, gamma=2.0, total=   0.3s
[CV] C=512.0, gamma=0.00390625 .......................................
[CV] ........................ C=512.0, gamma=0.00390625, total=   0.3s
[CV] C=512.0, gamma=0.0078125 ........................................
[CV] ......................... C=512.0, gamma=0.0078125, total=   0.3s
[CV] C=512.0, gamma=0.015625 .........................................
[CV] .......................... C=512.0, gamma=0.015625, total=   0.3s
[CV] C=512.0, gamma=0.03125 ..........................................
[CV] ........................... C=512.0, gamma=0.03125, total=   0.3s
[CV] C=512.0, gamma=0.03125 ..........................................
[CV] ........................... C=512.0, gamma=0.03125, total=   0.3s
[CV] C=512.0, gamma=0.0625 ...........................................
[CV] ............................ C=512.0, gamma=0.0625, total=   0.3s
[CV] C=512.0, gamma=0.125 ............................................
[CV] ............................. C=512.0, gamma=0.125, total=   0.3s
[CV] C=512.0, gamma=0.25 .............................................
[CV] .............................. C=512.0, gamma=0.25, total=   0.3s
[CV] C=512.0, gamma=0.5 ..............................................
[CV] ............................... C=512.0, gamma=0.5, total=   0.3s
[CV] C=512.0, gamma=0.5 ..............................................
[CV] ............................... C=512.0, gamma=0.5, total=   0.3s
[CV] C=512.0, gamma=1.0 ..............................................
[CV] ............................... C=512.0, gamma=1.0, total=   0.3s
[CV] C=512.0, gamma=2.0 ..............................................
[CV] ............................... C=512.0, gamma=2.0, total=   0.3s
[CV] C=1024.0, gamma=0.00390625 ......................................
[CV] ....................... C=1024.0, gamma=0.00390625, total=   0.3s
[CV] C=1024.0, gamma=0.0078125 .......................................
[CV] ........................ C=1024.0, gamma=0.0078125, total=   0.3s
[CV] C=1024.0, gamma=0.0078125 .......................................
[CV] ........................ C=1024.0, gamma=0.0078125, total=   0.3s
[CV] C=1024.0, gamma=0.015625 ........................................
[CV] ......................... C=1024.0, gamma=0.015625, total=   0.3s
[CV] C=1024.0, gamma=0.03125 .........................................
[CV] .......................... C=1024.0, gamma=0.03125, total=   0.3s
[CV] C=1024.0, gamma=0.0625 ..........................................
[CV] ........................... C=1024.0, gamma=0.0625, total=   0.3s
[CV] C=1024.0, gamma=0.125 ...........................................
[CV] ............................ C=1024.0, gamma=0.125, total=   0.3s
[CV] C=1024.0, gamma=0.125 ...........................................
[CV] ............................ C=1024.0, gamma=0.125, total=   0.3s
[CV] C=1024.0, gamma=0.25 ............................................
[CV] ............................. C=1024.0, gamma=0.25, total=   0.3s
[CV] C=1024.0, gamma=0.5 .............................................
[CV] .............................. C=1024.0, gamma=0.5, total=   0.3s
[CV] C=1024.0, gamma=1.0 .............................................
[CV] .............................. C=1024.0, gamma=1.0, total=   0.3s
[CV] C=1024.0, gamma=2.0 .............................................
[CV] .............................. C=1024.0, gamma=2.0, total=   0.3s
[CV] C=1024.0, gamma=2.0 .............................................
[CV] .............................. C=1024.0, gamma=2.0, total=   0.3s
