Running on host compute118.bc4.acrc.priv
Time is Tue Aug 31 02:08:34 BST 2021
Directory is /mnt/storage/scratch/um20242/VSFA-UGC/results
Slurm job ID is 4743010
This jobs runs on the following machines:
compute[118,135]
Evaluating algorithm VFSA with SVR on dataset YOUTUBE_UGC_1080P ...
299
299
Fitting 5 folds for each of 100 candidates, totalling 500 fits
[Parallel(n_jobs=4)]: Using backend LokyBackend with 4 concurrent workers.
[Parallel(n_jobs=4)]: Done  33 tasks      | elapsed:   13.2s
[Parallel(n_jobs=4)]: Done 154 tasks      | elapsed:   26.8s
[Parallel(n_jobs=4)]: Done 357 tasks      | elapsed:   49.4s
[Parallel(n_jobs=4)]: Done 500 out of 500 | elapsed:  1.1min finished
======================================================
       MOS    y_pred  Predicted Score
0    3.901  3.800654         3.802484
1    3.940  4.040056         4.078174
2    4.245  4.144553         4.191555
3    4.158  4.058314         4.098313
4    4.189  4.089076         4.131933
..     ...       ...              ...
294  4.255  4.154626         4.202238
295  4.192  4.092296         4.135428
296  3.926  3.825813         3.832390
297  3.374  3.474338         3.399863
298  3.944  4.044264         4.082827

[299 rows x 3 columns]
======================================================
Best results in CV grid search
SRCC:  0.9538882734317623
KRCC:  0.8375174564871748
PLCC:  0.9357750957164033
RMSE:  0.19427578403200835
======================================================
model: SVR(C=2.0, cache_size=200, coef0=0.0, degree=3, epsilon=0.1, gamma=0.00390625,
    kernel='rbf', max_iter=-1, shrinking=True, tol=0.001, verbose=False)
scaler: MinMaxScaler(copy=True, feature_range=(0, 1))
popt: [5.70517116 0.56528675 3.26667088 1.00478432]
[CV] C=2.0, gamma=0.00390625 .........................................
[CV] .......................... C=2.0, gamma=0.00390625, total=   0.4s
[CV] C=2.0, gamma=0.0078125 ..........................................
[CV] ........................... C=2.0, gamma=0.0078125, total=   0.4s
[CV] C=2.0, gamma=0.0078125 ..........................................
[CV] ........................... C=2.0, gamma=0.0078125, total=   0.4s
[CV] C=2.0, gamma=0.015625 ...........................................
[CV] ............................ C=2.0, gamma=0.015625, total=   0.4s
[CV] C=2.0, gamma=0.03125 ............................................
[CV] ............................. C=2.0, gamma=0.03125, total=   0.5s
[CV] C=2.0, gamma=0.0625 .............................................
[CV] .............................. C=2.0, gamma=0.0625, total=   0.5s
[CV] C=2.0, gamma=0.0625 .............................................
[CV] .............................. C=2.0, gamma=0.0625, total=   0.5s
[CV] C=2.0, gamma=0.125 ..............................................
[CV] ............................... C=2.0, gamma=0.125, total=   0.5s
[CV] C=2.0, gamma=0.25 ...............................................
[CV] ................................ C=2.0, gamma=0.25, total=   0.5s
[CV] C=2.0, gamma=0.5 ................................................
[CV] ................................. C=2.0, gamma=0.5, total=   0.5s
[CV] C=2.0, gamma=1.0 ................................................
[CV] ................................. C=2.0, gamma=1.0, total=   0.5s
[CV] C=2.0, gamma=2.0 ................................................
[CV] ................................. C=2.0, gamma=2.0, total=   0.4s
[CV] C=2.0, gamma=2.0 ................................................
[CV] ................................. C=2.0, gamma=2.0, total=   0.4s
[CV] C=4.0, gamma=0.00390625 .........................................
[CV] .......................... C=4.0, gamma=0.00390625, total=   0.4s
[CV] C=4.0, gamma=0.0078125 ..........................................
[CV] ........................... C=4.0, gamma=0.0078125, total=   0.4s
[CV] C=4.0, gamma=0.015625 ...........................................
[CV] ............................ C=4.0, gamma=0.015625, total=   0.4s
[CV] C=4.0, gamma=0.03125 ............................................
[CV] ............................. C=4.0, gamma=0.03125, total=   0.5s
[CV] C=4.0, gamma=0.03125 ............................................
[CV] ............................. C=4.0, gamma=0.03125, total=   0.4s
[CV] C=4.0, gamma=0.0625 .............................................
[CV] .............................. C=4.0, gamma=0.0625, total=   0.4s
[CV] C=4.0, gamma=0.125 ..............................................
[CV] ............................... C=4.0, gamma=0.125, total=   0.4s
[CV] C=4.0, gamma=0.25 ...............................................
[CV] ................................ C=4.0, gamma=0.25, total=   0.4s
[CV] C=4.0, gamma=0.5 ................................................
[CV] ................................. C=4.0, gamma=0.5, total=   0.5s
[CV] C=4.0, gamma=0.5 ................................................
[CV] ................................. C=4.0, gamma=0.5, total=   0.5s
[CV] C=4.0, gamma=1.0 ................................................
[CV] ................................. C=4.0, gamma=1.0, total=   0.5s
[CV] C=4.0, gamma=2.0 ................................................
[CV] ................................. C=4.0, gamma=2.0, total=   0.5s
[CV] C=8.0, gamma=0.00390625 .........................................
[CV] .......................... C=8.0, gamma=0.00390625, total=   0.4s
[CV] C=8.0, gamma=0.0078125 ..........................................
[CV] ........................... C=8.0, gamma=0.0078125, total=   0.4s
[CV] C=8.0, gamma=0.015625 ...........................................
[CV] ............................ C=8.0, gamma=0.015625, total=   0.4s
[CV] C=8.0, gamma=0.015625 ...........................................
[CV] ............................ C=8.0, gamma=0.015625, total=   0.4s
[CV] C=8.0, gamma=0.03125 ............................................
[CV] ............................. C=8.0, gamma=0.03125, total=   0.4s
[CV] C=8.0, gamma=0.0625 .............................................
[CV] .............................. C=8.0, gamma=0.0625, total=   0.4s
[CV] C=8.0, gamma=0.125 ..............................................
[CV] ............................... C=8.0, gamma=0.125, total=   0.5s
[CV] C=8.0, gamma=0.25 ...............................................
[CV] ................................ C=8.0, gamma=0.25, total=   0.4s
[CV] C=8.0, gamma=0.25 ...............................................
[CV] ................................ C=8.0, gamma=0.25, total=   0.4s
[CV] C=8.0, gamma=0.5 ................................................
[CV] ................................. C=8.0, gamma=0.5, total=   0.5s
[CV] C=8.0, gamma=1.0 ................................................
[CV] ................................. C=8.0, gamma=1.0, total=   0.4s
[CV] C=8.0, gamma=2.0 ................................................
[CV] ................................. C=8.0, gamma=2.0, total=   0.4s
[CV] C=8.0, gamma=2.0 ................................................
[CV] ................................. C=8.0, gamma=2.0, total=   0.5s
[CV] C=16.0, gamma=0.00390625 ........................................
[CV] ......................... C=16.0, gamma=0.00390625, total=   0.4s
[CV] C=16.0, gamma=0.0078125 .........................................
[CV] .......................... C=16.0, gamma=0.0078125, total=   0.4s
[CV] C=16.0, gamma=0.015625 ..........................................
[CV] ........................... C=16.0, gamma=0.015625, total=   0.4s
[CV] C=16.0, gamma=0.03125 ...........................................
[CV] ............................ C=16.0, gamma=0.03125, total=   0.5s
[CV] C=16.0, gamma=0.0625 ............................................
[CV] ............................. C=16.0, gamma=0.0625, total=   0.4s
[CV] C=16.0, gamma=0.0625 ............................................
[CV] ............................. C=16.0, gamma=0.0625, total=   0.4s
[CV] C=16.0, gamma=0.125 .............................................
[CV] .............................. C=16.0, gamma=0.125, total=   0.4s
[CV] C=16.0, gamma=0.25 ..............................................
[CV] ............................... C=16.0, gamma=0.25, total=   0.5s
[CV] C=16.0, gamma=0.5 ...............................................
[CV] ................................ C=16.0, gamma=0.5, total=   0.5s
[CV] C=16.0, gamma=1.0 ...............................................
[CV] ................................ C=16.0, gamma=1.0, total=   0.4s
[CV] C=16.0, gamma=1.0 ...............................................
[CV] ................................ C=16.0, gamma=1.0, total=   0.5s
[CV] C=16.0, gamma=2.0 ...............................................
[CV] ................................ C=16.0, gamma=2.0, total=   0.5s
[CV] C=32.0, gamma=0.00390625 ........................................
[CV] ......................... C=32.0, gamma=0.00390625, total=   0.4s
[CV] C=32.0, gamma=0.0078125 .........................................
[CV] .......................... C=32.0, gamma=0.0078125, total=   0.4s
[CV] C=32.0, gamma=0.015625 ..........................................
[CV] ........................... C=32.0, gamma=0.015625, total=   0.4s
[CV] C=32.0, gamma=0.015625 ..........................................
[CV] ........................... C=32.0, gamma=0.015625, total=   0.4s
[CV] C=32.0, gamma=0.03125 ...........................................
[CV] ............................ C=32.0, gamma=0.03125, total=   0.4s
[CV] C=32.0, gamma=0.0625 ............................................
[CV] ............................. C=32.0, gamma=0.0625, total=   0.4s
[CV] C=32.0, gamma=0.125 .............................................
[CV] .............................. C=32.0, gamma=0.125, total=   0.5s
[CV] C=32.0, gamma=0.25 ..............................................
[CV] ............................... C=32.0, gamma=0.25, total=   0.5s
[CV] C=32.0, gamma=0.25 ..............................................
[CV] ............................... C=32.0, gamma=0.25, total=   0.4s
[CV] C=32.0, gamma=0.5 ...............................................
[CV] ................................ C=32.0, gamma=0.5, total=   0.4s
[CV] C=32.0, gamma=1.0 ...............................................
[CV] ................................ C=32.0, gamma=1.0, total=   0.4s
[CV] C=32.0, gamma=2.0 ...............................................
[CV] ................................ C=32.0, gamma=2.0, total=   0.5s
[CV] C=32.0, gamma=2.0 ...............................................
[CV] ................................ C=32.0, gamma=2.0, total=   0.5s
[CV] C=64.0, gamma=0.00390625 ........................................
[CV] ......................... C=64.0, gamma=0.00390625, total=   0.4s
[CV] C=64.0, gamma=0.0078125 .........................................
[CV] .......................... C=64.0, gamma=0.0078125, total=   0.5s
[CV] C=64.0, gamma=0.015625 ..........................................
[CV] ........................... C=64.0, gamma=0.015625, total=   0.4s
[CV] C=64.0, gamma=0.03125 ...........................................
[CV] ............................ C=64.0, gamma=0.03125, total=   0.4s
[CV] C=64.0, gamma=0.0625 ............................................
[CV] ............................. C=64.0, gamma=0.0625, total=   0.4s
[CV] C=64.0, gamma=0.0625 ............................................
[CV] ............................. C=64.0, gamma=0.0625, total=   0.4s
[CV] C=64.0, gamma=0.125 .............................................
[CV] .............................. C=64.0, gamma=0.125, total=   0.5s
[CV] C=64.0, gamma=0.25 ..............................................
[CV] ............................... C=64.0, gamma=0.25, total=   0.4s
[CV] C=64.0, gamma=0.5 ...............................................
[CV] ................................ C=64.0, gamma=0.5, total=   0.4s
[CV] C=64.0, gamma=1.0 ...............................................
[CV] ................................ C=64.0, gamma=1.0, total=   0.4s
[CV] C=64.0, gamma=1.0 ...............................................
[CV] ................................ C=64.0, gamma=1.0, total=   0.5s
[CV] C=64.0, gamma=2.0 ...............................................
[CV] ................................ C=64.0, gamma=2.0, total=   0.4s
[CV] C=128.0, gamma=0.00390625 .......................................
[CV] ........................ C=128.0, gamma=0.00390625, total=   0.4s
[CV] C=128.0, gamma=0.0078125 ........................................
[CV] ......................... C=128.0, gamma=0.0078125, total=   0.4s
[CV] C=128.0, gamma=0.0078125 ........................................
[CV] ......................... C=128.0, gamma=0.0078125, total=   0.4s
[CV] C=128.0, gamma=0.015625 .........................................
[CV] .......................... C=128.0, gamma=0.015625, total=   0.4s
[CV] C=128.0, gamma=0.03125 ..........................................
[CV] ........................... C=128.0, gamma=0.03125, total=   0.4s
[CV] C=128.0, gamma=0.0625 ...........................................
[CV] ............................ C=128.0, gamma=0.0625, total=   0.4s
[CV] C=128.0, gamma=0.125 ............................................
[CV] ............................. C=128.0, gamma=0.125, total=   0.5s
[CV] C=128.0, gamma=0.125 ............................................
[CV] ............................. C=128.0, gamma=0.125, total=   0.5s
[CV] C=128.0, gamma=0.25 .............................................
[CV] .............................. C=128.0, gamma=0.25, total=   0.4s
[CV] C=128.0, gamma=0.5 ..............................................
[CV] ............................... C=128.0, gamma=0.5, total=   0.4s
[CV] C=128.0, gamma=1.0 ..............................................
[CV] ............................... C=128.0, gamma=1.0, total=   0.4s
[CV] C=128.0, gamma=1.0 ..............................................
[CV] ............................... C=128.0, gamma=1.0, total=   0.4s
[CV] C=128.0, gamma=2.0 ..............................................
[CV] ............................... C=128.0, gamma=2.0, total=   0.4s
[CV] C=256.0, gamma=0.00390625 .......................................
[CV] ........................ C=256.0, gamma=0.00390625, total=   0.4s
[CV] C=256.0, gamma=0.0078125 ........................................
[CV] ......................... C=256.0, gamma=0.0078125, total=   0.5s
[CV] C=256.0, gamma=0.015625 .........................................
[CV] .......................... C=256.0, gamma=0.015625, total=   0.5s
[CV] C=256.0, gamma=0.03125 ..........................................
[CV] ........................... C=256.0, gamma=0.03125, total=   0.5s
[CV] C=256.0, gamma=0.03125 ..........................................
[CV] ........................... C=256.0, gamma=0.03125, total=   0.4s
[CV] C=256.0, gamma=0.0625 ...........................................
[CV] ............................ C=256.0, gamma=0.0625, total=   0.4s
[CV] C=256.0, gamma=0.125 ............................................
[CV] ............................. C=256.0, gamma=0.125, total=   0.4s
[CV] C=256.0, gamma=0.25 .............................................
[CV] .............................. C=256.0, gamma=0.25, total=   0.5s
[CV] C=256.0, gamma=0.5 ..............................................
[CV] ............................... C=256.0, gamma=0.5, total=   0.5s
[CV] C=256.0, gamma=0.5 ..............................................
[CV] ............................... C=256.0, gamma=0.5, total=   0.5s
[CV] C=256.0, gamma=1.0 ..............................................
[CV] ............................... C=256.0, gamma=1.0, total=   0.4s
[CV] C=256.0, gamma=2.0 ..............................................
[CV] ............................... C=256.0, gamma=2.0, total=   0.4s
[CV] C=512.0, gamma=0.00390625 .......................................
[CV] ........................ C=512.0, gamma=0.00390625, total=   0.4s
[CV] C=512.0, gamma=0.0078125 ........................................
[CV] ......................... C=512.0, gamma=0.0078125, total=   0.4s
[CV] C=512.0, gamma=0.0078125 ........................................
[CV] ......................... C=512.0, gamma=0.0078125, total=   0.4s
[CV] C=512.0, gamma=0.015625 .........................................
[CV] .......................... C=512.0, gamma=0.015625, total=   0.4s
[CV] C=512.0, gamma=0.03125 ..........................................
[CV] ........................... C=512.0, gamma=0.03125, total=   0.4s
[CV] C=512.0, gamma=0.0625 ...........................................
[CV] ............................ C=512.0, gamma=0.0625, total=   0.4s
[CV] C=512.0, gamma=0.125 ............................................
[CV] ............................. C=512.0, gamma=0.125, total=   0.4s
[CV] C=512.0, gamma=0.125 ............................................
[CV] ............................. C=512.0, gamma=0.125, total=   0.4s
[CV] C=512.0, gamma=0.25 .............................................
[CV] .............................. C=512.0, gamma=0.25, total=   0.4s
[CV] C=512.0, gamma=0.5 ..............................................
[CV] ............................... C=512.0, gamma=0.5, total=   0.4s
[CV] C=512.0, gamma=1.0 ..............................................
[CV] ............................... C=512.0, gamma=1.0, total=   0.5s
[CV] C=512.0, gamma=1.0 ..............................................
[CV] ............................... C=512.0, gamma=1.0, total=   0.5s
[CV] C=512.0, gamma=2.0 ..............................................
[CV] ............................... C=512.0, gamma=2.0, total=   0.5s
[CV] C=1024.0, gamma=0.00390625 ......................................
[CV] ....................... C=1024.0, gamma=0.00390625, total=   0.4s
[CV] C=1024.0, gamma=0.0078125 .......................................
[CV] ........................ C=1024.0, gamma=0.0078125, total=   0.4s
[CV] C=1024.0, gamma=0.015625 ........................................
[CV] ......................... C=1024.0, gamma=0.015625, total=   0.4s
[CV] C=1024.0, gamma=0.015625 ........................................
[CV] ......................... C=1024.0, gamma=0.015625, total=   0.4s
[CV] C=1024.0, gamma=0.03125 .........................................
[CV] .......................... C=1024.0, gamma=0.03125, total=   0.4s
[CV] C=1024.0, gamma=0.0625 ..........................................
[CV] ........................... C=1024.0, gamma=0.0625, total=   0.4s
[CV] C=1024.0, gamma=0.125 ...........................................
[CV] ............................ C=1024.0, gamma=0.125, total=   0.4s
[CV] C=1024.0, gamma=0.25 ............................................
[CV] ............................. C=1024.0, gamma=0.25, total=   0.4s
[CV] C=1024.0, gamma=0.25 ............................................
[CV] ............................. C=1024.0, gamma=0.25, total=   0.4s
[CV] C=1024.0, gamma=0.5 .............................................
[CV] .............................. C=1024.0, gamma=0.5, total=   0.4s
[CV] C=1024.0, gamma=1.0 .............................................
[CV] .............................. C=1024.0, gamma=1.0, total=   0.5s
[CV] C=1024.0, gamma=2.0 .............................................
[CV] .............................. C=1024.0, gamma=2.0, total=   0.5s
[CV] C=2.0, gamma=0.00390625 .........................................
[CV] .......................... C=2.0, gamma=0.00390625, total=   0.4s
[CV] C=2.0, gamma=0.00390625 .........................................
[CV] .......................... C=2.0, gamma=0.00390625, total=   0.4s
[CV] C=2.0, gamma=0.0078125 ..........................................
[CV] ........................... C=2.0, gamma=0.0078125, total=   0.5s
[CV] C=2.0, gamma=0.015625 ...........................................
[CV] ............................ C=2.0, gamma=0.015625, total=   0.5s
[CV] C=2.0, gamma=0.03125 ............................................
[CV] ............................. C=2.0, gamma=0.03125, total=   0.4s
[CV] C=2.0, gamma=0.0625 .............................................
[CV] .............................. C=2.0, gamma=0.0625, total=   0.4s
[CV] C=2.0, gamma=0.125 ..............................................
[CV] ............................... C=2.0, gamma=0.125, total=   0.4s
[CV] C=2.0, gamma=0.125 ..............................................
[CV] ............................... C=2.0, gamma=0.125, total=   0.4s
[CV] C=2.0, gamma=0.25 ...............................................
[CV] ................................ C=2.0, gamma=0.25, total=   0.4s
[CV] C=2.0, gamma=0.5 ................................................
[CV] ................................. C=2.0, gamma=0.5, total=   0.4s
[CV] C=2.0, gamma=1.0 ................................................
[CV] ................................. C=2.0, gamma=1.0, total=   0.4s
[CV] C=2.0, gamma=1.0 ................................................
[CV] ................................. C=2.0, gamma=1.0, total=   0.5s
[CV] C=2.0, gamma=2.0 ................................................
[CV] ................................. C=2.0, gamma=2.0, total=   0.5s
[CV] C=4.0, gamma=0.00390625 .........................................
[CV] .......................... C=4.0, gamma=0.00390625, total=   0.4s
[CV] C=4.0, gamma=0.0078125 ..........................................
[CV] ........................... C=4.0, gamma=0.0078125, total=   0.4s
[CV] C=4.0, gamma=0.015625 ...........................................
[CV] ............................ C=4.0, gamma=0.015625, total=   0.4s
[CV] C=4.0, gamma=0.015625 ...........................................
[CV] ............................ C=4.0, gamma=0.015625, total=   0.4s
[CV] C=4.0, gamma=0.03125 ............................................
[CV] ............................. C=4.0, gamma=0.03125, total=   0.4s
[CV] C=4.0, gamma=0.0625 .............................................
[CV] .............................. C=4.0, gamma=0.0625, total=   0.5s
[CV] C=4.0, gamma=0.125 ..............................................
[CV] ............................... C=4.0, gamma=0.125, total=   0.5s
[CV] C=4.0, gamma=0.25 ...............................................
[CV] ................................ C=4.0, gamma=0.25, total=   0.5s
[CV] C=4.0, gamma=0.25 ...............................................
[CV] ................................ C=4.0, gamma=0.25, total=   0.5s
[CV] C=4.0, gamma=0.5 ................................................
[CV] ................................. C=4.0, gamma=0.5, total=   0.4s
[CV] C=4.0, gamma=1.0 ................................................
[CV] ................................. C=4.0, gamma=1.0, total=   0.4s
[CV] C=4.0, gamma=2.0 ................................................
[CV] ................................. C=4.0, gamma=2.0, total=   0.4s
[CV] C=8.0, gamma=0.00390625 .........................................
[CV] .......................... C=8.0, gamma=0.00390625, total=   0.4s
[CV] C=8.0, gamma=0.00390625 .........................................
[CV] .......................... C=8.0, gamma=0.00390625, total=   0.4s
[CV] C=8.0, gamma=0.0078125 ..........................................
[CV] ........................... C=8.0, gamma=0.0078125, total=   0.4s
[CV] C=8.0, gamma=0.015625 ...........................................
[CV] ............................ C=8.0, gamma=0.015625, total=   0.4s
[CV] C=8.0, gamma=0.03125 ............................................
[CV] ............................. C=8.0, gamma=0.03125, total=   0.5s
[CV] C=8.0, gamma=0.03125 ............................................
[CV] ............................. C=8.0, gamma=0.03125, total=   0.4s
[CV] C=8.0, gamma=0.0625 .............................................
[CV] .............................. C=8.0, gamma=0.0625, total=   0.4s
[CV] C=8.0, gamma=0.125 ..............................................
[CV] ............................... C=8.0, gamma=0.125, total=   0.4s
[CV] C=8.0, gamma=0.25 ...............................................
[CV] ................................ C=8.0, gamma=0.25, total=   0.5s
[CV] C=8.0, gamma=0.5 ................................................
[CV] ................................. C=8.0, gamma=0.5, total=   0.5s
[CV] C=8.0, gamma=0.5 ................................................
[CV] ................................. C=8.0, gamma=0.5, total=   0.5s
[CV] C=8.0, gamma=1.0 ................................................
[CV] ................................. C=8.0, gamma=1.0, total=   0.5s
[CV] C=8.0, gamma=2.0 ................................................
[CV] ................................. C=8.0, gamma=2.0, total=   0.5s
[CV] C=16.0, gamma=0.00390625 ........................................
[CV] ......................... C=16.0, gamma=0.00390625, total=   0.4s
[CV] C=16.0, gamma=0.0078125 .........................................
[CV] .......................... C=16.0, gamma=0.0078125, total=   0.4s
[CV] C=16.0, gamma=0.0078125 .........................................
[CV] .......................... C=16.0, gamma=0.0078125, total=   0.5s
[CV] C=16.0, gamma=0.015625 ..........................................
[CV] ........................... C=16.0, gamma=0.015625, total=   0.5s
[CV] C=16.0, gamma=0.03125 ...........................................
[CV] ............................ C=16.0, gamma=0.03125, total=   0.4s
[CV] C=16.0, gamma=0.0625 ............................................
[CV] ............................. C=16.0, gamma=0.0625, total=   0.5s
[CV] C=16.0, gamma=0.125 .............................................
[CV] .............................. C=16.0, gamma=0.125, total=   0.5s
[CV] C=16.0, gamma=0.125 .............................................
[CV] .............................. C=16.0, gamma=0.125, total=   0.4s
[CV] C=16.0, gamma=0.25 ..............................................
[CV] ............................... C=16.0, gamma=0.25, total=   0.4s
[CV] C=16.0, gamma=0.5 ...............................................
[CV] ................................ C=16.0, gamma=0.5, total=   0.4s
[CV] C=16.0, gamma=1.0 ...............................................
[CV] ................................ C=16.0, gamma=1.0, total=   0.5s
[CV] C=16.0, gamma=2.0 ...............................................
[CV] ................................ C=16.0, gamma=2.0, total=   0.4s
[CV] C=16.0, gamma=2.0 ...............................................
[CV] ................................ C=16.0, gamma=2.0, total=   0.4s
[CV] C=32.0, gamma=0.00390625 ........................................
[CV] ......................... C=32.0, gamma=0.00390625, total=   0.4s
[CV] C=32.0, gamma=0.0078125 .........................................
[CV] .......................... C=32.0, gamma=0.0078125, total=   0.5s
[CV] C=32.0, gamma=0.015625 ..........................................
[CV] ........................... C=32.0, gamma=0.015625, total=   0.5s
[CV] C=32.0, gamma=0.03125 ...........................................
[CV] ............................ C=32.0, gamma=0.03125, total=   0.5s
[CV] C=32.0, gamma=0.03125 ...........................................
[CV] ............................ C=32.0, gamma=0.03125, total=   0.4s
[CV] C=32.0, gamma=0.0625 ............................................
[CV] ............................. C=32.0, gamma=0.0625, total=   0.4s
[CV] C=32.0, gamma=0.125 .............................................
[CV] .............................. C=32.0, gamma=0.125, total=   0.4s
[CV] C=32.0, gamma=0.25 ..............................................
[CV] ............................... C=32.0, gamma=0.25, total=   0.5s
[CV] C=32.0, gamma=0.5 ...............................................
[CV] ................................ C=32.0, gamma=0.5, total=   0.5s
[CV] C=32.0, gamma=0.5 ...............................................
[CV] ................................ C=32.0, gamma=0.5, total=   0.5s
[CV] C=32.0, gamma=1.0 ...............................................
[CV] ................................ C=32.0, gamma=1.0, total=   0.5s
[CV] C=32.0, gamma=2.0 ...............................................
[CV] ................................ C=32.0, gamma=2.0, total=   0.4s
[CV] C=64.0, gamma=0.00390625 ........................................
[CV] ......................... C=64.0, gamma=0.00390625, total=   0.4s
[CV] C=64.0, gamma=0.0078125 .........................................
[CV] .......................... C=64.0, gamma=0.0078125, total=   0.4s
[CV] C=64.0, gamma=0.0078125 .........................................
[CV] .......................... C=64.0, gamma=0.0078125, total=   0.4s
[CV] C=64.0, gamma=0.015625 ..........................................
[CV] ........................... C=64.0, gamma=0.015625, total=   0.5s
[CV] C=64.0, gamma=0.03125 ...........................................
[CV] ............................ C=64.0, gamma=0.03125, total=   0.4s
[CV] C=64.0, gamma=0.0625 ............................................
[CV] ............................. C=64.0, gamma=0.0625, total=   0.5s
[CV] C=64.0, gamma=0.125 .............................................
[CV] .............................. C=64.0, gamma=0.125, total=   0.4s
[CV] C=64.0, gamma=0.125 .............................................
[CV] .............................. C=64.0, gamma=0.125, total=   0.4s
[CV] C=64.0, gamma=0.25 ..............................................
[CV] ............................... C=64.0, gamma=0.25, total=   0.5s
[CV] C=64.0, gamma=0.5 ...............................................
[CV] ................................ C=64.0, gamma=0.5, total=   0.5s
[CV] C=64.0, gamma=1.0 ...............................................
[CV] ................................ C=64.0, gamma=1.0, total=   0.5s
[CV] C=64.0, gamma=2.0 ...............................................
[CV] ................................ C=64.0, gamma=2.0, total=   0.4s
[CV] C=64.0, gamma=2.0 ...............................................
[CV] ................................ C=64.0, gamma=2.0, total=   0.5s
[CV] C=128.0, gamma=0.00390625 .......................................
[CV] ........................ C=128.0, gamma=0.00390625, total=   0.5s
[CV] C=128.0, gamma=0.0078125 ........................................
[CV] ......................... C=128.0, gamma=0.0078125, total=   0.5s
[CV] C=128.0, gamma=0.015625 .........................................
[CV] .......................... C=128.0, gamma=0.015625, total=   0.5s
[CV] C=128.0, gamma=0.03125 ..........................................
[CV] ........................... C=128.0, gamma=0.03125, total=   0.4s
[CV] C=128.0, gamma=0.0625 ...........................................
[CV] ............................ C=128.0, gamma=0.0625, total=   0.4s
[CV] C=128.0, gamma=0.0625 ...........................................
[CV] ............................ C=128.0, gamma=0.0625, total=   0.4s
[CV] C=128.0, gamma=0.125 ............................................
[CV] ............................. C=128.0, gamma=0.125, total=   0.4s
[CV] C=128.0, gamma=0.25 .............................................
[CV] .............................. C=128.0, gamma=0.25, total=   0.5s
[CV] C=128.0, gamma=0.5 ..............................................
[CV] ............................... C=128.0, gamma=0.5, total=   0.5s
[CV] C=128.0, gamma=1.0 ..............................................
[CV] ............................... C=128.0, gamma=1.0, total=   0.5s
[CV] C=128.0, gamma=2.0 ..............................................
[CV] ............................... C=128.0, gamma=2.0, total=   0.5s
[CV] C=128.0, gamma=2.0 ..............................................
[CV] ............................... C=128.0, gamma=2.0, total=   0.5s
[CV] C=256.0, gamma=0.00390625 .......................................
[CV] ........................ C=256.0, gamma=0.00390625, total=   0.4s
[CV] C=256.0, gamma=0.0078125 ........................................
[CV] ......................... C=256.0, gamma=0.0078125, total=   0.4s
[CV] C=256.0, gamma=0.015625 .........................................
[CV] .......................... C=256.0, gamma=0.015625, total=   0.4s
[CV] C=256.0, gamma=0.015625 .........................................
[CV] .......................... C=256.0, gamma=0.015625, total=   0.4s
[CV] C=256.0, gamma=0.03125 ..........................................
[CV] ........................... C=256.0, gamma=0.03125, total=   0.4s
[CV] C=256.0, gamma=0.0625 ...........................................
[CV] ............................ C=256.0, gamma=0.0625, total=   0.4s
[CV] C=256.0, gamma=0.125 ............................................
[CV] ............................. C=256.0, gamma=0.125, total=   0.5s
[CV] C=256.0, gamma=0.25 .............................................
[CV] .............................. C=256.0, gamma=0.25, total=   0.5s
[CV] C=256.0, gamma=0.25 .............................................
[CV] .............................. C=256.0, gamma=0.25, total=   0.4s
[CV] C=256.0, gamma=0.5 ..............................................
[CV] ............................... C=256.0, gamma=0.5, total=   0.4s
[CV] C=256.0, gamma=1.0 ..............................................
[CV] ............................... C=256.0, gamma=1.0, total=   0.5s
[CV] C=256.0, gamma=2.0 ..............................................
[CV] ............................... C=256.0, gamma=2.0, total=   0.5s
[CV] C=512.0, gamma=0.00390625 .......................................
[CV] ........................ C=512.0, gamma=0.00390625, total=   0.4s
[CV] C=512.0, gamma=0.00390625 .......................................
[CV] ........................ C=512.0, gamma=0.00390625, total=   0.4s
[CV] C=512.0, gamma=0.0078125 ........................................
[CV] ......................... C=512.0, gamma=0.0078125, total=   0.5s
[CV] C=512.0, gamma=0.015625 .........................................
[CV] .......................... C=512.0, gamma=0.015625, total=   0.5s
[CV] C=512.0, gamma=0.03125 ..........................................
[CV] ........................... C=512.0, gamma=0.03125, total=   0.4s
[CV] C=512.0, gamma=0.0625 ...........................................
[CV] ............................ C=512.0, gamma=0.0625, total=   0.4s
[CV] C=512.0, gamma=0.0625 ...........................................
[CV] ............................ C=512.0, gamma=0.0625, total=   0.5s
[CV] C=512.0, gamma=0.125 ............................................
[CV] ............................. C=512.0, gamma=0.125, total=   0.5s
[CV] C=512.0, gamma=0.25 .............................................
[CV] .............................. C=512.0, gamma=0.25, total=   0.5s
[CV] C=512.0, gamma=0.5 ..............................................
[CV] ............................... C=512.0, gamma=0.5, total=   0.5s
[CV] C=512.0, gamma=1.0 ..............................................
[CV] ............................... C=512.0, gamma=1.0, total=   0.5s
[CV] C=512.0, gamma=2.0 ..............................................
[CV] ............................... C=512.0, gamma=2.0, total=   0.4s
[CV] C=512.0, gamma=2.0 ..............................................
[CV] ............................... C=512.0, gamma=2.0, total=   0.4s
[CV] C=1024.0, gamma=0.00390625 ......................................
[CV] ....................... C=1024.0, gamma=0.00390625, total=   0.4s
[CV] C=1024.0, gamma=0.0078125 .......................................
[CV] ........................ C=1024.0, gamma=0.0078125, total=   0.4s
[CV] C=1024.0, gamma=0.015625 ........................................
[CV] ......................... C=1024.0, gamma=0.015625, total=   0.5s
[CV] C=1024.0, gamma=0.03125 .........................................
[CV] .......................... C=1024.0, gamma=0.03125, total=   0.5s
[CV] C=1024.0, gamma=0.03125 .........................................
[CV] .......................... C=1024.0, gamma=0.03125, total=   0.4s
[CV] C=1024.0, gamma=0.0625 ..........................................
[CV] ........................... C=1024.0, gamma=0.0625, total=   0.4s
[CV] C=1024.0, gamma=0.125 ...........................................
[CV] ............................ C=1024.0, gamma=0.125, total=   0.5s
[CV] C=1024.0, gamma=0.25 ............................................
[CV] ............................. C=1024.0, gamma=0.25, total=   0.5s
[CV] C=1024.0, gamma=0.5 .............................................
[CV] .............................. C=1024.0, gamma=0.5, total=   0.5s
[CV] C=1024.0, gamma=0.5 .............................................
[CV] .............................. C=1024.0, gamma=0.5, total=   0.5s
[CV] C=1024.0, gamma=1.0 .............................................
[CV] .............................. C=1024.0, gamma=1.0, total=   0.4s
[CV] C=1024.0, gamma=2.0 .............................................
[CV] .............................. C=1024.0, gamma=2.0, total=   0.4s
[CV] C=2.0, gamma=0.00390625 .........................................
[CV] .......................... C=2.0, gamma=0.00390625, total=   0.4s
[CV] C=2.0, gamma=0.0078125 ..........................................
[CV] ........................... C=2.0, gamma=0.0078125, total=   0.4s
[CV] C=2.0, gamma=0.015625 ...........................................
[CV] ............................ C=2.0, gamma=0.015625, total=   0.5s
[CV] C=2.0, gamma=0.015625 ...........................................
[CV] ............................ C=2.0, gamma=0.015625, total=   0.5s
[CV] C=2.0, gamma=0.03125 ............................................
[CV] ............................. C=2.0, gamma=0.03125, total=   0.5s
[CV] C=2.0, gamma=0.0625 .............................................
[CV] .............................. C=2.0, gamma=0.0625, total=   0.5s
[CV] C=2.0, gamma=0.125 ..............................................
[CV] ............................... C=2.0, gamma=0.125, total=   0.5s
[CV] C=2.0, gamma=0.25 ...............................................
[CV] ................................ C=2.0, gamma=0.25, total=   0.5s
[CV] C=2.0, gamma=0.5 ................................................
[CV] ................................. C=2.0, gamma=0.5, total=   0.5s
[CV] C=2.0, gamma=0.5 ................................................
[CV] ................................. C=2.0, gamma=0.5, total=   0.5s
[CV] C=2.0, gamma=1.0 ................................................
[CV] ................................. C=2.0, gamma=1.0, total=   0.4s
[CV] C=2.0, gamma=2.0 ................................................
[CV] ................................. C=2.0, gamma=2.0, total=   0.4s
[CV] C=4.0, gamma=0.00390625 .........................................
[CV] .......................... C=4.0, gamma=0.00390625, total=   0.4s
[CV] C=4.0, gamma=0.0078125 ..........................................
[CV] ........................... C=4.0, gamma=0.0078125, total=   0.4s
[CV] C=4.0, gamma=0.0078125 ..........................................
[CV] ........................... C=4.0, gamma=0.0078125, total=   0.5s
[CV] C=4.0, gamma=0.015625 ...........................................
[CV] ............................ C=4.0, gamma=0.015625, total=   0.5s
[CV] C=4.0, gamma=0.03125 ............................................
[CV] ............................. C=4.0, gamma=0.03125, total=   0.4s
[CV] C=4.0, gamma=0.0625 .............................................
[CV] .............................. C=4.0, gamma=0.0625, total=   0.4s
[CV] C=4.0, gamma=0.125 ..............................................
[CV] ............................... C=4.0, gamma=0.125, total=   0.4s
[CV] C=4.0, gamma=0.125 ..............................................
[CV] ............................... C=4.0, gamma=0.125, total=   0.4s
[CV] C=4.0, gamma=0.25 ...............................................
[CV] ................................ C=4.0, gamma=0.25, total=   0.4s
[CV] C=4.0, gamma=0.5 ................................................
[CV] ................................. C=4.0, gamma=0.5, total=   0.5s
[CV] C=4.0, gamma=1.0 ................................................
[CV] ................................. C=4.0, gamma=1.0, total=   0.5s
[CV] C=4.0, gamma=2.0 ................................................
[CV] ................................. C=4.0, gamma=2.0, total=   0.5s
[CV] C=4.0, gamma=2.0 ................................................
[CV] ................................. C=4.0, gamma=2.0, total=   0.5s
[CV] C=8.0, gamma=0.00390625 .........................................
[CV] .......................... C=8.0, gamma=0.00390625, total=   0.4s
[CV] C=8.0, gamma=0.0078125 ..........................................
[CV] ........................... C=8.0, gamma=0.0078125, total=   0.4s
[CV] C=8.0, gamma=0.015625 ...........................................
[CV] ............................ C=8.0, gamma=0.015625, total=   0.4s
[CV] C=8.0, gamma=0.03125 ............................................
[CV] ............................. C=8.0, gamma=0.03125, total=   0.4s
[CV] C=8.0, gamma=0.0625 .............................................
[CV] .............................. C=8.0, gamma=0.0625, total=   0.5s
[CV] C=8.0, gamma=0.0625 .............................................
[CV] .............................. C=8.0, gamma=0.0625, total=   0.4s
[CV] C=8.0, gamma=0.125 ..............................................
[CV] ............................... C=8.0, gamma=0.125, total=   0.4s
[CV] C=8.0, gamma=0.25 ...............................................
[CV] ................................ C=8.0, gamma=0.25, total=   0.4s
[CV] C=8.0, gamma=0.5 ................................................
[CV] ................................. C=8.0, gamma=0.5, total=   0.5s
[CV] C=8.0, gamma=1.0 ................................................
[CV] ................................. C=8.0, gamma=1.0, total=   0.4s
[CV] C=8.0, gamma=1.0 ................................................
[CV] ................................. C=8.0, gamma=1.0, total=   0.4s
[CV] C=8.0, gamma=2.0 ................................................
[CV] ................................. C=8.0, gamma=2.0, total=   0.4s
[CV] C=16.0, gamma=0.00390625 ........................................
[CV] ......................... C=16.0, gamma=0.00390625, total=   0.4s
[CV] C=16.0, gamma=0.0078125 .........................................
[CV] .......................... C=16.0, gamma=0.0078125, total=   0.4s
[CV] C=16.0, gamma=0.015625 ..........................................
[CV] ........................... C=16.0, gamma=0.015625, total=   0.4s
[CV] C=16.0, gamma=0.015625 ..........................................
[CV] ........................... C=16.0, gamma=0.015625, total=   0.5s
[CV] C=16.0, gamma=0.03125 ...........................................
[CV] ............................ C=16.0, gamma=0.03125, total=   0.4s
[CV] C=16.0, gamma=0.0625 ............................................
[CV] ............................. C=16.0, gamma=0.0625, total=   0.4s
[CV] C=16.0, gamma=0.125 .............................................
[CV] .............................. C=16.0, gamma=0.125, total=   0.5s
[CV] C=16.0, gamma=0.25 ..............................................
[CV] ............................... C=16.0, gamma=0.25, total=   0.5s
[CV] C=16.0, gamma=0.25 ..............................................
[CV] ............................... C=16.0, gamma=0.25, total=   0.5s
[CV] C=16.0, gamma=0.5 ...............................................
[CV] ................................ C=16.0, gamma=0.5, total=   0.5s
[CV] C=16.0, gamma=1.0 ...............................................
[CV] ................................ C=16.0, gamma=1.0, total=   0.4s
[CV] C=16.0, gamma=2.0 ...............................................
[CV] ................................ C=16.0, gamma=2.0, total=   0.5s
[CV] C=32.0, gamma=0.00390625 ........................................
[CV] ......................... C=32.0, gamma=0.00390625, total=   0.4s
[CV] C=32.0, gamma=0.00390625 ........................................
[CV] ......................... C=32.0, gamma=0.00390625, total=   0.4s
[CV] C=32.0, gamma=0.0078125 .........................................
[CV] .......................... C=32.0, gamma=0.0078125, total=   0.4s
[CV] C=32.0, gamma=0.015625 ..........................................
[CV] ........................... C=32.0, gamma=0.015625, total=   0.4s
[CV] C=32.0, gamma=0.03125 ...........................................
[CV] ............................ C=32.0, gamma=0.03125, total=   0.4s
[CV] C=32.0, gamma=0.0625 ............................................
[CV] ............................. C=32.0, gamma=0.0625, total=   0.4s
[CV] C=32.0, gamma=0.0625 ............................................
[CV] ............................. C=32.0, gamma=0.0625, total=   0.5s
[CV] C=32.0, gamma=0.125 .............................................
[CV] .............................. C=32.0, gamma=0.125, total=   0.5s
[CV] C=32.0, gamma=0.25 ..............................................
[CV] ............................... C=32.0, gamma=0.25, total=   0.4s
[CV] C=32.0, gamma=0.5 ...............................................
[CV] ................................ C=32.0, gamma=0.5, total=   0.5s
[CV] C=32.0, gamma=1.0 ...............................................
[CV] ................................ C=32.0, gamma=1.0, total=   0.4s
[CV] C=32.0, gamma=1.0 ...............................................
[CV] ................................ C=32.0, gamma=1.0, total=   0.4s
[CV] C=32.0, gamma=2.0 ...............................................
[CV] ................................ C=32.0, gamma=2.0, total=   0.5s
[CV] C=64.0, gamma=0.00390625 ........................................
[CV] ......................... C=64.0, gamma=0.00390625, total=   0.4s
[CV] C=64.0, gamma=0.0078125 .........................................
[CV] .......................... C=64.0, gamma=0.0078125, total=   0.4s
[CV] C=64.0, gamma=0.015625 ..........................................
[CV] ........................... C=64.0, gamma=0.015625, total=   0.5s
[CV] C=64.0, gamma=0.015625 ..........................................
[CV] ........................... C=64.0, gamma=0.015625, total=   0.4s
[CV] C=64.0, gamma=0.03125 ...........................................
[CV] ............................ C=64.0, gamma=0.03125, total=   0.4s
[CV] C=64.0, gamma=0.0625 ............................................
[CV] ............................. C=64.0, gamma=0.0625, total=   0.4s
[CV] C=64.0, gamma=0.125 .............................................
[CV] .............................. C=64.0, gamma=0.125, total=   0.5s
[CV] C=64.0, gamma=0.25 ..............................................
[CV] ............................... C=64.0, gamma=0.25, total=   0.5s
[CV] C=64.0, gamma=0.25 ..............................................
[CV] ............................... C=64.0, gamma=0.25, total=   0.4s
[CV] C=64.0, gamma=0.5 ...............................................
[CV] ................................ C=64.0, gamma=0.5, total=   0.4s
[CV] C=64.0, gamma=1.0 ...............................................
[CV] ................................ C=64.0, gamma=1.0, total=   0.4s
[CV] C=64.0, gamma=2.0 ...............................................
[CV] ................................ C=64.0, gamma=2.0, total=   0.5s
[CV] C=128.0, gamma=0.00390625 .......................................
[CV] ........................ C=128.0, gamma=0.00390625, total=   0.4s
[CV] C=128.0, gamma=0.00390625 .......................................
[CV] ........................ C=128.0, gamma=0.00390625, total=   0.4s
[CV] C=128.0, gamma=0.0078125 ........................................
[CV] ......................... C=128.0, gamma=0.0078125, total=   0.4s
[CV] C=128.0, gamma=0.015625 .........................................
[CV] .......................... C=128.0, gamma=0.015625, total=   0.4s
[CV] C=128.0, gamma=0.015625 .........................................
[CV] .......................... C=128.0, gamma=0.015625, total=   0.4s
[CV] C=128.0, gamma=0.03125 ..........................................
[CV] ........................... C=128.0, gamma=0.03125, total=   0.4s
[CV] C=128.0, gamma=0.0625 ...........................................
[CV] ............................ C=128.0, gamma=0.0625, total=   0.5s
[CV] C=128.0, gamma=0.125 ............................................
[CV] ............................. C=128.0, gamma=0.125, total=   0.5s
[CV] C=128.0, gamma=0.25 .............................................
[CV] .............................. C=128.0, gamma=0.25, total=   0.5s
[CV] C=128.0, gamma=0.5 ..............................................
[CV] ............................... C=128.0, gamma=0.5, total=   0.4s
[CV] C=128.0, gamma=0.5 ..............................................
[CV] ............................... C=128.0, gamma=0.5, total=   0.4s
[CV] C=128.0, gamma=1.0 ..............................................
[CV] ............................... C=128.0, gamma=1.0, total=   0.4s
[CV] C=128.0, gamma=2.0 ..............................................
[CV] ............................... C=128.0, gamma=2.0, total=   0.4s
[CV] C=256.0, gamma=0.00390625 .......................................
[CV] ........................ C=256.0, gamma=0.00390625, total=   0.4s
[CV] C=256.0, gamma=0.00390625 .......................................
[CV] ........................ C=256.0, gamma=0.00390625, total=   0.4s
[CV] C=256.0, gamma=0.0078125 ........................................
[CV] ......................... C=256.0, gamma=0.0078125, total=   0.5s
[CV] C=256.0, gamma=0.015625 .........................................
[CV] .......................... C=256.0, gamma=0.015625, total=   0.5s
[CV] C=256.0, gamma=0.03125 ..........................................
[CV] ........................... C=256.0, gamma=0.03125, total=   0.5s
[CV] C=256.0, gamma=0.0625 ...........................................
[CV] ............................ C=256.0, gamma=0.0625, total=   0.5s
[CV] C=256.0, gamma=0.125 ............................................
[CV] ............................. C=256.0, gamma=0.125, total=   0.4s
[CV] C=256.0, gamma=0.125 ............................................
[CV] ............................. C=256.0, gamma=0.125, total=   0.4s
[CV] C=256.0, gamma=0.25 .............................................
[CV] .............................. C=256.0, gamma=0.25, total=   0.4s
[CV] C=256.0, gamma=0.5 ..............................................
[CV] ............................... C=256.0, gamma=0.5, total=   0.5s
[CV] C=256.0, gamma=1.0 ..............................................
[CV] ............................... C=256.0, gamma=1.0, total=   0.5s
[CV] C=256.0, gamma=2.0 ..............................................
[CV] ............................... C=256.0, gamma=2.0, total=   0.4s
[CV] C=256.0, gamma=2.0 ..............................................
[CV] ............................... C=256.0, gamma=2.0, total=   0.5s
[CV] C=512.0, gamma=0.00390625 .......................................
[CV] ........................ C=512.0, gamma=0.00390625, total=   0.4s
[CV] C=512.0, gamma=0.0078125 ........................................
[CV] ......................... C=512.0, gamma=0.0078125, total=   0.4s
[CV] C=512.0, gamma=0.015625 .........................................
[CV] .......................... C=512.0, gamma=0.015625, total=   0.4s
[CV] C=512.0, gamma=0.015625 .........................................
[CV] .......................... C=512.0, gamma=0.015625, total=   0.5s
[CV] C=512.0, gamma=0.03125 ..........................................
[CV] ........................... C=512.0, gamma=0.03125, total=   0.5s
[CV] C=512.0, gamma=0.0625 ...........................................
[CV] ............................ C=512.0, gamma=0.0625, total=   0.4s
[CV] C=512.0, gamma=0.125 ............................................
[CV] ............................. C=512.0, gamma=0.125, total=   0.4s
[CV] C=512.0, gamma=0.25 .............................................
[CV] .............................. C=512.0, gamma=0.25, total=   0.4s
[CV] C=512.0, gamma=0.25 .............................................
[CV] .............................. C=512.0, gamma=0.25, total=   0.4s
[CV] C=512.0, gamma=0.5 ..............................................
[CV] ............................... C=512.0, gamma=0.5, total=   0.4s
[CV] C=512.0, gamma=1.0 ..............................................
[CV] ............................... C=512.0, gamma=1.0, total=   0.5s
[CV] C=512.0, gamma=2.0 ..............................................
[CV] ............................... C=512.0, gamma=2.0, total=   0.5s
[CV] C=1024.0, gamma=0.00390625 ......................................
[CV] ....................... C=1024.0, gamma=0.00390625, total=   0.4s
[CV] C=1024.0, gamma=0.00390625 ......................................
[CV] ....................... C=1024.0, gamma=0.00390625, total=   0.5s
[CV] C=1024.0, gamma=0.0078125 .......................................
[CV] ........................ C=1024.0, gamma=0.0078125, total=   0.4s
[CV] C=1024.0, gamma=0.015625 ........................................
[CV] ......................... C=1024.0, gamma=0.015625, total=   0.4s
[CV] C=1024.0, gamma=0.03125 .........................................
[CV] .......................... C=1024.0, gamma=0.03125, total=   0.4s
[CV] C=1024.0, gamma=0.0625 ..........................................
[CV] ........................... C=1024.0, gamma=0.0625, total=   0.5s
[CV] C=1024.0, gamma=0.0625 ..........................................
[CV] ........................... C=1024.0, gamma=0.0625, total=   0.4s
[CV] C=1024.0, gamma=0.125 ...........................................
[CV] ............................ C=1024.0, gamma=0.125, total=   0.4s
[CV] C=1024.0, gamma=0.25 ............................................
[CV] ............................. C=1024.0, gamma=0.25, total=   0.4s
[CV] C=1024.0, gamma=0.5 .............................................
[CV] .............................. C=1024.0, gamma=0.5, total=   0.5s
[CV] C=1024.0, gamma=1.0 .............................................
[CV] .............................. C=1024.0, gamma=1.0, total=   0.4s
[CV] C=1024.0, gamma=1.0 .............................................
[CV] .............................. C=1024.0, gamma=1.0, total=   0.5s
[CV] C=1024.0, gamma=2.0 .............................................
[CV] .............................. C=1024.0, gamma=2.0, total=   0.5s
[CV] C=2.0, gamma=0.00390625 .........................................
[CV] .......................... C=2.0, gamma=0.00390625, total=   0.4s
[CV] C=2.0, gamma=0.0078125 ..........................................
[CV] ........................... C=2.0, gamma=0.0078125, total=   0.4s
[CV] C=2.0, gamma=0.015625 ...........................................
[CV] ............................ C=2.0, gamma=0.015625, total=   0.5s
[CV] C=2.0, gamma=0.03125 ............................................
[CV] ............................. C=2.0, gamma=0.03125, total=   0.5s
[CV] C=2.0, gamma=0.03125 ............................................
[CV] ............................. C=2.0, gamma=0.03125, total=   0.5s
[CV] C=2.0, gamma=0.0625 .............................................
[CV] .............................. C=2.0, gamma=0.0625, total=   0.5s
[CV] C=2.0, gamma=0.125 ..............................................
[CV] ............................... C=2.0, gamma=0.125, total=   0.5s
[CV] C=2.0, gamma=0.25 ...............................................
[CV] ................................ C=2.0, gamma=0.25, total=   0.4s
[CV] C=2.0, gamma=0.25 ...............................................
[CV] ................................ C=2.0, gamma=0.25, total=   0.4s
[CV] C=2.0, gamma=0.5 ................................................
[CV] ................................. C=2.0, gamma=0.5, total=   0.4s
[CV] C=2.0, gamma=1.0 ................................................
[CV] ................................. C=2.0, gamma=1.0, total=   0.5s
[CV] C=2.0, gamma=2.0 ................................................
[CV] ................................. C=2.0, gamma=2.0, total=   0.5s
[CV] C=4.0, gamma=0.00390625 .........................................
[CV] .......................... C=4.0, gamma=0.00390625, total=   0.4s
[CV] C=4.0, gamma=0.00390625 .........................................
[CV] .......................... C=4.0, gamma=0.00390625, total=   0.4s
[CV] C=4.0, gamma=0.0078125 ..........................................
[CV] ........................... C=4.0, gamma=0.0078125, total=   0.4s
[CV] C=4.0, gamma=0.015625 ...........................................
[CV] ............................ C=4.0, gamma=0.015625, total=   0.4s
[CV] C=4.0, gamma=0.03125 ............................................
[CV] ............................. C=4.0, gamma=0.03125, total=   0.4s
[CV] C=4.0, gamma=0.0625 .............................................
[CV] .............................. C=4.0, gamma=0.0625, total=   0.5s
[CV] C=4.0, gamma=0.0625 .............................................
[CV] .............................. C=4.0, gamma=0.0625, total=   0.5s
[CV] C=4.0, gamma=0.125 ..............................................
[CV] ............................... C=4.0, gamma=0.125, total=   0.5s
[CV] C=4.0, gamma=0.25 ...............................................
[CV] ................................ C=4.0, gamma=0.25, total=   0.5s
[CV] C=4.0, gamma=0.5 ................................................
[CV] ................................. C=4.0, gamma=0.5, total=   0.4s
[CV] C=4.0, gamma=1.0 ................................................
[CV] ................................. C=4.0, gamma=1.0, total=   0.4s
[CV] C=4.0, gamma=1.0 ................................................
[CV] ................................. C=4.0, gamma=1.0, total=   0.4s
[CV] C=4.0, gamma=2.0 ................................................
[CV] ................................. C=4.0, gamma=2.0, total=   0.4s
[CV] C=8.0, gamma=0.00390625 .........................................
[CV] .......................... C=8.0, gamma=0.00390625, total=   0.4s
[CV] C=8.0, gamma=0.0078125 ..........................................
[CV] ........................... C=8.0, gamma=0.0078125, total=   0.4s
[CV] C=8.0, gamma=0.0078125 ..........................................
[CV] ........................... C=8.0, gamma=0.0078125, total=   0.5s
[CV] C=8.0, gamma=0.015625 ...........................................
[CV] ............................ C=8.0, gamma=0.015625, total=   0.5s
[CV] C=8.0, gamma=0.03125 ............................................
[CV] ............................. C=8.0, gamma=0.03125, total=   0.4s
[CV] C=8.0, gamma=0.0625 .............................................
[CV] .............................. C=8.0, gamma=0.0625, total=   0.4s
[CV] C=8.0, gamma=0.125 ..............................................
[CV] ............................... C=8.0, gamma=0.125, total=   0.4s
[CV] C=8.0, gamma=0.125 ..............................................
[CV] ............................... C=8.0, gamma=0.125, total=   0.5s
[CV] C=8.0, gamma=0.25 ...............................................
[CV] ................................ C=8.0, gamma=0.25, total=   0.5s
[CV] C=8.0, gamma=0.5 ................................................
[CV] ................................. C=8.0, gamma=0.5, total=   0.5s
[CV] C=8.0, gamma=1.0 ................................................
[CV] ................................. C=8.0, gamma=1.0, total=   0.5s
[CV] C=8.0, gamma=2.0 ................................................
[CV] ................................. C=8.0, gamma=2.0, total=   0.5s
[CV] C=16.0, gamma=0.00390625 ........................................
[CV] ......................... C=16.0, gamma=0.00390625, total=   0.4s
[CV] C=16.0, gamma=0.00390625 ........................................
[CV] ......................... C=16.0, gamma=0.00390625, total=   0.4s
[CV] C=16.0, gamma=0.0078125 .........................................
[CV] .......................... C=16.0, gamma=0.0078125, total=   0.4s
[CV] C=16.0, gamma=0.015625 ..........................................
[CV] ........................... C=16.0, gamma=0.015625, total=   0.4s
[CV] C=16.0, gamma=0.03125 ...........................................
[CV] ............................ C=16.0, gamma=0.03125, total=   0.5s
[CV] C=16.0, gamma=0.03125 ...........................................
[CV] ............................ C=16.0, gamma=0.03125, total=   0.4s
[CV] C=16.0, gamma=0.0625 ............................................
[CV] ............................. C=16.0, gamma=0.0625, total=   0.4s
[CV] C=16.0, gamma=0.125 .............................................
[CV] .............................. C=16.0, gamma=0.125, total=   0.5s
[CV] C=16.0, gamma=0.25 ..............................................
[CV] ............................... C=16.0, gamma=0.25, total=   0.4s
[CV] C=16.0, gamma=0.5 ...............................................
[CV] ................................ C=16.0, gamma=0.5, total=   0.4s
[CV] C=16.0, gamma=0.5 ...............................................
[CV] ................................ C=16.0, gamma=0.5, total=   0.5s
[CV] C=16.0, gamma=1.0 ...............................................
[CV] ................................ C=16.0, gamma=1.0, total=   0.4s
[CV] C=16.0, gamma=2.0 ...............................................
[CV] ................................ C=16.0, gamma=2.0, total=   0.4s
[CV] C=32.0, gamma=0.00390625 ........................................
[CV] ......................... C=32.0, gamma=0.00390625, total=   0.4s
[CV] C=32.0, gamma=0.0078125 .........................................
[CV] .......................... C=32.0, gamma=0.0078125, total=   0.4s
[CV] C=32.0, gamma=0.0078125 .........................................
[CV] .......................... C=32.0, gamma=0.0078125, total=   0.5s
[CV] C=32.0, gamma=0.015625 ..........................................
[CV] ........................... C=32.0, gamma=0.015625, total=   0.5s
[CV] C=32.0, gamma=0.03125 ...........................................
[CV] ............................ C=32.0, gamma=0.03125, total=   0.5s
[CV] C=32.0, gamma=0.0625 ............................................
[CV] ............................. C=32.0, gamma=0.0625, total=   0.4s
[CV] C=32.0, gamma=0.125 .............................................
[CV] .............................. C=32.0, gamma=0.125, total=   0.4s
[CV] C=32.0, gamma=0.125 .............................................
[CV] .............................. C=32.0, gamma=0.125, total=   0.4s
[CV] C=32.0, gamma=0.25 ..............................................
[CV] ............................... C=32.0, gamma=0.25, total=   0.5s
[CV] C=32.0, gamma=0.5 ...............................................
[CV] ................................ C=32.0, gamma=0.5, total=   0.5s
[CV] C=32.0, gamma=1.0 ...............................................
[CV] ................................ C=32.0, gamma=1.0, total=   0.5s
[CV] C=32.0, gamma=2.0 ...............................................
[CV] ................................ C=32.0, gamma=2.0, total=   0.5s
[CV] C=64.0, gamma=0.00390625 ........................................
[CV] ......................... C=64.0, gamma=0.00390625, total=   0.4s
[CV] C=64.0, gamma=0.00390625 ........................................
[CV] ......................... C=64.0, gamma=0.00390625, total=   0.4s
[CV] C=64.0, gamma=0.0078125 .........................................
[CV] .......................... C=64.0, gamma=0.0078125, total=   0.4s
[CV] C=64.0, gamma=0.015625 ..........................................
[CV] ........................... C=64.0, gamma=0.015625, total=   0.4s
[CV] C=64.0, gamma=0.03125 ...........................................
[CV] ............................ C=64.0, gamma=0.03125, total=   0.5s
[CV] C=64.0, gamma=0.03125 ...........................................
[CV] ............................ C=64.0, gamma=0.03125, total=   0.4s
[CV] C=64.0, gamma=0.0625 ............................................
[CV] ............................. C=64.0, gamma=0.0625, total=   0.4s
[CV] C=64.0, gamma=0.125 .............................................
[CV] .............................. C=64.0, gamma=0.125, total=   0.4s
[CV] C=64.0, gamma=0.25 ..............................................
[CV] ............................... C=64.0, gamma=0.25, total=   0.5s
[CV] C=64.0, gamma=0.5 ...............................................
[CV] ................................ C=64.0, gamma=0.5, total=   0.5s
[CV] C=64.0, gamma=0.5 ...............................................
[CV] ................................ C=64.0, gamma=0.5, total=   0.5s
[CV] C=64.0, gamma=1.0 ...............................................
[CV] ................................ C=64.0, gamma=1.0, total=   0.4s
[CV] C=64.0, gamma=2.0 ...............................................
[CV] ................................ C=64.0, gamma=2.0, total=   0.4s
[CV] C=128.0, gamma=0.00390625 .......................................
[CV] ........................ C=128.0, gamma=0.00390625, total=   0.4s
[CV] C=128.0, gamma=0.0078125 ........................................
[CV] ......................... C=128.0, gamma=0.0078125, total=   0.5s
[CV] C=128.0, gamma=0.015625 .........................................
[CV] .......................... C=128.0, gamma=0.015625, total=   0.5s
[CV] C=128.0, gamma=0.03125 ..........................................
[CV] ........................... C=128.0, gamma=0.03125, total=   0.5s
[CV] C=128.0, gamma=0.03125 ..........................................
[CV] ........................... C=128.0, gamma=0.03125, total=   0.4s
[CV] C=128.0, gamma=0.0625 ...........................................
[CV] ............................ C=128.0, gamma=0.0625, total=   0.4s
[CV] C=128.0, gamma=0.125 ............................................
[CV] ............................. C=128.0, gamma=0.125, total=   0.4s
[CV] C=128.0, gamma=0.25 .............................................
[CV] .............................. C=128.0, gamma=0.25, total=   0.5s
[CV] C=128.0, gamma=0.25 .............................................
[CV] .............................. C=128.0, gamma=0.25, total=   0.5s
[CV] C=128.0, gamma=0.5 ..............................................
[CV] ............................... C=128.0, gamma=0.5, total=   0.5s
[CV] C=128.0, gamma=1.0 ..............................................
[CV] ............................... C=128.0, gamma=1.0, total=   0.5s
[CV] C=128.0, gamma=2.0 ..............................................
[CV] ............................... C=128.0, gamma=2.0, total=   0.5s
[CV] C=256.0, gamma=0.00390625 .......................................
[CV] ........................ C=256.0, gamma=0.00390625, total=   0.4s
[CV] C=256.0, gamma=0.0078125 ........................................
[CV] ......................... C=256.0, gamma=0.0078125, total=   0.4s
[CV] C=256.0, gamma=0.0078125 ........................................
[CV] ......................... C=256.0, gamma=0.0078125, total=   0.4s
[CV] C=256.0, gamma=0.015625 .........................................
[CV] .......................... C=256.0, gamma=0.015625, total=   0.4s
[CV] C=256.0, gamma=0.03125 ..........................................
[CV] ........................... C=256.0, gamma=0.03125, total=   0.4s
[CV] C=256.0, gamma=0.0625 ...........................................
[CV] ............................ C=256.0, gamma=0.0625, total=   0.4s
[CV] C=256.0, gamma=0.0625 ...........................................
[CV] ............................ C=256.0, gamma=0.0625, total=   0.5s
[CV] C=256.0, gamma=0.125 ............................................
[CV] ............................. C=256.0, gamma=0.125, total=   0.5s
[CV] C=256.0, gamma=0.25 .............................................
[CV] .............................. C=256.0, gamma=0.25, total=   0.5s
[CV] C=256.0, gamma=0.5 ..............................................
[CV] ............................... C=256.0, gamma=0.5, total=   0.4s
[CV] C=256.0, gamma=1.0 ..............................................
[CV] ............................... C=256.0, gamma=1.0, total=   0.5s
[CV] C=256.0, gamma=1.0 ..............................................
[CV] ............................... C=256.0, gamma=1.0, total=   0.5s
[CV] C=256.0, gamma=2.0 ..............................................
[CV] ............................... C=256.0, gamma=2.0, total=   0.4s
[CV] C=512.0, gamma=0.00390625 .......................................
[CV] ........................ C=512.0, gamma=0.00390625, total=   0.4s
[CV] C=512.0, gamma=0.0078125 ........................................
[CV] ......................... C=512.0, gamma=0.0078125, total=   0.5s
[CV] C=512.0, gamma=0.015625 .........................................
[CV] .......................... C=512.0, gamma=0.015625, total=   0.4s
[CV] C=512.0, gamma=0.03125 ..........................................
[CV] ........................... C=512.0, gamma=0.03125, total=   0.5s
[CV] C=512.0, gamma=0.03125 ..........................................
[CV] ........................... C=512.0, gamma=0.03125, total=   0.4s
[CV] C=512.0, gamma=0.0625 ...........................................
[CV] ............................ C=512.0, gamma=0.0625, total=   0.4s
[CV] C=512.0, gamma=0.125 ............................................
[CV] ............................. C=512.0, gamma=0.125, total=   0.5s
[CV] C=512.0, gamma=0.25 .............................................
[CV] .............................. C=512.0, gamma=0.25, total=   0.5s
[CV] C=512.0, gamma=0.5 ..............................................
[CV] ............................... C=512.0, gamma=0.5, total=   0.5s
[CV] C=512.0, gamma=0.5 ..............................................
[CV] ............................... C=512.0, gamma=0.5, total=   0.5s
[CV] C=512.0, gamma=1.0 ..............................................
[CV] ............................... C=512.0, gamma=1.0, total=   0.4s
[CV] C=512.0, gamma=2.0 ..............................................
[CV] ............................... C=512.0, gamma=2.0, total=   0.4s
[CV] C=1024.0, gamma=0.00390625 ......................................
[CV] ....................... C=1024.0, gamma=0.00390625, total=   0.4s
[CV] C=1024.0, gamma=0.0078125 .......................................
[CV] ........................ C=1024.0, gamma=0.0078125, total=   0.4s
[CV] C=1024.0, gamma=0.0078125 .......................................
[CV] ........................ C=1024.0, gamma=0.0078125, total=   0.4s
[CV] C=1024.0, gamma=0.015625 ........................................
[CV] ......................... C=1024.0, gamma=0.015625, total=   0.5s
[CV] C=1024.0, gamma=0.03125 .........................................
[CV] .......................... C=1024.0, gamma=0.03125, total=   0.4s
[CV] C=1024.0, gamma=0.0625 ..........................................
[CV] ........................... C=1024.0, gamma=0.0625, total=   0.4s
[CV] C=1024.0, gamma=0.125 ...........................................
[CV] ............................ C=1024.0, gamma=0.125, total=   0.5s
[CV] C=1024.0, gamma=0.125 ...........................................
[CV] ............................ C=1024.0, gamma=0.125, total=   0.5s
[CV] C=1024.0, gamma=0.25 ............................................
[CV] ............................. C=1024.0, gamma=0.25, total=   0.5s
[CV] C=1024.0, gamma=0.5 .............................................
[CV] .............................. C=1024.0, gamma=0.5, total=   0.5s
[CV] C=1024.0, gamma=1.0 .............................................
[CV] .............................. C=1024.0, gamma=1.0, total=   0.5s
[CV] C=1024.0, gamma=2.0 .............................................
[CV] .............................. C=1024.0, gamma=2.0, total=   0.4s
[CV] C=1024.0, gamma=2.0 .............................................
[CV] .............................. C=1024.0, gamma=2.0, total=   0.4s
