Running on host compute118.bc4.acrc.priv
Time is Tue Aug 31 00:56:16 BST 2021
Directory is /mnt/storage/scratch/um20242/VSFA-UGC/results
Slurm job ID is 4742989
This jobs runs on the following machines:
compute[118,342]
Evaluating algorithm VFSA with SVR on dataset YOUTUBE_UGC_360P ...
224
224
Fitting 5 folds for each of 100 candidates, totalling 500 fits
[Parallel(n_jobs=4)]: Using backend LokyBackend with 4 concurrent workers.
/mnt/storage/home/um20242/.conda/envs/reproducibleresearch/lib/python3.6/site-packages/sklearn/externals/joblib/numpy_pickle.py:104: DeprecationWarning: tostring() is deprecated. Use tobytes() instead.
  pickler.file_handle.write(chunk.tostring('C'))
[Parallel(n_jobs=4)]: Done  33 tasks      | elapsed:    5.6s
[Parallel(n_jobs=4)]: Done 154 tasks      | elapsed:   19.4s
[Parallel(n_jobs=4)]: Done 357 tasks      | elapsed:   42.4s
[Parallel(n_jobs=4)]: Done 500 out of 500 | elapsed:   58.7s finished
/mnt/storage/home/um20242/.conda/envs/reproducibleresearch/lib/python3.6/site-packages/sklearn/model_selection/_search.py:842: DeprecationWarning: The default of the `iid` parameter will change from True to False in version 0.22 and will be removed in 0.24. This will change numeric results when test-set sizes are unequal.
  DeprecationWarning)
======================================================
       MOS    y_pred  Predicted Score
0    3.652  3.695202         3.770926
1    3.702  3.602150         3.667333
2    3.435  3.519108         3.574036
3    2.353  2.453220         2.367753
4    3.651  3.550562         3.609459
..     ...       ...              ...
219  3.052  3.151901         3.155502
220  3.260  3.282841         3.305459
221  3.266  3.165818         3.171454
222  2.606  2.705656         2.647298
223  2.912  3.012270         2.995523

[224 rows x 3 columns]
======================================================
Best results in CV grid search
SRCC:  0.9801021305754063
KRCC:  0.9009493115499286
PLCC:  0.9845727039660152
RMSE:  0.0846761319798617
======================================================
model: SVR(C=4.0, cache_size=200, coef0=0.0, degree=3, epsilon=0.1, gamma=0.00390625,
  kernel='rbf', max_iter=-1, shrinking=True, tol=0.001, verbose=False)
scaler: MinMaxScaler(copy=True, feature_range=(0, 1))
popt: [ 6.57865825 -0.30696536  3.13475364  1.5017259 ]
[CV] C=2.0, gamma=0.00390625 .........................................
[CV] .......................... C=2.0, gamma=0.00390625, total=   0.2s
[CV] C=2.0, gamma=0.00390625 .........................................
[CV] .......................... C=2.0, gamma=0.00390625, total=   0.2s
[CV] C=2.0, gamma=0.0078125 ..........................................
[CV] ........................... C=2.0, gamma=0.0078125, total=   0.3s
[CV] C=2.0, gamma=0.015625 ...........................................
[CV] ............................ C=2.0, gamma=0.015625, total=   0.3s
[CV] C=2.0, gamma=0.03125 ............................................
[CV] ............................. C=2.0, gamma=0.03125, total=   0.3s
[CV] C=2.0, gamma=0.0625 .............................................
[CV] .............................. C=2.0, gamma=0.0625, total=   0.3s
[CV] C=2.0, gamma=0.125 ..............................................
[CV] ............................... C=2.0, gamma=0.125, total=   0.3s
[CV] C=2.0, gamma=0.125 ..............................................
[CV] ............................... C=2.0, gamma=0.125, total=   0.3s
[CV] C=2.0, gamma=0.25 ...............................................
[CV] ................................ C=2.0, gamma=0.25, total=   0.3s
[CV] C=2.0, gamma=0.5 ................................................
[CV] ................................. C=2.0, gamma=0.5, total=   0.3s
[CV] C=2.0, gamma=1.0 ................................................
[CV] ................................. C=2.0, gamma=1.0, total=   0.3s
[CV] C=2.0, gamma=1.0 ................................................
[CV] ................................. C=2.0, gamma=1.0, total=   0.3s
[CV] C=2.0, gamma=2.0 ................................................
[CV] ................................. C=2.0, gamma=2.0, total=   0.3s
[CV] C=4.0, gamma=0.00390625 .........................................
[CV] .......................... C=4.0, gamma=0.00390625, total=   0.2s
[CV] C=4.0, gamma=0.0078125 ..........................................
[CV] ........................... C=4.0, gamma=0.0078125, total=   0.2s
[CV] C=4.0, gamma=0.015625 ...........................................
[CV] ............................ C=4.0, gamma=0.015625, total=   0.2s
[CV] C=4.0, gamma=0.015625 ...........................................
[CV] ............................ C=4.0, gamma=0.015625, total=   0.2s
[CV] C=4.0, gamma=0.03125 ............................................
[CV] ............................. C=4.0, gamma=0.03125, total=   0.3s
[CV] C=4.0, gamma=0.0625 .............................................
[CV] .............................. C=4.0, gamma=0.0625, total=   0.3s
[CV] C=4.0, gamma=0.125 ..............................................
[CV] ............................... C=4.0, gamma=0.125, total=   0.3s
[CV] C=4.0, gamma=0.25 ...............................................
[CV] ................................ C=4.0, gamma=0.25, total=   0.3s
[CV] C=4.0, gamma=0.25 ...............................................
[CV] ................................ C=4.0, gamma=0.25, total=   0.3s
[CV] C=4.0, gamma=0.5 ................................................
[CV] ................................. C=4.0, gamma=0.5, total=   0.3s
[CV] C=4.0, gamma=1.0 ................................................
[CV] ................................. C=4.0, gamma=1.0, total=   0.3s
[CV] C=4.0, gamma=2.0 ................................................
[CV] ................................. C=4.0, gamma=2.0, total=   0.3s
[CV] C=8.0, gamma=0.00390625 .........................................
[CV] .......................... C=8.0, gamma=0.00390625, total=   0.2s
[CV] C=8.0, gamma=0.00390625 .........................................
[CV] .......................... C=8.0, gamma=0.00390625, total=   0.2s
[CV] C=8.0, gamma=0.0078125 ..........................................
[CV] ........................... C=8.0, gamma=0.0078125, total=   0.3s
[CV] C=8.0, gamma=0.015625 ...........................................
[CV] ............................ C=8.0, gamma=0.015625, total=   0.3s
[CV] C=8.0, gamma=0.03125 ............................................
[CV] ............................. C=8.0, gamma=0.03125, total=   0.3s
[CV] C=8.0, gamma=0.0625 .............................................
[CV] .............................. C=8.0, gamma=0.0625, total=   0.3s
[CV] C=8.0, gamma=0.125 ..............................................
[CV] ............................... C=8.0, gamma=0.125, total=   0.3s
[CV] C=8.0, gamma=0.125 ..............................................
[CV] ............................... C=8.0, gamma=0.125, total=   0.3s
[CV] C=8.0, gamma=0.25 ...............................................
[CV] ................................ C=8.0, gamma=0.25, total=   0.2s
[CV] C=8.0, gamma=0.5 ................................................
[CV] ................................. C=8.0, gamma=0.5, total=   0.3s
[CV] C=8.0, gamma=1.0 ................................................
[CV] ................................. C=8.0, gamma=1.0, total=   0.3s
[CV] C=8.0, gamma=1.0 ................................................
[CV] ................................. C=8.0, gamma=1.0, total=   0.3s
[CV] C=8.0, gamma=2.0 ................................................
[CV] ................................. C=8.0, gamma=2.0, total=   0.3s
[CV] C=16.0, gamma=0.00390625 ........................................
[CV] ......................... C=16.0, gamma=0.00390625, total=   0.2s
[CV] C=16.0, gamma=0.0078125 .........................................
[CV] .......................... C=16.0, gamma=0.0078125, total=   0.3s
[CV] C=16.0, gamma=0.015625 ..........................................
[CV] ........................... C=16.0, gamma=0.015625, total=   0.2s
[CV] C=16.0, gamma=0.03125 ...........................................
[CV] ............................ C=16.0, gamma=0.03125, total=   0.2s
[CV] C=16.0, gamma=0.03125 ...........................................
[CV] ............................ C=16.0, gamma=0.03125, total=   0.3s
[CV] C=16.0, gamma=0.0625 ............................................
[CV] ............................. C=16.0, gamma=0.0625, total=   0.3s
[CV] C=16.0, gamma=0.125 .............................................
[CV] .............................. C=16.0, gamma=0.125, total=   0.3s
[CV] C=16.0, gamma=0.25 ..............................................
[CV] ............................... C=16.0, gamma=0.25, total=   0.3s
[CV] C=16.0, gamma=0.5 ...............................................
[CV] ................................ C=16.0, gamma=0.5, total=   0.3s
[CV] C=16.0, gamma=1.0 ...............................................
[CV] ................................ C=16.0, gamma=1.0, total=   0.3s
[CV] C=16.0, gamma=1.0 ...............................................
[CV] ................................ C=16.0, gamma=1.0, total=   0.2s
[CV] C=16.0, gamma=2.0 ...............................................
[CV] ................................ C=16.0, gamma=2.0, total=   0.3s
[CV] C=32.0, gamma=0.00390625 ........................................
[CV] ......................... C=32.0, gamma=0.00390625, total=   0.3s
[CV] C=32.0, gamma=0.0078125 .........................................
[CV] .......................... C=32.0, gamma=0.0078125, total=   0.3s
[CV] C=32.0, gamma=0.015625 ..........................................
[CV] ........................... C=32.0, gamma=0.015625, total=   0.3s
[CV] C=32.0, gamma=0.015625 ..........................................
[CV] ........................... C=32.0, gamma=0.015625, total=   0.3s
[CV] C=32.0, gamma=0.03125 ...........................................
[CV] ............................ C=32.0, gamma=0.03125, total=   0.2s
[CV] C=32.0, gamma=0.0625 ............................................
[CV] ............................. C=32.0, gamma=0.0625, total=   0.3s
[CV] C=32.0, gamma=0.125 .............................................
[CV] .............................. C=32.0, gamma=0.125, total=   0.3s
[CV] C=32.0, gamma=0.25 ..............................................
[CV] ............................... C=32.0, gamma=0.25, total=   0.3s
[CV] C=32.0, gamma=0.25 ..............................................
[CV] ............................... C=32.0, gamma=0.25, total=   0.3s
[CV] C=32.0, gamma=0.5 ...............................................
[CV] ................................ C=32.0, gamma=0.5, total=   0.3s
[CV] C=32.0, gamma=1.0 ...............................................
[CV] ................................ C=32.0, gamma=1.0, total=   0.3s
[CV] C=32.0, gamma=2.0 ...............................................
[CV] ................................ C=32.0, gamma=2.0, total=   0.3s
[CV] C=64.0, gamma=0.00390625 ........................................
[CV] ......................... C=64.0, gamma=0.00390625, total=   0.2s
[CV] C=64.0, gamma=0.00390625 ........................................
[CV] ......................... C=64.0, gamma=0.00390625, total=   0.2s
[CV] C=64.0, gamma=0.0078125 .........................................
[CV] .......................... C=64.0, gamma=0.0078125, total=   0.3s
[CV] C=64.0, gamma=0.015625 ..........................................
[CV] ........................... C=64.0, gamma=0.015625, total=   0.3s
[CV] C=64.0, gamma=0.03125 ...........................................
[CV] ............................ C=64.0, gamma=0.03125, total=   0.3s
[CV] C=64.0, gamma=0.0625 ............................................
[CV] ............................. C=64.0, gamma=0.0625, total=   0.3s
[CV] C=64.0, gamma=0.0625 ............................................
[CV] ............................. C=64.0, gamma=0.0625, total=   0.3s
[CV] C=64.0, gamma=0.125 .............................................
[CV] .............................. C=64.0, gamma=0.125, total=   0.2s
[CV] C=64.0, gamma=0.25 ..............................................
[CV] ............................... C=64.0, gamma=0.25, total=   0.3s
[CV] C=64.0, gamma=0.5 ...............................................
[CV] ................................ C=64.0, gamma=0.5, total=   0.3s
[CV] C=64.0, gamma=1.0 ...............................................
[CV] ................................ C=64.0, gamma=1.0, total=   0.3s
[CV] C=64.0, gamma=1.0 ...............................................
[CV] ................................ C=64.0, gamma=1.0, total=   0.3s
[CV] C=64.0, gamma=2.0 ...............................................
[CV] ................................ C=64.0, gamma=2.0, total=   0.3s
[CV] C=128.0, gamma=0.00390625 .......................................
[CV] ........................ C=128.0, gamma=0.00390625, total=   0.2s
[CV] C=128.0, gamma=0.0078125 ........................................
[CV] ......................... C=128.0, gamma=0.0078125, total=   0.2s
[CV] C=128.0, gamma=0.015625 .........................................
[CV] .......................... C=128.0, gamma=0.015625, total=   0.2s
[CV] C=128.0, gamma=0.015625 .........................................
[CV] .......................... C=128.0, gamma=0.015625, total=   0.3s
[CV] C=128.0, gamma=0.03125 ..........................................
[CV] ........................... C=128.0, gamma=0.03125, total=   0.3s
[CV] C=128.0, gamma=0.0625 ...........................................
[CV] ............................ C=128.0, gamma=0.0625, total=   0.3s
[CV] C=128.0, gamma=0.125 ............................................
[CV] ............................. C=128.0, gamma=0.125, total=   0.3s
[CV] C=128.0, gamma=0.25 .............................................
[CV] .............................. C=128.0, gamma=0.25, total=   0.3s
[CV] C=128.0, gamma=0.25 .............................................
[CV] .............................. C=128.0, gamma=0.25, total=   0.3s
[CV] C=128.0, gamma=0.5 ..............................................
[CV] ............................... C=128.0, gamma=0.5, total=   0.3s
[CV] C=128.0, gamma=1.0 ..............................................
[CV] ............................... C=128.0, gamma=1.0, total=   0.3s
[CV] C=128.0, gamma=2.0 ..............................................
[CV] ............................... C=128.0, gamma=2.0, total=   0.3s
[CV] C=256.0, gamma=0.00390625 .......................................
[CV] ........................ C=256.0, gamma=0.00390625, total=   0.2s
[CV] C=256.0, gamma=0.00390625 .......................................
[CV] ........................ C=256.0, gamma=0.00390625, total=   0.2s
[CV] C=256.0, gamma=0.0078125 ........................................
[CV] ......................... C=256.0, gamma=0.0078125, total=   0.3s
[CV] C=256.0, gamma=0.015625 .........................................
[CV] .......................... C=256.0, gamma=0.015625, total=   0.3s
[CV] C=256.0, gamma=0.03125 ..........................................
[CV] ........................... C=256.0, gamma=0.03125, total=   0.3s
[CV] C=256.0, gamma=0.0625 ...........................................
[CV] ............................ C=256.0, gamma=0.0625, total=   0.3s
[CV] C=256.0, gamma=0.0625 ...........................................
[CV] ............................ C=256.0, gamma=0.0625, total=   0.3s
[CV] C=256.0, gamma=0.125 ............................................
[CV] ............................. C=256.0, gamma=0.125, total=   0.2s
[CV] C=256.0, gamma=0.25 .............................................
[CV] .............................. C=256.0, gamma=0.25, total=   0.3s
[CV] C=256.0, gamma=0.5 ..............................................
[CV] ............................... C=256.0, gamma=0.5, total=   0.3s
[CV] C=256.0, gamma=1.0 ..............................................
[CV] ............................... C=256.0, gamma=1.0, total=   0.3s
[CV] C=256.0, gamma=1.0 ..............................................
[CV] ............................... C=256.0, gamma=1.0, total=   0.3s
[CV] C=256.0, gamma=2.0 ..............................................
[CV] ............................... C=256.0, gamma=2.0, total=   0.3s
[CV] C=512.0, gamma=0.00390625 .......................................
[CV] ........................ C=512.0, gamma=0.00390625, total=   0.2s
[CV] C=512.0, gamma=0.0078125 ........................................
[CV] ......................... C=512.0, gamma=0.0078125, total=   0.2s
[CV] C=512.0, gamma=0.015625 .........................................
[CV] .......................... C=512.0, gamma=0.015625, total=   0.2s
[CV] C=512.0, gamma=0.015625 .........................................
[CV] .......................... C=512.0, gamma=0.015625, total=   0.3s
[CV] C=512.0, gamma=0.03125 ..........................................
[CV] ........................... C=512.0, gamma=0.03125, total=   0.3s
[CV] C=512.0, gamma=0.0625 ...........................................
[CV] ............................ C=512.0, gamma=0.0625, total=   0.3s
[CV] C=512.0, gamma=0.125 ............................................
[CV] ............................. C=512.0, gamma=0.125, total=   0.3s
[CV] C=512.0, gamma=0.25 .............................................
[CV] .............................. C=512.0, gamma=0.25, total=   0.3s
[CV] C=512.0, gamma=0.5 ..............................................
[CV] ............................... C=512.0, gamma=0.5, total=   0.3s
[CV] C=512.0, gamma=1.0 ..............................................
[CV] ............................... C=512.0, gamma=1.0, total=   0.2s
[CV] C=512.0, gamma=1.0 ..............................................
[CV] ............................... C=512.0, gamma=1.0, total=   0.2s
[CV] C=512.0, gamma=2.0 ..............................................
[CV] ............................... C=512.0, gamma=2.0, total=   0.3s
[CV] C=1024.0, gamma=0.00390625 ......................................
[CV] ....................... C=1024.0, gamma=0.00390625, total=   0.3s
[CV] C=1024.0, gamma=0.0078125 .......................................
[CV] ........................ C=1024.0, gamma=0.0078125, total=   0.3s
[CV] C=1024.0, gamma=0.015625 ........................................
[CV] ......................... C=1024.0, gamma=0.015625, total=   0.3s
[CV] C=1024.0, gamma=0.015625 ........................................
[CV] ......................... C=1024.0, gamma=0.015625, total=   0.3s
[CV] C=1024.0, gamma=0.03125 .........................................
[CV] .......................... C=1024.0, gamma=0.03125, total=   0.2s
[CV] C=1024.0, gamma=0.0625 ..........................................
[CV] ........................... C=1024.0, gamma=0.0625, total=   0.3s
[CV] C=1024.0, gamma=0.125 ...........................................
[CV] ............................ C=1024.0, gamma=0.125, total=   0.3s
[CV] C=1024.0, gamma=0.25 ............................................
[CV] ............................. C=1024.0, gamma=0.25, total=   0.3s
[CV] C=1024.0, gamma=0.25 ............................................
[CV] ............................. C=1024.0, gamma=0.25, total=   0.3s
[CV] C=1024.0, gamma=0.5 .............................................
[CV] .............................. C=1024.0, gamma=0.5, total=   0.3s
[CV] C=1024.0, gamma=1.0 .............................................
[CV] .............................. C=1024.0, gamma=1.0, total=   0.3s
[CV] C=1024.0, gamma=2.0 .............................................
[CV] .............................. C=1024.0, gamma=2.0, total=   0.3s
[CV] C=2.0, gamma=0.00390625 .........................................
[CV] .......................... C=2.0, gamma=0.00390625, total=   0.3s
[CV] C=2.0, gamma=0.0078125 ..........................................
[CV] ........................... C=2.0, gamma=0.0078125, total=   0.3s
[CV] C=2.0, gamma=0.015625 ...........................................
[CV] ............................ C=2.0, gamma=0.015625, total=   0.3s
[CV] C=2.0, gamma=0.015625 ...........................................
[CV] ............................ C=2.0, gamma=0.015625, total=   0.3s
[CV] C=2.0, gamma=0.03125 ............................................
[CV] ............................. C=2.0, gamma=0.03125, total=   0.3s
[CV] C=2.0, gamma=0.0625 .............................................
[CV] .............................. C=2.0, gamma=0.0625, total=   0.3s
[CV] C=2.0, gamma=0.0625 .............................................
[CV] .............................. C=2.0, gamma=0.0625, total=   0.3s
[CV] C=2.0, gamma=0.125 ..............................................
[CV] ............................... C=2.0, gamma=0.125, total=   0.3s
[CV] C=2.0, gamma=0.25 ...............................................
[CV] ................................ C=2.0, gamma=0.25, total=   0.3s
[CV] C=2.0, gamma=0.5 ................................................
[CV] ................................. C=2.0, gamma=0.5, total=   0.3s
[CV] C=2.0, gamma=1.0 ................................................
[CV] ................................. C=2.0, gamma=1.0, total=   0.3s
[CV] C=2.0, gamma=2.0 ................................................
[CV] ................................. C=2.0, gamma=2.0, total=   0.3s
[CV] C=2.0, gamma=2.0 ................................................
[CV] ................................. C=2.0, gamma=2.0, total=   0.3s
[CV] C=4.0, gamma=0.00390625 .........................................
[CV] .......................... C=4.0, gamma=0.00390625, total=   0.2s
[CV] C=4.0, gamma=0.0078125 ..........................................
[CV] ........................... C=4.0, gamma=0.0078125, total=   0.3s
[CV] C=4.0, gamma=0.015625 ...........................................
[CV] ............................ C=4.0, gamma=0.015625, total=   0.3s
[CV] C=4.0, gamma=0.03125 ............................................
[CV] ............................. C=4.0, gamma=0.03125, total=   0.3s
[CV] C=4.0, gamma=0.0625 .............................................
[CV] .............................. C=4.0, gamma=0.0625, total=   0.3s
[CV] C=4.0, gamma=0.0625 .............................................
[CV] .............................. C=4.0, gamma=0.0625, total=   0.3s
[CV] C=4.0, gamma=0.125 ..............................................
[CV] ............................... C=4.0, gamma=0.125, total=   0.2s
[CV] C=4.0, gamma=0.25 ...............................................
[CV] ................................ C=4.0, gamma=0.25, total=   0.2s
[CV] C=4.0, gamma=0.5 ................................................
[CV] ................................. C=4.0, gamma=0.5, total=   0.2s
[CV] C=4.0, gamma=1.0 ................................................
[CV] ................................. C=4.0, gamma=1.0, total=   0.2s
[CV] C=4.0, gamma=1.0 ................................................
[CV] ................................. C=4.0, gamma=1.0, total=   0.2s
[CV] C=4.0, gamma=2.0 ................................................
[CV] ................................. C=4.0, gamma=2.0, total=   0.3s
[CV] C=8.0, gamma=0.00390625 .........................................
[CV] .......................... C=8.0, gamma=0.00390625, total=   0.3s
[CV] C=8.0, gamma=0.0078125 ..........................................
[CV] ........................... C=8.0, gamma=0.0078125, total=   0.3s
[CV] C=8.0, gamma=0.015625 ...........................................
[CV] ............................ C=8.0, gamma=0.015625, total=   0.2s
[CV] C=8.0, gamma=0.015625 ...........................................
[CV] ............................ C=8.0, gamma=0.015625, total=   0.2s
[CV] C=8.0, gamma=0.03125 ............................................
[CV] ............................. C=8.0, gamma=0.03125, total=   0.2s
[CV] C=8.0, gamma=0.0625 .............................................
[CV] .............................. C=8.0, gamma=0.0625, total=   0.2s
[CV] C=8.0, gamma=0.0625 .............................................
[CV] .............................. C=8.0, gamma=0.0625, total=   0.2s
[CV] C=8.0, gamma=0.125 ..............................................
[CV] ............................... C=8.0, gamma=0.125, total=   0.3s
[CV] C=8.0, gamma=0.25 ...............................................
[CV] ................................ C=8.0, gamma=0.25, total=   0.3s
[CV] C=8.0, gamma=0.5 ................................................
[CV] ................................. C=8.0, gamma=0.5, total=   0.3s
[CV] C=8.0, gamma=1.0 ................................................
[CV] ................................. C=8.0, gamma=1.0, total=   0.3s
[CV] C=8.0, gamma=2.0 ................................................
[CV] ................................. C=8.0, gamma=2.0, total=   0.2s
[CV] C=8.0, gamma=2.0 ................................................
[CV] ................................. C=8.0, gamma=2.0, total=   0.2s
[CV] C=16.0, gamma=0.00390625 ........................................
[CV] ......................... C=16.0, gamma=0.00390625, total=   0.2s
[CV] C=16.0, gamma=0.0078125 .........................................
[CV] .......................... C=16.0, gamma=0.0078125, total=   0.3s
[CV] C=16.0, gamma=0.015625 ..........................................
[CV] ........................... C=16.0, gamma=0.015625, total=   0.3s
[CV] C=16.0, gamma=0.015625 ..........................................
[CV] ........................... C=16.0, gamma=0.015625, total=   0.3s
[CV] C=16.0, gamma=0.03125 ...........................................
[CV] ............................ C=16.0, gamma=0.03125, total=   0.3s
[CV] C=16.0, gamma=0.0625 ............................................
[CV] ............................. C=16.0, gamma=0.0625, total=   0.2s
[CV] C=16.0, gamma=0.125 .............................................
[CV] .............................. C=16.0, gamma=0.125, total=   0.2s
[CV] C=16.0, gamma=0.25 ..............................................
[CV] ............................... C=16.0, gamma=0.25, total=   0.2s
[CV] C=16.0, gamma=0.25 ..............................................
[CV] ............................... C=16.0, gamma=0.25, total=   0.3s
[CV] C=16.0, gamma=0.5 ...............................................
[CV] ................................ C=16.0, gamma=0.5, total=   0.3s
[CV] C=16.0, gamma=1.0 ...............................................
[CV] ................................ C=16.0, gamma=1.0, total=   0.3s
[CV] C=16.0, gamma=2.0 ...............................................
[CV] ................................ C=16.0, gamma=2.0, total=   0.3s
[CV] C=32.0, gamma=0.00390625 ........................................
[CV] ......................... C=32.0, gamma=0.00390625, total=   0.2s
[CV] C=32.0, gamma=0.00390625 ........................................
[CV] ......................... C=32.0, gamma=0.00390625, total=   0.2s
[CV] C=32.0, gamma=0.0078125 .........................................
[CV] .......................... C=32.0, gamma=0.0078125, total=   0.2s
[CV] C=32.0, gamma=0.015625 ..........................................
[CV] ........................... C=32.0, gamma=0.015625, total=   0.3s
[CV] C=32.0, gamma=0.03125 ...........................................
[CV] ............................ C=32.0, gamma=0.03125, total=   0.3s
[CV] C=32.0, gamma=0.0625 ............................................
[CV] ............................. C=32.0, gamma=0.0625, total=   0.3s
[CV] C=32.0, gamma=0.0625 ............................................
[CV] ............................. C=32.0, gamma=0.0625, total=   0.2s
[CV] C=32.0, gamma=0.125 .............................................
[CV] .............................. C=32.0, gamma=0.125, total=   0.2s
[CV] C=32.0, gamma=0.25 ..............................................
[CV] ............................... C=32.0, gamma=0.25, total=   0.3s
[CV] C=32.0, gamma=0.5 ...............................................
[CV] ................................ C=32.0, gamma=0.5, total=   0.3s
[CV] C=32.0, gamma=1.0 ...............................................
[CV] ................................ C=32.0, gamma=1.0, total=   0.3s
[CV] C=32.0, gamma=1.0 ...............................................
[CV] ................................ C=32.0, gamma=1.0, total=   0.3s
[CV] C=32.0, gamma=2.0 ...............................................
[CV] ................................ C=32.0, gamma=2.0, total=   0.3s
[CV] C=64.0, gamma=0.00390625 ........................................
[CV] ......................... C=64.0, gamma=0.00390625, total=   0.2s
[CV] C=64.0, gamma=0.0078125 .........................................
[CV] .......................... C=64.0, gamma=0.0078125, total=   0.2s
[CV] C=64.0, gamma=0.015625 ..........................................
[CV] ........................... C=64.0, gamma=0.015625, total=   0.3s
[CV] C=64.0, gamma=0.015625 ..........................................
[CV] ........................... C=64.0, gamma=0.015625, total=   0.3s
[CV] C=64.0, gamma=0.03125 ...........................................
[CV] ............................ C=64.0, gamma=0.03125, total=   0.3s
[CV] C=64.0, gamma=0.0625 ............................................
[CV] ............................. C=64.0, gamma=0.0625, total=   0.3s
[CV] C=64.0, gamma=0.125 .............................................
[CV] .............................. C=64.0, gamma=0.125, total=   0.3s
[CV] C=64.0, gamma=0.25 ..............................................
[CV] ............................... C=64.0, gamma=0.25, total=   0.3s
[CV] C=64.0, gamma=0.25 ..............................................
[CV] ............................... C=64.0, gamma=0.25, total=   0.3s
[CV] C=64.0, gamma=0.5 ...............................................
[CV] ................................ C=64.0, gamma=0.5, total=   0.2s
[CV] C=64.0, gamma=1.0 ...............................................
[CV] ................................ C=64.0, gamma=1.0, total=   0.3s
[CV] C=64.0, gamma=2.0 ...............................................
[CV] ................................ C=64.0, gamma=2.0, total=   0.3s
[CV] C=128.0, gamma=0.00390625 .......................................
[CV] ........................ C=128.0, gamma=0.00390625, total=   0.2s
[CV] C=128.0, gamma=0.00390625 .......................................
[CV] ........................ C=128.0, gamma=0.00390625, total=   0.2s
[CV] C=128.0, gamma=0.0078125 ........................................
[CV] ......................... C=128.0, gamma=0.0078125, total=   0.3s
[CV] C=128.0, gamma=0.015625 .........................................
[CV] .......................... C=128.0, gamma=0.015625, total=   0.3s
[CV] C=128.0, gamma=0.03125 ..........................................
[CV] ........................... C=128.0, gamma=0.03125, total=   0.3s
[CV] C=128.0, gamma=0.03125 ..........................................
[CV] ........................... C=128.0, gamma=0.03125, total=   0.3s
[CV] C=128.0, gamma=0.0625 ...........................................
[CV] ............................ C=128.0, gamma=0.0625, total=   0.3s
[CV] C=128.0, gamma=0.125 ............................................
[CV] ............................. C=128.0, gamma=0.125, total=   0.2s
[CV] C=128.0, gamma=0.25 .............................................
[CV] .............................. C=128.0, gamma=0.25, total=   0.3s
[CV] C=128.0, gamma=0.5 ..............................................
[CV] ............................... C=128.0, gamma=0.5, total=   0.3s
[CV] C=128.0, gamma=0.5 ..............................................
[CV] ............................... C=128.0, gamma=0.5, total=   0.3s
[CV] C=128.0, gamma=1.0 ..............................................
[CV] ............................... C=128.0, gamma=1.0, total=   0.3s
[CV] C=128.0, gamma=2.0 ..............................................
[CV] ............................... C=128.0, gamma=2.0, total=   0.3s
[CV] C=256.0, gamma=0.00390625 .......................................
[CV] ........................ C=256.0, gamma=0.00390625, total=   0.3s
[CV] C=256.0, gamma=0.0078125 ........................................
[CV] ......................... C=256.0, gamma=0.0078125, total=   0.2s
[CV] C=256.0, gamma=0.0078125 ........................................
[CV] ......................... C=256.0, gamma=0.0078125, total=   0.2s
[CV] C=256.0, gamma=0.015625 .........................................
[CV] .......................... C=256.0, gamma=0.015625, total=   0.3s
[CV] C=256.0, gamma=0.03125 ..........................................
[CV] ........................... C=256.0, gamma=0.03125, total=   0.3s
[CV] C=256.0, gamma=0.0625 ...........................................
[CV] ............................ C=256.0, gamma=0.0625, total=   0.3s
[CV] C=256.0, gamma=0.125 ............................................
[CV] ............................. C=256.0, gamma=0.125, total=   0.3s
[CV] C=256.0, gamma=0.25 .............................................
[CV] .............................. C=256.0, gamma=0.25, total=   0.3s
[CV] C=256.0, gamma=0.25 .............................................
[CV] .............................. C=256.0, gamma=0.25, total=   0.3s
[CV] C=256.0, gamma=0.5 ..............................................
[CV] ............................... C=256.0, gamma=0.5, total=   0.2s
[CV] C=256.0, gamma=1.0 ..............................................
[CV] ............................... C=256.0, gamma=1.0, total=   0.2s
[CV] C=256.0, gamma=2.0 ..............................................
[CV] ............................... C=256.0, gamma=2.0, total=   0.2s
[CV] C=256.0, gamma=2.0 ..............................................
[CV] ............................... C=256.0, gamma=2.0, total=   0.2s
[CV] C=512.0, gamma=0.00390625 .......................................
[CV] ........................ C=512.0, gamma=0.00390625, total=   0.2s
[CV] C=512.0, gamma=0.0078125 ........................................
[CV] ......................... C=512.0, gamma=0.0078125, total=   0.3s
[CV] C=512.0, gamma=0.015625 .........................................
[CV] .......................... C=512.0, gamma=0.015625, total=   0.3s
[CV] C=512.0, gamma=0.03125 ..........................................
[CV] ........................... C=512.0, gamma=0.03125, total=   0.3s
[CV] C=512.0, gamma=0.03125 ..........................................
[CV] ........................... C=512.0, gamma=0.03125, total=   0.2s
[CV] C=512.0, gamma=0.0625 ...........................................
[CV] ............................ C=512.0, gamma=0.0625, total=   0.2s
[CV] C=512.0, gamma=0.125 ............................................
[CV] ............................. C=512.0, gamma=0.125, total=   0.2s
[CV] C=512.0, gamma=0.25 .............................................
[CV] .............................. C=512.0, gamma=0.25, total=   0.2s
[CV] C=512.0, gamma=0.25 .............................................
[CV] .............................. C=512.0, gamma=0.25, total=   0.3s
[CV] C=512.0, gamma=0.5 ..............................................
[CV] ............................... C=512.0, gamma=0.5, total=   0.3s
[CV] C=512.0, gamma=1.0 ..............................................
[CV] ............................... C=512.0, gamma=1.0, total=   0.3s
[CV] C=512.0, gamma=2.0 ..............................................
[CV] ............................... C=512.0, gamma=2.0, total=   0.3s
[CV] C=1024.0, gamma=0.00390625 ......................................
[CV] ....................... C=1024.0, gamma=0.00390625, total=   0.2s
[CV] C=1024.0, gamma=0.00390625 ......................................
[CV] ....................... C=1024.0, gamma=0.00390625, total=   0.2s
[CV] C=1024.0, gamma=0.0078125 .......................................
[CV] ........................ C=1024.0, gamma=0.0078125, total=   0.2s
[CV] C=1024.0, gamma=0.015625 ........................................
[CV] ......................... C=1024.0, gamma=0.015625, total=   0.3s
[CV] C=1024.0, gamma=0.03125 .........................................
[CV] .......................... C=1024.0, gamma=0.03125, total=   0.3s
[CV] C=1024.0, gamma=0.03125 .........................................
[CV] .......................... C=1024.0, gamma=0.03125, total=   0.3s
[CV] C=1024.0, gamma=0.0625 ..........................................
[CV] ........................... C=1024.0, gamma=0.0625, total=   0.3s
[CV] C=1024.0, gamma=0.125 ...........................................
[CV] ............................ C=1024.0, gamma=0.125, total=   0.2s
[CV] C=1024.0, gamma=0.25 ............................................
[CV] ............................. C=1024.0, gamma=0.25, total=   0.3s
[CV] C=1024.0, gamma=0.5 .............................................
[CV] .............................. C=1024.0, gamma=0.5, total=   0.3s
[CV] C=1024.0, gamma=0.5 .............................................
[CV] .............................. C=1024.0, gamma=0.5, total=   0.3s
[CV] C=1024.0, gamma=1.0 .............................................
[CV] .............................. C=1024.0, gamma=1.0, total=   0.3s
[CV] C=1024.0, gamma=2.0 .............................................
[CV] .............................. C=1024.0, gamma=2.0, total=   0.3s
[CV] C=2.0, gamma=0.00390625 .........................................
[CV] .......................... C=2.0, gamma=0.00390625, total=   0.2s
[CV] C=2.0, gamma=0.0078125 ..........................................
[CV] ........................... C=2.0, gamma=0.0078125, total=   0.2s
[CV] C=2.0, gamma=0.0078125 ..........................................
[CV] ........................... C=2.0, gamma=0.0078125, total=   0.2s
[CV] C=2.0, gamma=0.015625 ...........................................
[CV] ............................ C=2.0, gamma=0.015625, total=   0.3s
[CV] C=2.0, gamma=0.03125 ............................................
[CV] ............................. C=2.0, gamma=0.03125, total=   0.3s
[CV] C=2.0, gamma=0.0625 .............................................
[CV] .............................. C=2.0, gamma=0.0625, total=   0.3s
[CV] C=2.0, gamma=0.125 ..............................................
[CV] ............................... C=2.0, gamma=0.125, total=   0.3s
[CV] C=2.0, gamma=0.25 ...............................................
[CV] ................................ C=2.0, gamma=0.25, total=   0.3s
[CV] C=2.0, gamma=0.5 ................................................
[CV] ................................. C=2.0, gamma=0.5, total=   0.3s
[CV] C=2.0, gamma=0.5 ................................................
[CV] ................................. C=2.0, gamma=0.5, total=   0.3s
[CV] C=2.0, gamma=1.0 ................................................
[CV] ................................. C=2.0, gamma=1.0, total=   0.3s
[CV] C=2.0, gamma=2.0 ................................................
[CV] ................................. C=2.0, gamma=2.0, total=   0.3s
[CV] C=4.0, gamma=0.00390625 .........................................
[CV] .......................... C=4.0, gamma=0.00390625, total=   0.2s
[CV] C=4.0, gamma=0.00390625 .........................................
[CV] .......................... C=4.0, gamma=0.00390625, total=   0.2s
[CV] C=4.0, gamma=0.0078125 ..........................................
[CV] ........................... C=4.0, gamma=0.0078125, total=   0.2s
[CV] C=4.0, gamma=0.015625 ...........................................
[CV] ............................ C=4.0, gamma=0.015625, total=   0.2s
[CV] C=4.0, gamma=0.03125 ............................................
[CV] ............................. C=4.0, gamma=0.03125, total=   0.2s
[CV] C=4.0, gamma=0.03125 ............................................
[CV] ............................. C=4.0, gamma=0.03125, total=   0.3s
[CV] C=4.0, gamma=0.0625 .............................................
[CV] .............................. C=4.0, gamma=0.0625, total=   0.3s
[CV] C=4.0, gamma=0.125 ..............................................
[CV] ............................... C=4.0, gamma=0.125, total=   0.3s
[CV] C=4.0, gamma=0.25 ...............................................
[CV] ................................ C=4.0, gamma=0.25, total=   0.3s
[CV] C=4.0, gamma=0.5 ................................................
[CV] ................................. C=4.0, gamma=0.5, total=   0.3s
[CV] C=4.0, gamma=0.5 ................................................
[CV] ................................. C=4.0, gamma=0.5, total=   0.3s
[CV] C=4.0, gamma=1.0 ................................................
[CV] ................................. C=4.0, gamma=1.0, total=   0.3s
[CV] C=4.0, gamma=2.0 ................................................
[CV] ................................. C=4.0, gamma=2.0, total=   0.3s
[CV] C=8.0, gamma=0.00390625 .........................................
[CV] .......................... C=8.0, gamma=0.00390625, total=   0.2s
[CV] C=8.0, gamma=0.0078125 ..........................................
[CV] ........................... C=8.0, gamma=0.0078125, total=   0.2s
[CV] C=8.0, gamma=0.0078125 ..........................................
[CV] ........................... C=8.0, gamma=0.0078125, total=   0.2s
[CV] C=8.0, gamma=0.015625 ...........................................
[CV] ............................ C=8.0, gamma=0.015625, total=   0.3s
[CV] C=8.0, gamma=0.03125 ............................................
[CV] ............................. C=8.0, gamma=0.03125, total=   0.3s
[CV] C=8.0, gamma=0.0625 .............................................
[CV] .............................. C=8.0, gamma=0.0625, total=   0.3s
[CV] C=8.0, gamma=0.125 ..............................................
[CV] ............................... C=8.0, gamma=0.125, total=   0.3s
[CV] C=8.0, gamma=0.25 ...............................................
[CV] ................................ C=8.0, gamma=0.25, total=   0.3s
[CV] C=8.0, gamma=0.5 ................................................
[CV] ................................. C=8.0, gamma=0.5, total=   0.2s
[CV] C=8.0, gamma=0.5 ................................................
[CV] ................................. C=8.0, gamma=0.5, total=   0.3s
[CV] C=8.0, gamma=1.0 ................................................
[CV] ................................. C=8.0, gamma=1.0, total=   0.3s
[CV] C=8.0, gamma=2.0 ................................................
[CV] ................................. C=8.0, gamma=2.0, total=   0.3s
[CV] C=16.0, gamma=0.00390625 ........................................
[CV] ......................... C=16.0, gamma=0.00390625, total=   0.3s
[CV] C=16.0, gamma=0.0078125 .........................................
[CV] .......................... C=16.0, gamma=0.0078125, total=   0.3s
[CV] C=16.0, gamma=0.0078125 .........................................
[CV] .......................... C=16.0, gamma=0.0078125, total=   0.2s
[CV] C=16.0, gamma=0.015625 ..........................................
[CV] ........................... C=16.0, gamma=0.015625, total=   0.2s
[CV] C=16.0, gamma=0.03125 ...........................................
[CV] ............................ C=16.0, gamma=0.03125, total=   0.3s
[CV] C=16.0, gamma=0.0625 ............................................
[CV] ............................. C=16.0, gamma=0.0625, total=   0.3s
[CV] C=16.0, gamma=0.125 .............................................
[CV] .............................. C=16.0, gamma=0.125, total=   0.3s
[CV] C=16.0, gamma=0.125 .............................................
[CV] .............................. C=16.0, gamma=0.125, total=   0.3s
[CV] C=16.0, gamma=0.25 ..............................................
[CV] ............................... C=16.0, gamma=0.25, total=   0.3s
[CV] C=16.0, gamma=0.5 ...............................................
[CV] ................................ C=16.0, gamma=0.5, total=   0.3s
[CV] C=16.0, gamma=1.0 ...............................................
[CV] ................................ C=16.0, gamma=1.0, total=   0.3s
[CV] C=16.0, gamma=2.0 ...............................................
[CV] ................................ C=16.0, gamma=2.0, total=   0.2s
[CV] C=16.0, gamma=2.0 ...............................................
[CV] ................................ C=16.0, gamma=2.0, total=   0.3s
[CV] C=32.0, gamma=0.00390625 ........................................
[CV] ......................... C=32.0, gamma=0.00390625, total=   0.2s
[CV] C=32.0, gamma=0.0078125 .........................................
[CV] .......................... C=32.0, gamma=0.0078125, total=   0.3s
[CV] C=32.0, gamma=0.015625 ..........................................
[CV] ........................... C=32.0, gamma=0.015625, total=   0.3s
[CV] C=32.0, gamma=0.03125 ...........................................
[CV] ............................ C=32.0, gamma=0.03125, total=   0.3s
[CV] C=32.0, gamma=0.03125 ...........................................
[CV] ............................ C=32.0, gamma=0.03125, total=   0.2s
[CV] C=32.0, gamma=0.0625 ............................................
[CV] ............................. C=32.0, gamma=0.0625, total=   0.2s
[CV] C=32.0, gamma=0.125 .............................................
[CV] .............................. C=32.0, gamma=0.125, total=   0.3s
[CV] C=32.0, gamma=0.25 ..............................................
[CV] ............................... C=32.0, gamma=0.25, total=   0.3s
[CV] C=32.0, gamma=0.5 ...............................................
[CV] ................................ C=32.0, gamma=0.5, total=   0.3s
[CV] C=32.0, gamma=0.5 ...............................................
[CV] ................................ C=32.0, gamma=0.5, total=   0.3s
[CV] C=32.0, gamma=1.0 ...............................................
[CV] ................................ C=32.0, gamma=1.0, total=   0.3s
[CV] C=32.0, gamma=2.0 ...............................................
[CV] ................................ C=32.0, gamma=2.0, total=   0.3s
[CV] C=64.0, gamma=0.00390625 ........................................
[CV] ......................... C=64.0, gamma=0.00390625, total=   0.3s
[CV] C=64.0, gamma=0.0078125 .........................................
[CV] .......................... C=64.0, gamma=0.0078125, total=   0.3s
[CV] C=64.0, gamma=0.0078125 .........................................
[CV] .......................... C=64.0, gamma=0.0078125, total=   0.2s
[CV] C=64.0, gamma=0.015625 ..........................................
[CV] ........................... C=64.0, gamma=0.015625, total=   0.2s
[CV] C=64.0, gamma=0.03125 ...........................................
[CV] ............................ C=64.0, gamma=0.03125, total=   0.3s
[CV] C=64.0, gamma=0.0625 ............................................
[CV] ............................. C=64.0, gamma=0.0625, total=   0.3s
[CV] C=64.0, gamma=0.125 .............................................
[CV] .............................. C=64.0, gamma=0.125, total=   0.3s
[CV] C=64.0, gamma=0.125 .............................................
[CV] .............................. C=64.0, gamma=0.125, total=   0.3s
[CV] C=64.0, gamma=0.25 ..............................................
[CV] ............................... C=64.0, gamma=0.25, total=   0.3s
[CV] C=64.0, gamma=0.5 ...............................................
[CV] ................................ C=64.0, gamma=0.5, total=   0.3s
[CV] C=64.0, gamma=1.0 ...............................................
[CV] ................................ C=64.0, gamma=1.0, total=   0.3s
[CV] C=64.0, gamma=2.0 ...............................................
[CV] ................................ C=64.0, gamma=2.0, total=   0.3s
[CV] C=64.0, gamma=2.0 ...............................................
[CV] ................................ C=64.0, gamma=2.0, total=   0.3s
[CV] C=128.0, gamma=0.00390625 .......................................
[CV] ........................ C=128.0, gamma=0.00390625, total=   0.2s
[CV] C=128.0, gamma=0.0078125 ........................................
[CV] ......................... C=128.0, gamma=0.0078125, total=   0.2s
[CV] C=128.0, gamma=0.015625 .........................................
[CV] .......................... C=128.0, gamma=0.015625, total=   0.3s
[CV] C=128.0, gamma=0.03125 ..........................................
[CV] ........................... C=128.0, gamma=0.03125, total=   0.3s
[CV] C=128.0, gamma=0.0625 ...........................................
[CV] ............................ C=128.0, gamma=0.0625, total=   0.3s
[CV] C=128.0, gamma=0.0625 ...........................................
[CV] ............................ C=128.0, gamma=0.0625, total=   0.2s
[CV] C=128.0, gamma=0.125 ............................................
[CV] ............................. C=128.0, gamma=0.125, total=   0.3s
[CV] C=128.0, gamma=0.25 .............................................
[CV] .............................. C=128.0, gamma=0.25, total=   0.3s
[CV] C=128.0, gamma=0.5 ..............................................
[CV] ............................... C=128.0, gamma=0.5, total=   0.3s
[CV] C=128.0, gamma=1.0 ..............................................
[CV] ............................... C=128.0, gamma=1.0, total=   0.3s
[CV] C=128.0, gamma=1.0 ..............................................
[CV] ............................... C=128.0, gamma=1.0, total=   0.3s
[CV] C=128.0, gamma=2.0 ..............................................
[CV] ............................... C=128.0, gamma=2.0, total=   0.3s
[CV] C=256.0, gamma=0.00390625 .......................................
[CV] ........................ C=256.0, gamma=0.00390625, total=   0.2s
[CV] C=256.0, gamma=0.0078125 ........................................
[CV] ......................... C=256.0, gamma=0.0078125, total=   0.3s
[CV] C=256.0, gamma=0.015625 .........................................
[CV] .......................... C=256.0, gamma=0.015625, total=   0.2s
[CV] C=256.0, gamma=0.015625 .........................................
[CV] .......................... C=256.0, gamma=0.015625, total=   0.2s
[CV] C=256.0, gamma=0.03125 ..........................................
[CV] ........................... C=256.0, gamma=0.03125, total=   0.3s
[CV] C=256.0, gamma=0.0625 ...........................................
[CV] ............................ C=256.0, gamma=0.0625, total=   0.3s
[CV] C=256.0, gamma=0.125 ............................................
[CV] ............................. C=256.0, gamma=0.125, total=   0.2s
[CV] C=256.0, gamma=0.125 ............................................
[CV] ............................. C=256.0, gamma=0.125, total=   0.3s
[CV] C=256.0, gamma=0.25 .............................................
[CV] .............................. C=256.0, gamma=0.25, total=   0.3s
[CV] C=256.0, gamma=0.5 ..............................................
[CV] ............................... C=256.0, gamma=0.5, total=   0.3s
[CV] C=256.0, gamma=1.0 ..............................................
[CV] ............................... C=256.0, gamma=1.0, total=   0.3s
[CV] C=256.0, gamma=2.0 ..............................................
[CV] ............................... C=256.0, gamma=2.0, total=   0.3s
[CV] C=512.0, gamma=0.00390625 .......................................
[CV] ........................ C=512.0, gamma=0.00390625, total=   0.3s
[CV] C=512.0, gamma=0.0078125 ........................................
[CV] ......................... C=512.0, gamma=0.0078125, total=   0.2s
[CV] C=512.0, gamma=0.0078125 ........................................
[CV] ......................... C=512.0, gamma=0.0078125, total=   0.2s
[CV] C=512.0, gamma=0.015625 .........................................
[CV] .......................... C=512.0, gamma=0.015625, total=   0.3s
[CV] C=512.0, gamma=0.03125 ..........................................
[CV] ........................... C=512.0, gamma=0.03125, total=   0.3s
[CV] C=512.0, gamma=0.0625 ...........................................
[CV] ............................ C=512.0, gamma=0.0625, total=   0.3s
[CV] C=512.0, gamma=0.125 ............................................
[CV] ............................. C=512.0, gamma=0.125, total=   0.3s
[CV] C=512.0, gamma=0.125 ............................................
[CV] ............................. C=512.0, gamma=0.125, total=   0.3s
[CV] C=512.0, gamma=0.25 .............................................
[CV] .............................. C=512.0, gamma=0.25, total=   0.3s
[CV] C=512.0, gamma=0.5 ..............................................
[CV] ............................... C=512.0, gamma=0.5, total=   0.3s
[CV] C=512.0, gamma=1.0 ..............................................
[CV] ............................... C=512.0, gamma=1.0, total=   0.2s
[CV] C=512.0, gamma=2.0 ..............................................
[CV] ............................... C=512.0, gamma=2.0, total=   0.3s
[CV] C=512.0, gamma=2.0 ..............................................
[CV] ............................... C=512.0, gamma=2.0, total=   0.3s
[CV] C=1024.0, gamma=0.00390625 ......................................
[CV] ....................... C=1024.0, gamma=0.00390625, total=   0.3s
[CV] C=1024.0, gamma=0.0078125 .......................................
[CV] ........................ C=1024.0, gamma=0.0078125, total=   0.3s
[CV] C=1024.0, gamma=0.015625 ........................................
[CV] ......................... C=1024.0, gamma=0.015625, total=   0.3s
[CV] C=1024.0, gamma=0.03125 .........................................
[CV] .......................... C=1024.0, gamma=0.03125, total=   0.3s
[CV] C=1024.0, gamma=0.0625 ..........................................
[CV] ........................... C=1024.0, gamma=0.0625, total=   0.2s
[CV] C=1024.0, gamma=0.0625 ..........................................
[CV] ........................... C=1024.0, gamma=0.0625, total=   0.2s
[CV] C=1024.0, gamma=0.125 ...........................................
[CV] ............................ C=1024.0, gamma=0.125, total=   0.3s
[CV] C=1024.0, gamma=0.25 ............................................
[CV] ............................. C=1024.0, gamma=0.25, total=   0.3s
[CV] C=1024.0, gamma=0.5 .............................................
[CV] .............................. C=1024.0, gamma=0.5, total=   0.3s
[CV] C=1024.0, gamma=1.0 .............................................
[CV] .............................. C=1024.0, gamma=1.0, total=   0.3s
[CV] C=1024.0, gamma=1.0 .............................................
[CV] .............................. C=1024.0, gamma=1.0, total=   0.3s
[CV] C=1024.0, gamma=2.0 .............................................
[CV] .............................. C=1024.0, gamma=2.0, total=   0.2s
[CV] C=2.0, gamma=0.00390625 .........................................
[CV] .......................... C=2.0, gamma=0.00390625, total=   0.3s
[CV] C=2.0, gamma=0.0078125 ..........................................
[CV] ........................... C=2.0, gamma=0.0078125, total=   0.3s
[CV] C=2.0, gamma=0.015625 ...........................................
[CV] ............................ C=2.0, gamma=0.015625, total=   0.3s
[CV] C=2.0, gamma=0.03125 ............................................
[CV] ............................. C=2.0, gamma=0.03125, total=   0.3s
[CV] C=2.0, gamma=0.03125 ............................................
[CV] ............................. C=2.0, gamma=0.03125, total=   0.3s
[CV] C=2.0, gamma=0.0625 .............................................
[CV] .............................. C=2.0, gamma=0.0625, total=   0.2s
[CV] C=2.0, gamma=0.125 ..............................................
[CV] ............................... C=2.0, gamma=0.125, total=   0.3s
[CV] C=2.0, gamma=0.25 ...............................................
[CV] ................................ C=2.0, gamma=0.25, total=   0.3s
[CV] C=2.0, gamma=0.25 ...............................................
[CV] ................................ C=2.0, gamma=0.25, total=   0.3s
[CV] C=2.0, gamma=0.5 ................................................
[CV] ................................. C=2.0, gamma=0.5, total=   0.3s
[CV] C=2.0, gamma=1.0 ................................................
[CV] ................................. C=2.0, gamma=1.0, total=   0.3s
[CV] C=2.0, gamma=2.0 ................................................
[CV] ................................. C=2.0, gamma=2.0, total=   0.3s
[CV] C=4.0, gamma=0.00390625 .........................................
[CV] .......................... C=4.0, gamma=0.00390625, total=   0.3s
[CV] C=4.0, gamma=0.0078125 ..........................................
[CV] ........................... C=4.0, gamma=0.0078125, total=   0.3s
[CV] C=4.0, gamma=0.0078125 ..........................................
[CV] ........................... C=4.0, gamma=0.0078125, total=   0.3s
[CV] C=4.0, gamma=0.015625 ...........................................
[CV] ............................ C=4.0, gamma=0.015625, total=   0.3s
[CV] C=4.0, gamma=0.03125 ............................................
[CV] ............................. C=4.0, gamma=0.03125, total=   0.3s
[CV] C=4.0, gamma=0.0625 .............................................
[CV] .............................. C=4.0, gamma=0.0625, total=   0.3s
[CV] C=4.0, gamma=0.125 ..............................................
[CV] ............................... C=4.0, gamma=0.125, total=   0.2s
[CV] C=4.0, gamma=0.125 ..............................................
[CV] ............................... C=4.0, gamma=0.125, total=   0.2s
[CV] C=4.0, gamma=0.25 ...............................................
[CV] ................................ C=4.0, gamma=0.25, total=   0.2s
[CV] C=4.0, gamma=0.5 ................................................
[CV] ................................. C=4.0, gamma=0.5, total=   0.3s
[CV] C=4.0, gamma=1.0 ................................................
[CV] ................................. C=4.0, gamma=1.0, total=   0.2s
[CV] C=4.0, gamma=2.0 ................................................
[CV] ................................. C=4.0, gamma=2.0, total=   0.2s
[CV] C=4.0, gamma=2.0 ................................................
[CV] ................................. C=4.0, gamma=2.0, total=   0.3s
[CV] C=8.0, gamma=0.00390625 .........................................
[CV] .......................... C=8.0, gamma=0.00390625, total=   0.3s
[CV] C=8.0, gamma=0.0078125 ..........................................
[CV] ........................... C=8.0, gamma=0.0078125, total=   0.3s
[CV] C=8.0, gamma=0.015625 ...........................................
[CV] ............................ C=8.0, gamma=0.015625, total=   0.2s
[CV] C=8.0, gamma=0.03125 ............................................
[CV] ............................. C=8.0, gamma=0.03125, total=   0.2s
[CV] C=8.0, gamma=0.03125 ............................................
[CV] ............................. C=8.0, gamma=0.03125, total=   0.2s
[CV] C=8.0, gamma=0.0625 .............................................
[CV] .............................. C=8.0, gamma=0.0625, total=   0.2s
[CV] C=8.0, gamma=0.125 ..............................................
[CV] ............................... C=8.0, gamma=0.125, total=   0.2s
[CV] C=8.0, gamma=0.25 ...............................................
[CV] ................................ C=8.0, gamma=0.25, total=   0.3s
[CV] C=8.0, gamma=0.25 ...............................................
[CV] ................................ C=8.0, gamma=0.25, total=   0.3s
[CV] C=8.0, gamma=0.5 ................................................
[CV] ................................. C=8.0, gamma=0.5, total=   0.3s
[CV] C=8.0, gamma=1.0 ................................................
[CV] ................................. C=8.0, gamma=1.0, total=   0.2s
[CV] C=8.0, gamma=2.0 ................................................
[CV] ................................. C=8.0, gamma=2.0, total=   0.3s
[CV] C=16.0, gamma=0.00390625 ........................................
[CV] ......................... C=16.0, gamma=0.00390625, total=   0.2s
[CV] C=16.0, gamma=0.00390625 ........................................
[CV] ......................... C=16.0, gamma=0.00390625, total=   0.2s
[CV] C=16.0, gamma=0.0078125 .........................................
[CV] .......................... C=16.0, gamma=0.0078125, total=   0.2s
[CV] C=16.0, gamma=0.015625 ..........................................
[CV] ........................... C=16.0, gamma=0.015625, total=   0.3s
[CV] C=16.0, gamma=0.03125 ...........................................
[CV] ............................ C=16.0, gamma=0.03125, total=   0.3s
[CV] C=16.0, gamma=0.0625 ............................................
[CV] ............................. C=16.0, gamma=0.0625, total=   0.3s
[CV] C=16.0, gamma=0.0625 ............................................
[CV] ............................. C=16.0, gamma=0.0625, total=   0.2s
[CV] C=16.0, gamma=0.125 .............................................
[CV] .............................. C=16.0, gamma=0.125, total=   0.2s
[CV] C=16.0, gamma=0.25 ..............................................
[CV] ............................... C=16.0, gamma=0.25, total=   0.3s
[CV] C=16.0, gamma=0.5 ...............................................
[CV] ................................ C=16.0, gamma=0.5, total=   0.3s
[CV] C=16.0, gamma=0.5 ...............................................
[CV] ................................ C=16.0, gamma=0.5, total=   0.3s
[CV] C=16.0, gamma=1.0 ...............................................
[CV] ................................ C=16.0, gamma=1.0, total=   0.3s
[CV] C=16.0, gamma=2.0 ...............................................
[CV] ................................ C=16.0, gamma=2.0, total=   0.3s
[CV] C=32.0, gamma=0.00390625 ........................................
[CV] ......................... C=32.0, gamma=0.00390625, total=   0.2s
[CV] C=32.0, gamma=0.0078125 .........................................
[CV] .......................... C=32.0, gamma=0.0078125, total=   0.2s
[CV] C=32.0, gamma=0.0078125 .........................................
[CV] .......................... C=32.0, gamma=0.0078125, total=   0.2s
[CV] C=32.0, gamma=0.015625 ..........................................
[CV] ........................... C=32.0, gamma=0.015625, total=   0.3s
[CV] C=32.0, gamma=0.03125 ...........................................
[CV] ............................ C=32.0, gamma=0.03125, total=   0.3s
[CV] C=32.0, gamma=0.0625 ............................................
[CV] ............................. C=32.0, gamma=0.0625, total=   0.3s
[CV] C=32.0, gamma=0.125 .............................................
[CV] .............................. C=32.0, gamma=0.125, total=   0.2s
[CV] C=32.0, gamma=0.125 .............................................
[CV] .............................. C=32.0, gamma=0.125, total=   0.2s
[CV] C=32.0, gamma=0.25 ..............................................
[CV] ............................... C=32.0, gamma=0.25, total=   0.2s
[CV] C=32.0, gamma=0.5 ...............................................
[CV] ................................ C=32.0, gamma=0.5, total=   0.3s
[CV] C=32.0, gamma=1.0 ...............................................
[CV] ................................ C=32.0, gamma=1.0, total=   0.3s
[CV] C=32.0, gamma=2.0 ...............................................
[CV] ................................ C=32.0, gamma=2.0, total=   0.3s
[CV] C=32.0, gamma=2.0 ...............................................
[CV] ................................ C=32.0, gamma=2.0, total=   0.3s
[CV] C=64.0, gamma=0.00390625 ........................................
[CV] ......................... C=64.0, gamma=0.00390625, total=   0.2s
[CV] C=64.0, gamma=0.0078125 .........................................
[CV] .......................... C=64.0, gamma=0.0078125, total=   0.2s
[CV] C=64.0, gamma=0.015625 ..........................................
[CV] ........................... C=64.0, gamma=0.015625, total=   0.3s
[CV] C=64.0, gamma=0.03125 ...........................................
[CV] ............................ C=64.0, gamma=0.03125, total=   0.3s
[CV] C=64.0, gamma=0.03125 ...........................................
[CV] ............................ C=64.0, gamma=0.03125, total=   0.2s
[CV] C=64.0, gamma=0.0625 ............................................
[CV] ............................. C=64.0, gamma=0.0625, total=   0.2s
[CV] C=64.0, gamma=0.125 .............................................
[CV] .............................. C=64.0, gamma=0.125, total=   0.3s
[CV] C=64.0, gamma=0.25 ..............................................
[CV] ............................... C=64.0, gamma=0.25, total=   0.3s
[CV] C=64.0, gamma=0.5 ...............................................
[CV] ................................ C=64.0, gamma=0.5, total=   0.2s
[CV] C=64.0, gamma=0.5 ...............................................
[CV] ................................ C=64.0, gamma=0.5, total=   0.3s
[CV] C=64.0, gamma=1.0 ...............................................
[CV] ................................ C=64.0, gamma=1.0, total=   0.3s
[CV] C=64.0, gamma=2.0 ...............................................
[CV] ................................ C=64.0, gamma=2.0, total=   0.3s
[CV] C=128.0, gamma=0.00390625 .......................................
[CV] ........................ C=128.0, gamma=0.00390625, total=   0.2s
[CV] C=128.0, gamma=0.0078125 ........................................
[CV] ......................... C=128.0, gamma=0.0078125, total=   0.2s
[CV] C=128.0, gamma=0.0078125 ........................................
[CV] ......................... C=128.0, gamma=0.0078125, total=   0.2s
[CV] C=128.0, gamma=0.015625 .........................................
[CV] .......................... C=128.0, gamma=0.015625, total=   0.2s
[CV] C=128.0, gamma=0.03125 ..........................................
[CV] ........................... C=128.0, gamma=0.03125, total=   0.3s
[CV] C=128.0, gamma=0.0625 ...........................................
[CV] ............................ C=128.0, gamma=0.0625, total=   0.3s
[CV] C=128.0, gamma=0.125 ............................................
[CV] ............................. C=128.0, gamma=0.125, total=   0.3s
[CV] C=128.0, gamma=0.125 ............................................
[CV] ............................. C=128.0, gamma=0.125, total=   0.2s
[CV] C=128.0, gamma=0.25 .............................................
[CV] .............................. C=128.0, gamma=0.25, total=   0.3s
[CV] C=128.0, gamma=0.5 ..............................................
[CV] ............................... C=128.0, gamma=0.5, total=   0.3s
[CV] C=128.0, gamma=1.0 ..............................................
[CV] ............................... C=128.0, gamma=1.0, total=   0.3s
[CV] C=128.0, gamma=2.0 ..............................................
[CV] ............................... C=128.0, gamma=2.0, total=   0.3s
[CV] C=128.0, gamma=2.0 ..............................................
[CV] ............................... C=128.0, gamma=2.0, total=   0.3s
[CV] C=256.0, gamma=0.00390625 .......................................
[CV] ........................ C=256.0, gamma=0.00390625, total=   0.2s
[CV] C=256.0, gamma=0.0078125 ........................................
[CV] ......................... C=256.0, gamma=0.0078125, total=   0.2s
[CV] C=256.0, gamma=0.015625 .........................................
[CV] .......................... C=256.0, gamma=0.015625, total=   0.3s
[CV] C=256.0, gamma=0.03125 ..........................................
[CV] ........................... C=256.0, gamma=0.03125, total=   0.3s
[CV] C=256.0, gamma=0.03125 ..........................................
[CV] ........................... C=256.0, gamma=0.03125, total=   0.3s
[CV] C=256.0, gamma=0.0625 ...........................................
[CV] ............................ C=256.0, gamma=0.0625, total=   0.2s
[CV] C=256.0, gamma=0.125 ............................................
[CV] ............................. C=256.0, gamma=0.125, total=   0.3s
[CV] C=256.0, gamma=0.25 .............................................
[CV] .............................. C=256.0, gamma=0.25, total=   0.3s
[CV] C=256.0, gamma=0.5 ..............................................
[CV] ............................... C=256.0, gamma=0.5, total=   0.3s
[CV] C=256.0, gamma=0.5 ..............................................
[CV] ............................... C=256.0, gamma=0.5, total=   0.2s
[CV] C=256.0, gamma=1.0 ..............................................
[CV] ............................... C=256.0, gamma=1.0, total=   0.2s
[CV] C=256.0, gamma=2.0 ..............................................
[CV] ............................... C=256.0, gamma=2.0, total=   0.2s
[CV] C=512.0, gamma=0.00390625 .......................................
[CV] ........................ C=512.0, gamma=0.00390625, total=   0.2s
[CV] C=512.0, gamma=0.00390625 .......................................
[CV] ........................ C=512.0, gamma=0.00390625, total=   0.2s
[CV] C=512.0, gamma=0.0078125 ........................................
[CV] ......................... C=512.0, gamma=0.0078125, total=   0.3s
[CV] C=512.0, gamma=0.015625 .........................................
[CV] .......................... C=512.0, gamma=0.015625, total=   0.3s
[CV] C=512.0, gamma=0.03125 ..........................................
[CV] ........................... C=512.0, gamma=0.03125, total=   0.3s
[CV] C=512.0, gamma=0.0625 ...........................................
[CV] ............................ C=512.0, gamma=0.0625, total=   0.2s
[CV] C=512.0, gamma=0.0625 ...........................................
[CV] ............................ C=512.0, gamma=0.0625, total=   0.2s
[CV] C=512.0, gamma=0.125 ............................................
[CV] ............................. C=512.0, gamma=0.125, total=   0.2s
[CV] C=512.0, gamma=0.25 .............................................
[CV] .............................. C=512.0, gamma=0.25, total=   0.2s
[CV] C=512.0, gamma=0.5 ..............................................
[CV] ............................... C=512.0, gamma=0.5, total=   0.3s
[CV] C=512.0, gamma=0.5 ..............................................
[CV] ............................... C=512.0, gamma=0.5, total=   0.3s
[CV] C=512.0, gamma=1.0 ..............................................
[CV] ............................... C=512.0, gamma=1.0, total=   0.3s
[CV] C=512.0, gamma=2.0 ..............................................
[CV] ............................... C=512.0, gamma=2.0, total=   0.3s
[CV] C=1024.0, gamma=0.00390625 ......................................
[CV] ....................... C=1024.0, gamma=0.00390625, total=   0.2s
[CV] C=1024.0, gamma=0.0078125 .......................................
[CV] ........................ C=1024.0, gamma=0.0078125, total=   0.2s
[CV] C=1024.0, gamma=0.0078125 .......................................
[CV] ........................ C=1024.0, gamma=0.0078125, total=   0.2s
[CV] C=1024.0, gamma=0.015625 ........................................
[CV] ......................... C=1024.0, gamma=0.015625, total=   0.3s
[CV] C=1024.0, gamma=0.03125 .........................................
[CV] .......................... C=1024.0, gamma=0.03125, total=   0.3s
[CV] C=1024.0, gamma=0.0625 ..........................................
[CV] ........................... C=1024.0, gamma=0.0625, total=   0.3s
[CV] C=1024.0, gamma=0.125 ...........................................
[CV] ............................ C=1024.0, gamma=0.125, total=   0.3s
[CV] C=1024.0, gamma=0.125 ...........................................
[CV] ............................ C=1024.0, gamma=0.125, total=   0.3s
[CV] C=1024.0, gamma=0.25 ............................................
[CV] ............................. C=1024.0, gamma=0.25, total=   0.2s
[CV] C=1024.0, gamma=0.5 .............................................
[CV] .............................. C=1024.0, gamma=0.5, total=   0.3s
[CV] C=1024.0, gamma=1.0 .............................................
[CV] .............................. C=1024.0, gamma=1.0, total=   0.3s
[CV] C=1024.0, gamma=2.0 .............................................
[CV] .............................. C=1024.0, gamma=2.0, total=   0.3s
[CV] C=1024.0, gamma=2.0 .............................................
[CV] .............................. C=1024.0, gamma=2.0, total=   0.3s
