Running on host gpu03.bc4.acrc.priv
Time is Sat Aug 21 23:45:10 BST 2021
Directory is /mnt/storage/scratch/um20242/VSFA-master
Slurm job ID is 4691913
This jobs runs on the following machines:
gpu03
EXP ID: 0
YOUTUBE_UGC_480P
VSFA
[3.15  3.407 3.525 3.42  3.111 3.183 3.29  3.465 3.495 3.303 3.656 3.453
 3.731 3.607 3.29  3.848 3.286 3.487 3.164 3.118 3.815 2.826 3.25  2.934
 3.837 1.71  3.608 2.877 4.235 3.027 3.27  2.677 3.169 3.418 3.056 2.369
 3.917 2.502 2.729 3.048 2.436 3.435 3.795 2.676 3.466 2.973 3.822 2.776
 2.891 3.043 3.714 3.904 3.478 3.631 3.786 3.013 2.871 3.468 2.348 2.425
 2.674 3.67  2.798 2.761 3.792 3.581 2.397 3.454 3.592 3.998 2.507 1.462
 3.264 3.283 2.981 2.51  3.93  3.858 2.551 3.659 2.763 2.94  4.085 3.576
 3.559 2.836 4.079 3.267 3.261 3.514 1.785 3.186 1.879 3.261 1.453 4.193
 3.168 3.328 3.457 3.451 3.93  3.666 2.606 4.024 2.324 3.502 3.368 3.249
 3.275 3.417 3.256 3.428 3.258 3.598 3.538 3.015 2.909 3.173 3.631 3.089
 3.689 2.973 2.729 2.755 1.491 2.907 3.267 3.695 3.502 3.153 3.249 3.691
 3.247 2.064 3.145 3.063 2.985 3.472 2.639 3.193 3.179 3.344 2.572 2.508
 3.453 3.059 3.726 3.061 3.47  2.767 2.908 3.766 1.539 3.346 4.272 3.045
 3.033 1.756 2.709 3.611 3.093 3.509 3.04  3.265 3.581 2.688 2.688 2.998
 2.421 2.791 3.61  3.802 3.764 2.481 3.623 3.011 3.975 2.983 3.45  3.423
 2.237 3.105 2.921 3.51  3.102 3.793 2.991 3.407 3.754 3.106 2.914 3.765
 3.419 3.673 3.316 3.149 1.612 3.459 3.835 2.177 1.706 3.149 2.715 2.401
 3.537 3.533 3.668 2.389 3.498 4.234 1.97  3.17  2.023 2.866 2.698 3.771
 3.448 3.306 3.053 1.953 2.908 2.881 3.442 3.183 3.475 2.371 2.609 3.169
 2.312 3.044 3.456 3.544 2.823 3.85  2.896 2.882 3.825 4.402 4.133 3.527
 4.337 3.78  3.383 2.299 3.832 3.499 3.005 3.609 4.248 3.591 2.755 4.075
 2.325 2.779 3.373 3.244 3.666 3.431 2.512 3.12  2.846 3.206 3.8   2.581
 3.755 2.487 3.89  2.588 3.944 3.577 2.9  ]
EXP ID=0: Update best model using best_val_criterion in epoch 0
Val results: val loss=0.1760, SROCC=0.2867, KROCC=0.2013, PLCC=0.3235, RMSE=1.0153
Test results: test loss=0.2185, SROCC=0.1003, KROCC=0.0776, PLCC=0.2612, RMSE=1.1501
EXP ID=0: Update best model using best_val_criterion in epoch 1
Val results: val loss=0.1206, SROCC=0.3094, KROCC=0.2279, PLCC=0.3371, RMSE=0.6412
Test results: test loss=0.1298, SROCC=0.1087, KROCC=0.0860, PLCC=0.2581, RMSE=0.7593
EXP ID=0: Update best model using best_val_criterion in epoch 2
Val results: val loss=0.1213, SROCC=0.3350, KROCC=0.2447, PLCC=0.3615, RMSE=0.6178
Test results: test loss=0.1221, SROCC=0.1177, KROCC=0.0957, PLCC=0.2715, RMSE=0.7118
EXP ID=0: Update best model using best_val_criterion in epoch 3
Val results: val loss=0.1010, SROCC=0.3650, KROCC=0.2712, PLCC=0.3998, RMSE=0.5979
Test results: test loss=0.1293, SROCC=0.1219, KROCC=0.0957, PLCC=0.2922, RMSE=0.7249
EXP ID=0: Update best model using best_val_criterion in epoch 4
Val results: val loss=0.1026, SROCC=0.4465, KROCC=0.3328, PLCC=0.4504, RMSE=0.5389
Test results: test loss=0.1092, SROCC=0.1402, KROCC=0.1055, PLCC=0.3058, RMSE=0.6308
EXP ID=0: Update best model using best_val_criterion in epoch 5
Val results: val loss=0.0900, SROCC=0.4777, KROCC=0.3523, PLCC=0.4836, RMSE=0.5337
Test results: test loss=0.1171, SROCC=0.1581, KROCC=0.1097, PLCC=0.3260, RMSE=0.6540
EXP ID=0: Update best model using best_val_criterion in epoch 6
Val results: val loss=0.0905, SROCC=0.5193, KROCC=0.3705, PLCC=0.5233, RMSE=0.4920
Test results: test loss=0.1004, SROCC=0.1925, KROCC=0.1377, PLCC=0.3501, RMSE=0.5745
EXP ID=0: Update best model using best_val_criterion in epoch 7
Val results: val loss=0.0859, SROCC=0.5464, KROCC=0.3929, PLCC=0.5492, RMSE=0.4778
Test results: test loss=0.0985, SROCC=0.2348, KROCC=0.1670, PLCC=0.3787, RMSE=0.5623
EXP ID=0: Update best model using best_val_criterion in epoch 8
Val results: val loss=0.0833, SROCC=0.5608, KROCC=0.3971, PLCC=0.5671, RMSE=0.4758
Test results: test loss=0.1001, SROCC=0.2595, KROCC=0.1908, PLCC=0.4037, RMSE=0.5665
EXP ID=0: Update best model using best_val_criterion in epoch 9
Val results: val loss=0.0846, SROCC=0.5766, KROCC=0.4041, PLCC=0.5796, RMSE=0.4675
Test results: test loss=0.0926, SROCC=0.3186, KROCC=0.2313, PLCC=0.4367, RMSE=0.5262
EXP ID=0: Update best model using best_val_criterion in epoch 10
Val results: val loss=0.0837, SROCC=0.5880, KROCC=0.4236, PLCC=0.5893, RMSE=0.4636
Test results: test loss=0.0921, SROCC=0.3476, KROCC=0.2495, PLCC=0.4581, RMSE=0.5195
EXP ID=0: Update best model using best_val_criterion in epoch 11
Val results: val loss=0.0832, SROCC=0.6112, KROCC=0.4334, PLCC=0.5985, RMSE=0.4848
Test results: test loss=0.1043, SROCC=0.3498, KROCC=0.2565, PLCC=0.4724, RMSE=0.5751
EXP ID=0: Update best model using best_val_criterion in epoch 12
Val results: val loss=0.0879, SROCC=0.6440, KROCC=0.4614, PLCC=0.6116, RMSE=0.4784
Test results: test loss=0.0880, SROCC=0.3773, KROCC=0.2690, PLCC=0.4993, RMSE=0.4946
EXP ID=0: Update best model using best_val_criterion in epoch 13
Val results: val loss=0.0863, SROCC=0.6652, KROCC=0.4865, PLCC=0.6273, RMSE=0.4680
Test results: test loss=0.0875, SROCC=0.3602, KROCC=0.2593, PLCC=0.5208, RMSE=0.4865
EXP ID=0: Update best model using best_val_criterion in epoch 16
Val results: val loss=0.0818, SROCC=0.6789, KROCC=0.4935, PLCC=0.6459, RMSE=0.4474
Test results: test loss=0.0853, SROCC=0.3917, KROCC=0.2788, PLCC=0.5755, RMSE=0.4665
EXP ID=0: Update best model using best_val_criterion in epoch 17
Val results: val loss=0.0807, SROCC=0.6894, KROCC=0.4935, PLCC=0.6573, RMSE=0.4697
Test results: test loss=0.0987, SROCC=0.4020, KROCC=0.2844, PLCC=0.5764, RMSE=0.5439
EXP ID=0: Update best model using best_val_criterion in epoch 18
Val results: val loss=0.0754, SROCC=0.7034, KROCC=0.5089, PLCC=0.6713, RMSE=0.4289
Test results: test loss=0.0853, SROCC=0.4259, KROCC=0.3026, PLCC=0.5972, RMSE=0.4723
EXP ID=0: Update best model using best_val_criterion in epoch 19
Val results: val loss=0.0764, SROCC=0.7148, KROCC=0.5243, PLCC=0.6805, RMSE=0.4270
Test results: test loss=0.0840, SROCC=0.4558, KROCC=0.3277, PLCC=0.6095, RMSE=0.4552
EXP ID=0: Update best model using best_val_criterion in epoch 20
Val results: val loss=0.0749, SROCC=0.7221, KROCC=0.5243, PLCC=0.6800, RMSE=0.4246
Test results: test loss=0.0851, SROCC=0.4567, KROCC=0.3291, PLCC=0.6173, RMSE=0.4644
EXP ID=0: Update best model using best_val_criterion in epoch 24
Val results: val loss=0.0749, SROCC=0.7277, KROCC=0.5285, PLCC=0.6988, RMSE=0.4154
Test results: test loss=0.0831, SROCC=0.4800, KROCC=0.3459, PLCC=0.6668, RMSE=0.4335
EXP ID=0: Update best model using best_val_criterion in epoch 26
Val results: val loss=0.0755, SROCC=0.7334, KROCC=0.5369, PLCC=0.7093, RMSE=0.4185
Test results: test loss=0.0819, SROCC=0.4906, KROCC=0.3501, PLCC=0.6708, RMSE=0.4227
EXP ID=0: Update best model using best_val_criterion in epoch 27
Val results: val loss=0.0725, SROCC=0.7426, KROCC=0.5425, PLCC=0.7180, RMSE=0.4035
Test results: test loss=0.0832, SROCC=0.4863, KROCC=0.3459, PLCC=0.6715, RMSE=0.4306
EXP ID=0: Update best model using best_val_criterion in epoch 28
Val results: val loss=0.0726, SROCC=0.7447, KROCC=0.5467, PLCC=0.7198, RMSE=0.4026
Test results: test loss=0.0826, SROCC=0.4889, KROCC=0.3487, PLCC=0.6806, RMSE=0.4253
EXP ID=0: Update best model using best_val_criterion in epoch 34
Val results: val loss=0.0711, SROCC=0.7453, KROCC=0.5453, PLCC=0.7365, RMSE=0.3954
Test results: test loss=0.0809, SROCC=0.5314, KROCC=0.3809, PLCC=0.6970, RMSE=0.4082
EXP ID=0: Update best model using best_val_criterion in epoch 35
Val results: val loss=0.0697, SROCC=0.7667, KROCC=0.5592, PLCC=0.7406, RMSE=0.3964
Test results: test loss=0.0844, SROCC=0.4897, KROCC=0.3487, PLCC=0.6943, RMSE=0.4366
EXP ID=0: Update best model using best_val_criterion in epoch 45
Val results: val loss=0.0681, SROCC=0.7765, KROCC=0.5704, PLCC=0.7500, RMSE=0.3801
Test results: test loss=0.0800, SROCC=0.5164, KROCC=0.3823, PLCC=0.7136, RMSE=0.4032
EXP ID=0: Update best model using best_val_criterion in epoch 61
Val results: val loss=0.0670, SROCC=0.7778, KROCC=0.5760, PLCC=0.7614, RMSE=0.3978
Test results: test loss=0.0839, SROCC=0.5314, KROCC=0.3864, PLCC=0.7296, RMSE=0.4357
EXP ID=0: Update best model using best_val_criterion in epoch 62
Val results: val loss=0.0681, SROCC=0.7938, KROCC=0.5984, PLCC=0.7661, RMSE=0.4050
Test results: test loss=0.0856, SROCC=0.5197, KROCC=0.3781, PLCC=0.7256, RMSE=0.4481
y_pred: [3.50225165 3.03933367 3.44252381 3.28167748 3.6681425  3.55592613
 3.52359939 2.97060306 3.77035039 3.89174532 3.80039548 3.69799658
 3.47872669 3.48018447 3.13778796 3.92835961 3.72971487 2.82970046
 3.53859858 3.05661871 3.39575779 3.38369567 1.91413994 3.56765372
 3.25635889 2.88199903 2.74095212 2.43467243 3.41124711 3.66156516
 3.21499369 3.74418589 2.85413168 2.00080184 3.17191096 2.15287761
 2.9718268  3.43730849 3.30436886 2.70948598 3.84030343 3.24907287
 3.67995561 3.12787971 3.16907778 3.44934253 3.60499506 2.98982893
 3.22999656 3.75574896 3.42349447 3.41049041 3.96299267 3.64138187]
y_test [3.15  3.407 3.42  3.495 3.303 3.453 3.731 3.29  3.487 3.118 3.25  2.934
 2.369 2.729 2.871 3.792 3.581 2.507 3.264 2.981 2.94  3.559 1.453 3.598
 3.015 3.173 2.973 1.491 2.907 3.153 3.691 2.985 3.179 1.539 3.346 1.756
 2.688 2.998 3.764 2.914 3.835 2.715 3.533 3.668 2.698 2.881 3.475 2.371
 3.383 3.832 2.755 3.12  3.206 3.8  ]
Test results: test loss=0.0856, SROCC=0.5197, KROCC=0.3781, PLCC=0.7256, RMSE=0.4481
