Running on host compute144.bc4.acrc.priv
Time is Mon Aug 30 13:41:19 BST 2021
Directory is /mnt/storage/scratch/um20242/VSFA-UGC
Slurm job ID is 4742604
This jobs runs on the following machines:
compute[144,214,434,462]
/mnt/storage/home/um20242/.conda/envs/reproducibleresearch/lib/python3.6/site-packages/torch/cuda/__init__.py:52: UserWarning: CUDA initialization: Found no NVIDIA driver on your system. Please check that you have an NVIDIA GPU and installed a driver from http://www.nvidia.com/Download/index.aspx (Triggered internally at  /opt/conda/conda-bld/pytorch_1607370116979/work/c10/cuda/CUDAFunctions.cpp:100.)
  return torch._C._cuda_getDeviceCount() > 0
/mnt/storage/home/um20242/.conda/envs/reproducibleresearch/lib/python3.6/site-packages/numpy/core/_asarray.py:136: VisibleDeprecationWarning: Creating an ndarray from ragged nested sequences (which is a list-or-tuple of lists-or-tuples-or ndarrays with different lengths or shapes) is deprecated. If you meant to do this, you must specify 'dtype=object' when creating the ndarray
  return array(a, dtype, copy=False, order=order, subok=True)
EXP ID: 0
YOUTUBE_UGC_1080P
VSFA
[3.901 3.94  4.245 4.158 4.189 3.791 3.346 4.369 2.778 4.444 4.045 3.51
 3.565 4.121 3.252 4.243 3.958 3.376 3.081 2.052 4.124 2.383 4.433 4.228
 2.741 3.221 4.358 3.882 3.812 3.763 3.675 3.893 4.331 4.193 3.381 3.827
 4.298 3.969 3.736 3.209 3.29  4.043 4.288 3.968 3.781 4.494 4.434 4.295
 3.013 3.898 4.239 4.283 3.541 3.884 4.441 3.829 4.391 3.035 3.872 3.245
 3.782 3.839 4.373 3.695 4.355 4.377 4.322 4.409 3.952 3.328 3.92  4.399
 4.142 3.743 3.821 3.475 4.602 2.517 4.482 4.366 4.05  4.024 4.373 3.761
 3.756 1.242 3.791 4.038 4.503 3.777 4.45  3.895 4.16  4.08  3.824 3.582
 4.589 3.51  4.626 4.064 4.106 4.318 2.629 3.804 4.181 4.046 4.514 4.234
 3.517 4.336 4.185 4.427 4.199 4.272 4.102 3.948 4.229 4.454 1.915 4.194
 3.957 3.717 3.718 4.092 3.59  3.826 4.55  4.172 3.649 4.45  4.36  4.162
 3.819 3.693 3.776 3.326 3.906 4.05  3.819 4.174 3.443 4.329 3.78  3.281
 3.346 3.838 3.559 2.814 4.3   4.381 3.803 4.299 4.177 3.95  4.071 3.636
 4.031 3.188 4.221 3.512 4.399 4.228 4.288 4.084 3.963 3.259 4.349 3.829
 3.577 4.283 4.436 3.616 3.658 3.69  4.372 3.083 4.19  3.748 3.042 4.066
 4.323 3.318 3.492 3.566 2.925 3.75  4.421 4.159 4.489 3.672 4.141 3.812
 4.002 4.484 4.382 4.462 3.936 3.887 4.45  4.065 3.517 3.977 3.855 3.447
 3.524 4.224 3.98  4.57  4.472 3.352 4.49  3.378 4.411 3.662 4.452 3.231
 3.669 4.021 3.819 4.414 3.493 4.106 4.142 3.445 3.429 3.478 3.652 4.335
 4.366 3.91  3.755 4.054 3.718 3.765 4.313 4.607 4.251 4.052 3.382 1.989
 4.227 4.334 4.273 4.099 4.604 4.415 4.199 4.228 4.561 4.15  3.828 3.979
 1.848 2.891 4.36  3.382 4.189 4.367 4.432 4.452 3.439 4.496 4.119 4.257
 2.84  4.034 3.305 3.78  3.955 4.185 2.528 4.442 3.076 4.474 4.134 2.442
 3.872 3.327 4.641 3.069 1.914 3.882 3.685 4.429 2.428 3.196 3.948 2.888
 3.908 3.962 3.838 4.365 2.811 4.255 4.192 3.926 3.374 3.944 3.042]
EXP ID=0: Update best model using best_val_criterion in epoch 0
Val results: val loss=0.1403, SROCC=0.4890, KROCC=0.3216, PLCC=0.5226, RMSE=0.8256
Test results: test loss=0.1663, SROCC=0.0631, KROCC=0.0497, PLCC=0.3257, RMSE=0.9089
EXP ID=0: Update best model using best_val_criterion in epoch 16
Val results: val loss=0.0891, SROCC=0.4941, KROCC=0.3340, PLCC=0.5541, RMSE=0.5147
Test results: test loss=0.0782, SROCC=0.3071, KROCC=0.1981, PLCC=0.5074, RMSE=0.4471
EXP ID=0: Update best model using best_val_criterion in epoch 18
Val results: val loss=0.0903, SROCC=0.5060, KROCC=0.3521, PLCC=0.5544, RMSE=0.5249
Test results: test loss=0.0777, SROCC=0.3112, KROCC=0.1981, PLCC=0.5225, RMSE=0.4448
EXP ID=0: Update best model using best_val_criterion in epoch 25
Val results: val loss=0.0896, SROCC=0.5145, KROCC=0.3656, PLCC=0.5724, RMSE=0.5313
Test results: test loss=0.0765, SROCC=0.3650, KROCC=0.2414, PLCC=0.5705, RMSE=0.4402
EXP ID=0: Update best model using best_val_criterion in epoch 26
Val results: val loss=0.0854, SROCC=0.5292, KROCC=0.3792, PLCC=0.5820, RMSE=0.5051
Test results: test loss=0.0724, SROCC=0.3778, KROCC=0.2519, PLCC=0.5807, RMSE=0.4199
EXP ID=0: Update best model using best_val_criterion in epoch 29
Val results: val loss=0.0880, SROCC=0.5524, KROCC=0.3928, PLCC=0.5942, RMSE=0.5214
Test results: test loss=0.0743, SROCC=0.3959, KROCC=0.2706, PLCC=0.5978, RMSE=0.4280
EXP ID=0: Update best model using best_val_criterion in epoch 40
Val results: val loss=0.0866, SROCC=0.5534, KROCC=0.3928, PLCC=0.6180, RMSE=0.5218
Test results: test loss=0.0724, SROCC=0.4452, KROCC=0.3022, PLCC=0.6323, RMSE=0.4228
EXP ID=0: Update best model using best_val_criterion in epoch 46
Val results: val loss=0.0830, SROCC=0.5615, KROCC=0.4041, PLCC=0.6241, RMSE=0.5064
Test results: test loss=0.0702, SROCC=0.4479, KROCC=0.3068, PLCC=0.6439, RMSE=0.4094
EXP ID=0: Update best model using best_val_criterion in epoch 47
Val results: val loss=0.0853, SROCC=0.5724, KROCC=0.4109, PLCC=0.6343, RMSE=0.5178
Test results: test loss=0.0723, SROCC=0.4401, KROCC=0.3022, PLCC=0.6491, RMSE=0.4216
EXP ID=0: Update best model using best_val_criterion in epoch 59
Val results: val loss=0.0802, SROCC=0.5727, KROCC=0.4142, PLCC=0.6326, RMSE=0.4845
Test results: test loss=0.0665, SROCC=0.5217, KROCC=0.3641, PLCC=0.6681, RMSE=0.3864
EXP ID=0: Update best model using best_val_criterion in epoch 62
Val results: val loss=0.0823, SROCC=0.5729, KROCC=0.4165, PLCC=0.6383, RMSE=0.4990
Test results: test loss=0.0678, SROCC=0.5375, KROCC=0.3781, PLCC=0.6741, RMSE=0.3992
EXP ID=0: Update best model using best_val_criterion in epoch 67
Val results: val loss=0.0827, SROCC=0.5752, KROCC=0.4199, PLCC=0.6398, RMSE=0.5035
Test results: test loss=0.0685, SROCC=0.5355, KROCC=0.3711, PLCC=0.6819, RMSE=0.4006
EXP ID=0: Update best model using best_val_criterion in epoch 81
Val results: val loss=0.0816, SROCC=0.5776, KROCC=0.4176, PLCC=0.6626, RMSE=0.4965
Test results: test loss=0.0694, SROCC=0.5162, KROCC=0.3665, PLCC=0.6989, RMSE=0.4046
EXP ID=0: Update best model using best_val_criterion in epoch 108
Val results: val loss=0.0763, SROCC=0.5777, KROCC=0.4165, PLCC=0.6539, RMSE=0.4612
Test results: test loss=0.0623, SROCC=0.5850, KROCC=0.4179, PLCC=0.7241, RMSE=0.3584
EXP ID=0: Update best model using best_val_criterion in epoch 109
Val results: val loss=0.0777, SROCC=0.6013, KROCC=0.4323, PLCC=0.6783, RMSE=0.4689
Test results: test loss=0.0648, SROCC=0.5831, KROCC=0.4167, PLCC=0.7326, RMSE=0.3744
y_pred: [3.54825207 4.07304789 4.40822878 3.14267976 4.22106724 4.20262105
 4.27956268 4.21366476 2.98887977 4.30685203 4.08334637 4.06251456
 4.12935798 4.34299753 4.32706198 4.6970094  3.71029687 4.21185756
 4.28646945 4.1766003  4.31901634 4.07426864 4.32531427 4.69837206
 4.23225452 4.34432118 4.31753114 3.89224569 4.00424983 3.70306894
 3.98482438 4.39517457 3.55913782 3.44651874 3.83074113 3.84379203
 4.35359919 3.59810131 4.20671455 4.15078841 3.56422607 4.0779353
 4.05615633 3.50756964 3.50253119 3.94271761 4.30725313 4.49644565
 4.40687913 4.19565037 3.55575691 4.29639449 4.29754027 2.85866484
 4.37717401 4.08560806 3.37220478 4.32157817 4.22161303]
y_test [3.901 3.94  4.158 2.778 4.444 3.51  3.565 3.376 2.052 4.433 4.228 3.827
 3.736 4.391 4.355 4.377 3.92  4.142 3.821 4.024 3.756 3.824 4.199 4.102
 4.229 3.957 4.092 3.59  4.36  3.326 4.174 4.299 4.177 4.031 3.259 4.349
 3.616 3.672 3.887 3.977 3.524 4.224 3.662 3.493 3.445 3.429 4.334 4.099
 4.15  4.432 3.439 4.496 4.134 2.442 4.429 3.948 2.888 4.365 3.926]
Test results: test loss=0.0648, SROCC=0.5831, KROCC=0.4167, PLCC=0.7326, RMSE=0.3744
