Running on host gpu03.bc4.acrc.priv
Time is Sat Aug 21 02:24:26 BST 2021
Directory is /mnt/storage/scratch/um20242/VSFA-master
Slurm job ID is 4683686
This jobs runs on the following machines:
gpu03
EXP ID: 0
YOUTUBE_UGC_360P
VSFA
[3.652 3.702 3.435 2.353 3.651 3.282 3.003 3.682 3.552 3.429 2.236 3.382
 2.751 3.362 2.538 2.511 2.79  2.578 2.633 3.409 2.273 2.796 2.427 2.855
 3.235 2.828 2.789 2.943 2.404 3.145 3.273 2.763 2.582 3.14  3.133 2.869
 3.245 2.372 2.607 2.841 3.281 1.475 3.184 3.427 3.506 2.439 3.026 3.012
 3.349 2.636 3.247 2.761 3.059 3.214 3.261 3.601 2.951 3.332 3.056 2.78
 1.907 3.536 2.589 2.847 2.049 3.019 3.448 3.005 3.496 3.425 3.205 2.104
 3.031 3.035 3.322 2.762 2.64  4.172 3.133 3.742 3.092 3.717 3.62  3.35
 3.603 3.703 3.389 3.822 3.172 3.168 3.367 3.069 3.088 3.416 3.458 2.99
 3.033 3.493 3.679 3.43  3.028 3.231 3.004 2.339 3.401 1.838 2.358 1.72
 3.325 3.596 3.559 2.773 3.383 3.11  2.427 3.063 2.964 2.83  2.685 3.107
 2.999 3.401 3.233 3.512 3.619 3.51  2.968 3.069 2.873 3.776 2.921 2.437
 3.272 2.44  3.095 2.968 3.518 3.1   2.902 3.514 3.254 3.467 2.698 3.332
 2.902 2.859 2.447 2.121 3.393 3.282 2.924 2.095 3.346 2.864 2.298 3.218
 3.196 2.291 3.396 3.097 2.868 2.401 3.593 3.781 2.862 2.82  3.444 2.744
 3.667 3.012 2.787 2.508 2.432 2.582 2.327 3.011 2.538 3.784 3.393 2.826
 2.981 2.556 3.594 1.963 2.511 2.842 2.581 2.883 3.58  2.997 2.809 3.732
 2.606 3.073 4.331 3.794 3.576 3.603 2.352 3.616 4.146 3.058 4.523 2.973
 3.454 3.543 2.814 3.563 3.909 3.266 3.286 2.902 2.746 2.775 3.944 3.198
 3.551 2.479 3.016 3.052 3.26  3.266 2.606 2.912]
EXP ID=0: Update best model using best_val_criterion in epoch 0
Val results: val loss=0.1569, SROCC=0.4157, KROCC=0.3062, PLCC=0.4951, RMSE=0.8233
Test results: test loss=0.1486, SROCC=0.0655, KROCC=0.0486, PLCC=0.1695, RMSE=0.8569
EXP ID=0: Update best model using best_val_criterion in epoch 3
Val results: val loss=0.1056, SROCC=0.4258, KROCC=0.3123, PLCC=0.5042, RMSE=0.5812
Test results: test loss=0.1253, SROCC=0.0792, KROCC=0.0486, PLCC=0.1812, RMSE=0.6889
EXP ID=0: Update best model using best_val_criterion in epoch 4
Val results: val loss=0.1041, SROCC=0.4286, KROCC=0.3123, PLCC=0.4975, RMSE=0.5926
Test results: test loss=0.1415, SROCC=0.1232, KROCC=0.0782, PLCC=0.1922, RMSE=0.7673
EXP ID=0: Update best model using best_val_criterion in epoch 5
Val results: val loss=0.0907, SROCC=0.4418, KROCC=0.3284, PLCC=0.5071, RMSE=0.5091
Test results: test loss=0.1183, SROCC=0.1456, KROCC=0.0930, PLCC=0.2011, RMSE=0.6396
EXP ID=0: Update best model using best_val_criterion in epoch 6
Val results: val loss=0.0927, SROCC=0.4427, KROCC=0.3284, PLCC=0.5000, RMSE=0.5150
Test results: test loss=0.1198, SROCC=0.1745, KROCC=0.1121, PLCC=0.2125, RMSE=0.6471
EXP ID=0: Update best model using best_val_criterion in epoch 17
Val results: val loss=0.0863, SROCC=0.4476, KROCC=0.3204, PLCC=0.5477, RMSE=0.4632
Test results: test loss=0.0932, SROCC=0.4317, KROCC=0.3044, PLCC=0.4194, RMSE=0.4998
EXP ID=0: Update best model using best_val_criterion in epoch 18
Val results: val loss=0.0858, SROCC=0.4505, KROCC=0.3325, PLCC=0.5611, RMSE=0.4812
Test results: test loss=0.0871, SROCC=0.4344, KROCC=0.3023, PLCC=0.4198, RMSE=0.4661
EXP ID=0: Update best model using best_val_criterion in epoch 19
Val results: val loss=0.0860, SROCC=0.4714, KROCC=0.3386, PLCC=0.5581, RMSE=0.4607
Test results: test loss=0.0931, SROCC=0.4481, KROCC=0.3087, PLCC=0.4394, RMSE=0.5035
EXP ID=0: Update best model using best_val_criterion in epoch 20
Val results: val loss=0.0872, SROCC=0.4864, KROCC=0.3487, PLCC=0.5609, RMSE=0.4660
Test results: test loss=0.0954, SROCC=0.4558, KROCC=0.3129, PLCC=0.4508, RMSE=0.5201
EXP ID=0: Update best model using best_val_criterion in epoch 21
Val results: val loss=0.0868, SROCC=0.4909, KROCC=0.3487, PLCC=0.5652, RMSE=0.4648
Test results: test loss=0.0952, SROCC=0.4606, KROCC=0.3235, PLCC=0.4545, RMSE=0.5205
EXP ID=0: Update best model using best_val_criterion in epoch 22
Val results: val loss=0.0835, SROCC=0.5100, KROCC=0.3669, PLCC=0.5761, RMSE=0.4524
Test results: test loss=0.0905, SROCC=0.4702, KROCC=0.3298, PLCC=0.4602, RMSE=0.4918
EXP ID=0: Update best model using best_val_criterion in epoch 23
Val results: val loss=0.0835, SROCC=0.5168, KROCC=0.3749, PLCC=0.5762, RMSE=0.4525
Test results: test loss=0.0891, SROCC=0.4777, KROCC=0.3383, PLCC=0.4739, RMSE=0.4892
EXP ID=0: Update best model using best_val_criterion in epoch 24
Val results: val loss=0.0845, SROCC=0.5233, KROCC=0.3830, PLCC=0.5813, RMSE=0.4556
Test results: test loss=0.0913, SROCC=0.4905, KROCC=0.3488, PLCC=0.4841, RMSE=0.5049
EXP ID=0: Update best model using best_val_criterion in epoch 25
Val results: val loss=0.0818, SROCC=0.5251, KROCC=0.3810, PLCC=0.5945, RMSE=0.4687
Test results: test loss=0.0831, SROCC=0.4778, KROCC=0.3404, PLCC=0.4764, RMSE=0.4493
EXP ID=0: Update best model using best_val_criterion in epoch 27
Val results: val loss=0.0824, SROCC=0.5319, KROCC=0.3810, PLCC=0.5967, RMSE=0.4473
Test results: test loss=0.0876, SROCC=0.5160, KROCC=0.3615, PLCC=0.5064, RMSE=0.4865
EXP ID=0: Update best model using best_val_criterion in epoch 28
Val results: val loss=0.0799, SROCC=0.5443, KROCC=0.3931, PLCC=0.6076, RMSE=0.4406
Test results: test loss=0.0834, SROCC=0.5208, KROCC=0.3679, PLCC=0.5146, RMSE=0.4591
EXP ID=0: Update best model using best_val_criterion in epoch 29
Val results: val loss=0.0789, SROCC=0.5675, KROCC=0.4032, PLCC=0.6180, RMSE=0.4453
Test results: test loss=0.0810, SROCC=0.5209, KROCC=0.3721, PLCC=0.5187, RMSE=0.4425
EXP ID=0: Update best model using best_val_criterion in epoch 30
Val results: val loss=0.0789, SROCC=0.5757, KROCC=0.4032, PLCC=0.6233, RMSE=0.4507
Test results: test loss=0.0799, SROCC=0.5325, KROCC=0.3805, PLCC=0.5193, RMSE=0.4380
EXP ID=0: Update best model using best_val_criterion in epoch 31
Val results: val loss=0.0785, SROCC=0.5768, KROCC=0.4012, PLCC=0.6193, RMSE=0.4370
Test results: test loss=0.0817, SROCC=0.5191, KROCC=0.3658, PLCC=0.5216, RMSE=0.4528
EXP ID=0: Update best model using best_val_criterion in epoch 32
Val results: val loss=0.0781, SROCC=0.5810, KROCC=0.4113, PLCC=0.6191, RMSE=0.4365
Test results: test loss=0.0823, SROCC=0.5225, KROCC=0.3636, PLCC=0.5190, RMSE=0.4558
EXP ID=0: Update best model using best_val_criterion in epoch 33
Val results: val loss=0.0779, SROCC=0.5817, KROCC=0.4154, PLCC=0.6161, RMSE=0.4376
Test results: test loss=0.0820, SROCC=0.5298, KROCC=0.3679, PLCC=0.5217, RMSE=0.4559
EXP ID=0: Update best model using best_val_criterion in epoch 34
Val results: val loss=0.0782, SROCC=0.5856, KROCC=0.4214, PLCC=0.6166, RMSE=0.4371
Test results: test loss=0.0834, SROCC=0.5297, KROCC=0.3658, PLCC=0.5261, RMSE=0.4680
EXP ID=0: Update best model using best_val_criterion in epoch 36
Val results: val loss=0.0856, SROCC=0.5885, KROCC=0.4234, PLCC=0.6159, RMSE=0.4622
Test results: test loss=0.0932, SROCC=0.5555, KROCC=0.3763, PLCC=0.5298, RMSE=0.5256
EXP ID=0: Update best model using best_val_criterion in epoch 37
Val results: val loss=0.0755, SROCC=0.6055, KROCC=0.4356, PLCC=0.6427, RMSE=0.4307
Test results: test loss=0.0775, SROCC=0.5463, KROCC=0.3890, PLCC=0.5408, RMSE=0.4385
EXP ID=0: Update best model using best_val_criterion in epoch 38
Val results: val loss=0.0751, SROCC=0.6197, KROCC=0.4477, PLCC=0.6520, RMSE=0.4303
Test results: test loss=0.0762, SROCC=0.5486, KROCC=0.3827, PLCC=0.5482, RMSE=0.4315
EXP ID=0: Update best model using best_val_criterion in epoch 39
Val results: val loss=0.0745, SROCC=0.6256, KROCC=0.4538, PLCC=0.6569, RMSE=0.4248
Test results: test loss=0.0763, SROCC=0.5677, KROCC=0.3953, PLCC=0.5551, RMSE=0.4336
EXP ID=0: Update best model using best_val_criterion in epoch 40
Val results: val loss=0.0739, SROCC=0.6404, KROCC=0.4740, PLCC=0.6659, RMSE=0.4262
Test results: test loss=0.0757, SROCC=0.5581, KROCC=0.3911, PLCC=0.5574, RMSE=0.4268
EXP ID=0: Update best model using best_val_criterion in epoch 41
Val results: val loss=0.0730, SROCC=0.6424, KROCC=0.4760, PLCC=0.6746, RMSE=0.4152
Test results: test loss=0.0771, SROCC=0.5601, KROCC=0.3975, PLCC=0.5632, RMSE=0.4328
EXP ID=0: Update best model using best_val_criterion in epoch 44
Val results: val loss=0.0754, SROCC=0.6528, KROCC=0.4780, PLCC=0.6724, RMSE=0.4175
Test results: test loss=0.0819, SROCC=0.5691, KROCC=0.4059, PLCC=0.5557, RMSE=0.4664
EXP ID=0: Update best model using best_val_criterion in epoch 47
Val results: val loss=0.0715, SROCC=0.6585, KROCC=0.4800, PLCC=0.6900, RMSE=0.4091
Test results: test loss=0.0767, SROCC=0.5576, KROCC=0.3953, PLCC=0.5546, RMSE=0.4342
EXP ID=0: Update best model using best_val_criterion in epoch 48
Val results: val loss=0.0720, SROCC=0.6708, KROCC=0.4962, PLCC=0.6946, RMSE=0.4066
Test results: test loss=0.0788, SROCC=0.5645, KROCC=0.3975, PLCC=0.5557, RMSE=0.4496
EXP ID=0: Update best model using best_val_criterion in epoch 52
Val results: val loss=0.0774, SROCC=0.6727, KROCC=0.5023, PLCC=0.6993, RMSE=0.4194
Test results: test loss=0.0837, SROCC=0.5801, KROCC=0.3975, PLCC=0.5766, RMSE=0.4814
EXP ID=0: Update best model using best_val_criterion in epoch 54
Val results: val loss=0.0727, SROCC=0.6778, KROCC=0.5063, PLCC=0.6950, RMSE=0.4062
Test results: test loss=0.0770, SROCC=0.5859, KROCC=0.4165, PLCC=0.5731, RMSE=0.4468
EXP ID=0: Update best model using best_val_criterion in epoch 62
Val results: val loss=0.0713, SROCC=0.6806, KROCC=0.5043, PLCC=0.7054, RMSE=0.4017
Test results: test loss=0.0748, SROCC=0.5889, KROCC=0.4228, PLCC=0.5768, RMSE=0.4408
EXP ID=0: Update best model using best_val_criterion in epoch 66
Val results: val loss=0.0706, SROCC=0.6919, KROCC=0.5144, PLCC=0.7039, RMSE=0.4010
Test results: test loss=0.0738, SROCC=0.5921, KROCC=0.4228, PLCC=0.5766, RMSE=0.4309
EXP ID=0: Update best model using best_val_criterion in epoch 71
Val results: val loss=0.0708, SROCC=0.6942, KROCC=0.5023, PLCC=0.7027, RMSE=0.4039
Test results: test loss=0.0733, SROCC=0.6054, KROCC=0.4334, PLCC=0.5767, RMSE=0.4351
y_pred: [3.62961319 3.31481461 2.94093067 3.42728561 2.66254235 2.83869013
 2.82054418 2.67861056 2.99220541 2.58428038 3.15211191 2.86084195
 2.58465458 3.02349316 2.83303895 2.5055062  3.18121461 3.0411986
 2.96485047 2.95248025 3.23782026 3.24814105 3.18120652 3.18573674
 3.37873321 2.97760486 3.41663539 3.27565046 2.47881742 3.40564844
 2.86562855 2.81570177 2.75449364 2.54439589 2.70516913 2.52149434
 2.49578418 2.92016509 3.39960015 3.52693295 3.24731259 2.41513768
 3.07438589 3.07458835]
y_test [3.652 3.702 2.353 3.552 3.429 3.382 2.751 2.578 3.409 2.427 2.855 2.869
 2.607 2.951 2.049 3.019 3.205 3.031 3.322 3.717 3.603 3.458 3.11  3.063
 2.83  3.401 3.619 3.51  2.437 3.518 3.254 3.346 2.864 2.291 3.444 2.744
 2.432 2.809 2.352 4.523 3.543 2.814 3.944 3.266]
Test results: test loss=0.0733, SROCC=0.6054, KROCC=0.4334, PLCC=0.5767, RMSE=0.4351
